0.000035
0.000164
0.000048
0.000147
0.000227
0.000223
0.000294
0.000436
0.000811
0.001171
0.001321
0.001813
0.002228
0.002675
0.003263
0.003888
0.004624
0.005572
0.006632
0.007821
0.009101
0.010404
0.011977
0.013759
0.015623
0.017682
0.019885
0.022187
0.024692
0.027290
0.030152
0.033037
0.036074
0.039263
0.042442
0.046012
0.049613
0.053240
0.057090
0.060821
0.064724
0.068675
0.072710
0.076786
0.080821
0.084934
0.089057
0.093242
0.097465
0.101697
0.105810
0.109988
0.114086
0.118189
0.122357
0.126618
0.130730
0.134916
0.139068
0.143315
0.147434
0.151643
0.155907
0.160236
0.164596
0.168814
0.173235
0.177550
0.181924
0.186668
0.191221
0.195873
0.200313
0.204921
0.209732
0.214261
0.218967
0.223867
0.228691
0.233588
0.238597
0.243440
0.248289
0.253227
0.258056
0.263097
0.268018
0.272804
0.277680
0.282413
0.287143
0.291986
0.296797
0.301764
0.306388
0.311173
0.315913
0.320499
0.325299
0.329714
0.334343
0.338903
0.343361
0.347945
0.352451
0.356880
0.361313
0.365733
0.370264
0.374601
0.378804
0.383017
0.387313
0.391423
0.395759
0.399954
0.404294
0.408395
0.412527
0.416479
0.420823
0.424949
0.429142
0.433092
0.437220
0.441289
0.445410
0.449407
0.453435
0.457373
0.461515
0.465571
0.469593
0.473518
0.477602
0.481566
0.485485
0.489470
0.493488
0.497487
0.501495
0.505350
0.509137
0.513000
0.516700
0.520431
0.524119
0.527713
0.531316
0.534958
0.538505
0.542030
0.545470
0.548897
0.552392
0.555692
0.558875
0.562028
0.565246
0.568349
0.571454
0.574613
0.577635
0.580959
0.584049
0.587166
0.590130
0.593171
0.596212
0.599386
0.602369
0.605284
0.608196
0.611338
0.614604
0.617792
0.620805
0.623996
0.627015
0.630172
0.633095
0.636345
0.639389
0.642522
0.645434
0.648488
0.651342
0.654475
0.657503
0.660447
0.663268
0.666146
0.668922
0.671862
0.674665
0.677518
0.680440
0.683142
0.685799
0.688506
0.691255
0.693752
0.696404
0.699034
0.701611
0.704208
0.706866
0.709337
0.711876
0.714408
0.716910
0.719496
0.721999
0.724323
0.726640
0.728933
0.731253
0.733577
0.735856
0.738048
0.740177
0.742292
0.744428
0.746443
0.748305
0.750216
0.752108
0.753736
0.755318
0.756962
0.758634
0.760112
0.761503
0.762781
0.764144
0.765523
0.766815
0.767748
0.768789
0.769877
0.770800
0.771779
0.772716
0.773499
0.774399
0.775039
0.775824
0.776657
0.777314
0.777919
0.778596
0.779154
0.779752
0.780397
0.780991
0.781590
0.782337
0.782792
0.783538
0.784117
0.784701
0.785189
0.785791
0.786360
0.786998
0.787576
0.788158
0.788662
0.789244
0.789819
0.790369
0.791023
0.791604
0.792063
0.792589
0.792875
0.793275
0.793762
0.794175
0.794583
0.794963
0.795298
0.795472
0.795783
0.796096
0.796164
0.796161
0.796215
0.796427
0.796353
0.796323
0.796096
0.796045
0.795886
0.795624
0.795412
0.794979
0.794678
0.794134
0.793514
0.792965
0.792483
0.791866
0.791098
0.790434
0.789488
0.788597
0.787654
0.786691
0.785774
0.784746
0.783507
0.782326
0.781189
0.779870
0.778581
0.777195
0.775820
0.774529
0.773212
0.771605
0.770281
0.768684
0.767153
0.765589
0.764177
0.762593
0.761022
0.759266
0.757837
0.756144
0.754510
0.752843
0.751048
0.749344
0.747533
0.745874
0.744228
0.742271
0.740556
0.738727
0.736804
0.734940
0.733091
0.731087
0.729194
0.727157
0.725086
0.723025
0.720941
0.718937
0.716873
0.714598
0.712416
0.710345
0.708223
0.705944
0.703688
0.701444
0.699125
0.696975
0.694640
0.692576
0.690369
0.688118
0.685906
0.683576
0.681177
0.678807
0.676536
0.674085
0.671738
0.669248
0.666783
0.664278
0.661708
0.659126
0.656451
0.653778
0.651125
0.648553
0.645782
0.642819
0.639849
0.636858
0.633976
0.630956
0.627923
0.624716
0.621552
0.618389
0.615170
0.612038
0.608648
0.605357
0.602126
0.598717
0.595511
0.592148
0.588855
0.585341
0.581885
0.578515
0.574967
0.571552
0.568077
0.564619
0.561011
0.557546
0.553890
0.550390
0.546753
0.543027
0.539264
0.535529
0.531843
0.528130
0.524444
0.520516
0.516669
0.512788
0.508867
0.504956
0.501072
0.497176
0.493200
0.489207
0.485247
0.481262
0.477133
0.473110
0.469082
0.465057
0.461020
0.456899
0.452730
0.448618
0.444572
0.440561
0.436511
0.432494
0.428417
0.424380
0.420253
0.415955
0.411881
0.407771
0.403704
0.399582
0.395324
0.391064
0.386662
0.382403
0.378133
0.373842
0.369432
0.365035
0.360686
0.356218
0.351798
0.347340
0.342866
0.338230
0.333599
0.328860
0.324126
0.319496
0.314871
0.310219
0.305471
0.300595
0.295866
0.291020
0.286164
0.281276
0.276431
0.271536
0.266800
0.261868
0.256897
0.252045
0.247180
0.242314
0.237552
0.232793
0.227951
0.223148
0.218335
0.213528
0.208785
0.203879
0.199137
0.194325
0.189645
0.184995
0.180251
0.175449
0.170582
0.166060
0.161480
0.156852
0.152177
0.147393
0.142732
0.137987
0.133277
0.128642
0.124083
0.119344
0.114414
0.109617
0.104695
0.099917
0.095056
0.090197
0.085475
0.080646
0.075709
0.070855
0.066013
0.060967
0.055786
0.050876
0.045647
0.040623
0.035418
0.030515
0.025367
0.020292
0.015208
0.010115
0.004949
-0.000293
-0.005534
-0.010636
-0.015924
-0.021199
-0.026289
-0.031531
-0.036753
-0.041826
-0.047090
-0.052178
-0.057353
-0.062481
-0.067588
-0.072742
-0.077964
-0.083209
-0.088312
-0.093447
-0.098533
-0.103548
-0.108646
-0.113570
-0.118642
-0.123620
-0.128644
-0.133711
-0.138565
-0.143481
-0.148311
-0.153131
-0.157991
-0.162851
-0.167678
-0.172500
-0.177236
-0.181893
-0.186740
-0.191375
-0.196137
-0.200721
-0.205129
-0.209656
-0.214239
-0.218893
-0.223419
-0.227854
-0.232346
-0.236807
-0.241344
-0.245899
-0.250538
-0.254975
-0.259363
-0.263889
-0.268292
-0.272907
-0.277466
-0.282237
-0.286894
-0.291462
-0.296161
-0.300877
-0.305583
-0.310319
-0.315013
-0.319813
-0.324483
-0.329216
-0.334031
-0.338809
-0.343589
-0.348300
-0.353048
-0.357816
-0.362403
-0.367089
-0.371630
-0.376097
-0.380518
-0.384937
-0.389257
-0.393627
-0.397832
-0.402029
-0.406122
-0.410207
-0.414053
-0.418007
-0.421848
-0.425651
-0.429463
-0.433247
-0.436927
-0.440623
-0.444306
-0.447839
-0.451527
-0.455072
-0.458649
-0.462402
-0.465866
-0.469549
-0.473333
-0.477004
-0.480944
-0.484850
-0.488666
-0.492470
-0.496466
-0.500628
-0.504707
-0.508984
-0.513160
-0.517409
-0.521653
-0.525997
-0.530407
-0.535005
-0.539506
-0.543890
-0.548306
-0.552811
-0.557374
-0.561895
-0.566324
-0.570770
-0.575261
-0.579453
-0.583890
-0.588154
-0.592439
-0.596573
-0.600643
-0.604569
-0.608473
-0.612320
-0.615959
-0.619545
-0.623171
-0.626564
-0.629972
-0.633146
-0.636269
-0.639214
-0.642209
-0.645056
-0.647841
-0.650587
-0.653191
-0.655682
-0.658245
-0.660696
-0.663022
-0.665315
-0.667526
-0.669685
-0.671796
-0.674013
-0.676061
-0.678242
-0.680316
-0.682528
-0.684799
-0.686855
-0.689078
-0.691244
-0.693477
-0.695614
-0.697768
-0.699861
-0.702102
-0.704349
-0.706527
-0.708667
-0.711027
-0.713277
-0.715593
-0.717963
-0.720183
-0.722437
-0.724655
-0.726860
-0.729014
-0.731246
-0.733557
-0.735651
-0.737776
-0.739915
-0.742052
-0.744125
-0.746177
-0.748334
-0.750230
-0.752228
-0.754149
-0.755925
-0.757834
-0.759639
-0.761406
-0.763162
-0.765053
-0.766774
-0.768421
-0.770115
-0.771719
-0.773441
-0.774922
-0.776569
-0.778122
-0.779668
-0.781195
-0.782743
-0.784205
-0.785673
-0.787080
-0.788510
-0.789999
-0.791274
-0.792512
-0.793738
-0.795061
-0.796172
-0.797418
-0.798498
-0.799433
-0.800380
-0.801278
-0.802063
-0.802743
-0.803419
-0.803908
-0.804467
-0.804846
-0.805312
-0.805537
-0.805739
-0.805970
-0.806172
-0.806091
-0.805988
-0.805826
-0.805636
-0.805531
-0.805235
-0.804911
-0.804400
-0.804010
-0.803543
-0.803122
-0.802756
-0.802270
-0.801741
-0.801055
-0.800493
-0.799949
-0.799362
-0.798842
-0.798315
-0.797630
-0.797187
-0.796557
-0.795904
-0.795249
-0.794612
-0.793937
-0.793235
-0.792392
-0.791645
-0.791044
-0.790312
-0.789712
-0.788868
-0.788014
-0.787044
-0.786158
-0.785193
-0.784277
-0.783288
-0.782413
-0.781335
-0.780141
-0.779178
-0.778163
-0.777047
-0.775902
-0.774818
-0.773639
-0.772469
-0.771399
-0.770129
-0.768935
-0.767792
-0.766652
-0.765512
-0.764297
-0.763209
-0.762036
-0.760737
-0.759597
-0.758381
-0.757088
-0.755780
-0.754524
-0.753291
-0.751899
-0.750551
-0.749164
-0.747636
-0.746136
-0.744631
-0.743101
-0.741577
-0.740019
-0.738166
-0.736301
-0.734492
-0.732742
-0.730935
-0.728948
-0.726906
-0.724734
-0.722617
-0.720650
-0.718442
-0.716218
-0.713984
-0.711708
-0.709514
-0.707039
-0.704774
-0.702569
-0.700228
-0.697779
-0.695344
-0.692919
-0.690502
-0.688091
-0.685672
-0.683204
-0.680604
-0.678033
-0.675571
-0.673013
-0.670545
-0.668108
-0.665301
-0.662646
-0.659970
-0.657280
-0.654631
-0.651808
-0.648868
-0.646068
-0.643186
-0.640106
-0.637186
-0.634019
-0.630854
-0.627583
-0.624310
-0.621007
-0.617772
-0.614380
-0.611002
-0.607507
-0.603870
-0.600358
-0.596628
-0.593077
-0.589320
-0.585407
-0.581735
-0.578012
-0.574285
-0.570442
-0.566541
-0.562532
-0.558671
-0.554665
-0.550745
-0.546843
-0.542939
-0.538978
-0.535174
-0.531277
-0.527213
-0.523032
-0.518938
-0.515009
-0.511133
-0.507126
-0.503056
-0.499051
-0.494936
-0.490960
-0.486853
-0.482726
-0.478677
-0.474557
-0.470323
-0.466184
-0.462047
-0.457784
-0.453495
-0.449269
-0.444966
-0.440621
-0.436070
-0.431562
-0.427284
-0.422967
-0.418465
-0.413890
-0.409377
-0.404872
-0.400446
-0.395762
-0.391167
-0.386578
-0.381909
-0.377365
-0.372667
-0.368052
-0.363476
-0.358724
-0.353925
-0.349236
-0.344527
-0.339929
-0.335282
-0.330604
-0.325971
-0.321189
-0.316470
-0.311789
-0.307060
-0.302310
-0.297570
-0.292781
-0.288076
-0.283197
-0.278397
-0.273686
-0.268882
-0.264044
-0.258858
-0.253966
-0.249089
-0.244017
-0.239051
-0.234193
-0.229115
-0.224021
-0.218901
-0.213896
-0.208867
-0.203889
-0.198825
-0.193662
-0.188528
-0.183430
-0.178169
-0.172940
-0.167933
-0.162830
-0.157616
-0.152650
-0.147694
-0.142716
-0.137759
-0.132763
-0.127882
-0.123018
-0.118230
-0.113280
-0.108542
-0.103759
-0.098957
-0.094220
-0.089660
-0.084971
-0.080197
-0.075498
-0.070764
-0.066149
-0.061573
-0.057051
-0.052348
-0.047922
-0.043407
-0.038793
-0.034163
-0.029416
-0.024645
-0.020001
-0.015251
-0.010660
-0.005838
-0.001011
0.003674
0.008678
0.013530
0.018418
0.023490
0.028418
0.033544
0.038769
0.043890
0.048903
0.053848
0.059019
0.064306
0.069363
0.074584
0.080015
0.085054
0.090243
0.095526
0.100865
0.106164
0.111539
0.116816
0.122057
0.127243
0.132443
0.137466
0.142588
0.147738
0.152876
0.157927
0.163141
0.168175
0.173256
0.178303
0.183330
0.188203
0.193240
0.198315
0.203148
0.208186
0.213028
0.217901
0.222684
0.227644
0.232391
0.237118
0.241954
0.246708
0.251537
0.256352
0.260902
0.265593
0.270356
0.275094
0.279676
0.284282
0.288899
0.293325
0.298015
0.302492
0.307006
0.311471
0.315929
0.320587
0.324792
0.329183
0.333457
0.337739
0.342013
0.346237
0.350214
0.354294
0.358584
0.362797
0.366880
0.370901
0.374993
0.378891
0.382741
0.386797
0.390766
0.394491
0.398280
0.402108
0.406013
0.409852
0.413697
0.417571
0.421341
0.425200
0.429083
0.433022
0.436951
0.440864
0.444695
0.448682
0.452614
0.456663
0.460740
0.464961
0.469020
0.473142
0.477430
0.481482
0.485761
0.490156
0.494521
0.498876
0.503312
0.507637
0.511940
0.516277
0.520594
0.524895
0.529481
0.533842
0.538227
0.542330
0.546634
0.550926
0.554993
0.559041
0.563109
0.567209
0.571270
0.575122
0.578797
0.582392
0.586132
0.589742
0.593347
0.596916
0.600271
0.603507
0.606748
0.610099
0.613125
0.616109
0.619115
0.622175
0.625088
0.628058
0.631084
0.633807
0.636589
0.639670
0.642416
0.645261
0.647871
0.650675
0.653495
0.656250
0.659100
0.661945
0.664762
0.667336
0.669998
0.672792
0.675569
0.678266
0.680965
0.683585
0.686221
0.688742
0.691308
0.693784
0.696159
0.698729
0.701024
0.703346
0.705560
0.707673
0.709729
0.711866
0.713905
0.715867
0.717779
0.719636
0.721255
0.722942
0.724423
0.726177
0.727874
0.729474
0.731214
0.732832
0.734173
0.735754
0.737325
0.738774
0.740365
0.741980
0.743566
0.745233
0.746814
0.748296
0.749993
0.751583
0.753444
0.755084
0.756935
0.758633
0.760386
0.762140
0.763919
0.765792
0.767427
0.769271
0.770931
0.772418
0.774182
0.775755
0.777485
0.779030
0.780442
0.781866
0.783322
0.784614
0.785848
0.787227
0.788460
0.789559
0.790639
0.791616
0.792680
0.793649
0.794528
0.795532
0.796418
0.797414
0.798235
0.798951
0.799868
0.800666
0.801441
0.802211
0.803027
0.803602
0.804224
0.804916
0.805654
0.806341
0.807043
0.807729
0.808394
0.809015
0.809605
0.810072
0.810378
0.810767
0.811337
0.811655
0.812000
0.812281
0.812467
0.812513
0.812668
0.812633
0.812561
0.812588
0.812455
0.812314
0.811863
0.811533
0.811101
0.810603
0.810112
0.809488
0.808874
0.808008
0.807251
0.806480
0.805647
0.804753
0.803773
0.802832
0.801706
0.800531
0.799388
0.798133
0.796863
0.795694
0.794338
0.792872
0.791532
0.790082
0.788634
0.787195
0.785635
0.784102
0.782535
0.780827
0.779214
0.777405
0.775725
0.773953
0.772088
0.770130
0.768333
0.766522
0.764516
0.762672
0.760684
0.758543
0.756264
0.753994
0.751872
0.749621
0.747401
0.745122
0.742673
0.740290
0.737969
0.735631
0.733285
0.730736
0.728095
0.725522
0.722944
0.720408
0.717603
0.714984
0.712439
0.709626
0.706954
0.704306
0.701767
0.699118
0.696275
0.693649
0.691070
0.688480
0.685821
0.683305
0.680719
0.678043
0.675459
0.672908
0.670334
0.667792
0.665266
0.662759
0.660284
0.657761
0.655209
0.652589
0.649920
0.647444
0.644887
0.642270
0.639744
0.637125
0.634461
0.631754
0.629041
0.626305
0.623541
0.620674
0.617845
0.615060
0.612176
0.609227
0.606086
0.602967
0.599911
0.596730
0.593458
0.590241
0.587175
0.583912
0.580697
0.577197
0.573838
0.570366
0.566854
0.563380
0.559712
0.556100
0.552287
0.548453
0.544530
0.540727
0.536931
0.533007
0.529135
0.525165
0.520956
0.516973
0.512737
0.508495
0.504184
0.499889
0.495621
0.491440
0.487080
0.482828
0.478555
0.474164
0.469670
0.465191
0.460884
0.456557
0.452293
0.447844
0.443549
0.439212
0.434861
0.430655
0.426406
0.422133
0.418119
0.413948
0.409711
0.405590
0.401372
0.397241
0.393205
0.389099
0.384999
0.380946
0.376959
0.372900
0.368745
0.364546
0.360363
0.356166
0.352091
0.347924
0.343640
0.339347
0.335051
0.330735
0.326172
0.321727
0.317002
0.312512
0.307811
0.303012
0.298269
0.293405
0.288468
0.283494
0.278335
0.273302
0.268199
0.262987
0.257576
0.252230
0.246838
0.241335
0.235869
0.230354
0.225044
0.219669
0.214140
0.208610
0.203201
0.197624
0.192070
0.186381
0.180869
0.175388
0.169945
0.164853
0.159518
0.154253
0.149031
0.143802
0.138649
0.133598
0.128630
0.123623
0.118661
0.113866
0.108885
0.104033
0.099363
0.094766
0.090085
0.085426
0.080837
0.076384
0.071963
0.067452
0.062807
0.058396
0.053997
0.049651
0.045151
0.040745
0.036360
0.031895
0.027444
0.022952
0.018541
0.014086
0.009669
0.005106
0.000618
-0.003964
-0.008587
-0.013215
-0.017918
-0.022438
-0.026918
-0.031699
-0.036347
-0.041215
-0.045978
-0.050828
-0.055551
-0.060332
-0.065131
-0.069930
-0.074706
-0.079588
-0.084490
-0.089460
-0.094281
-0.099109
-0.103920
-0.108911
-0.113737
-0.118530
-0.123547
-0.128446
-0.133241
-0.138244
-0.143157
-0.148091
-0.153163
-0.158147
-0.163141
-0.168229
-0.173181
-0.178124
-0.183175
-0.188219
-0.193187
-0.198311
-0.203444
-0.208622
-0.213653
-0.218664
-0.223724
-0.228815
-0.233949
-0.238978
-0.244099
-0.249215
-0.254119
-0.259219
-0.264060
-0.268902
-0.273943
-0.278846
-0.283683
-0.288411
-0.293187
-0.297981
-0.302801
-0.307447
-0.312116
-0.316732
-0.321318
-0.325899
-0.330385
-0.335274
-0.340002
-0.344561
-0.349210
-0.353690
-0.358205
-0.362786
-0.367411
-0.372016
-0.376693
-0.381236
-0.385728
-0.390326
-0.395009
-0.399713
-0.404288
-0.408994
-0.413507
-0.417933
-0.422455
-0.426961
-0.431441
-0.435862
-0.440208
-0.444453
-0.448689
-0.452929
-0.457092
-0.461068
-0.465068
-0.469008
-0.472876
-0.476912
-0.480697
-0.484499
-0.488365
-0.491877
-0.495469
-0.499044
-0.502559
-0.506041
-0.509513
-0.513046
-0.516472
-0.519904
-0.523259
-0.526657
-0.530162
-0.533517
-0.536829
-0.540285
-0.543673
-0.547072
-0.550368
-0.553649
-0.557049
-0.560433
-0.563826
-0.567132
-0.570479
-0.573733
-0.577119
-0.580355
-0.583734
-0.586791
-0.590087
-0.593361
-0.596529
-0.599637
-0.602779
-0.605928
-0.609067
-0.612238
-0.615207
-0.618285
-0.621493
-0.624663
-0.627696
-0.630611
-0.633668
-0.636725
-0.639965
-0.642995
-0.646085
-0.649161
-0.652020
-0.655075
-0.658164
-0.661360
-0.664420
-0.667555
-0.670550
-0.673421
-0.676598
-0.679548
-0.682654
-0.685570
-0.688510
-0.691357
-0.693919
-0.696788
-0.699482
-0.702188
-0.704714
-0.707284
-0.709815
-0.712147
-0.714475
-0.716683
-0.718793
-0.720896
-0.722868
-0.724708
-0.726756
-0.728609
-0.730238
-0.731980
-0.733641
-0.735327
-0.736847
-0.738356
-0.739727
-0.741218
-0.742592
-0.744023
-0.745374
-0.746661
-0.747986
-0.749473
-0.750817
-0.752106
-0.753422
-0.754779
-0.756156
-0.757286
-0.758701
-0.760000
-0.761370
-0.762712
-0.763833
-0.765000
-0.766282
-0.767576
-0.768769
-0.769917
-0.770959
-0.772249
-0.773348
-0.774458
-0.775632
-0.776589
-0.777673
-0.778747
-0.779868
-0.780919
-0.781913
-0.782981
-0.783868
-0.784885
-0.785914
-0.786736
-0.787670
-0.788577
-0.789649
-0.790546
-0.791423
-0.792212
-0.793204
-0.793983
-0.794649
-0.795437
-0.796145
-0.796828
-0.797375
-0.797769
-0.798248
-0.798677
-0.798833
-0.799023
-0.799209
-0.799211
-0.799283
-0.799302
-0.799200
-0.798899
-0.798678
-0.798160
-0.797740
-0.797430
-0.796954
-0.796506
-0.796031
-0.795412
-0.794707
-0.794158
-0.793557
-0.793062
-0.792494
-0.792150
-0.791456
-0.790917
-0.790344
-0.789774
-0.789320
-0.788873
-0.788448
-0.788090
-0.787700
-0.787172
-0.786800
-0.786282
-0.785792
-0.785208
-0.784753
-0.784215
-0.783542
-0.782846
-0.781986
-0.781085
-0.780262
-0.779369
-0.778295
-0.777174
-0.775846
-0.774744
-0.773412
-0.772230
-0.770693
-0.769155
-0.767604
-0.765922
-0.764191
-0.762545
-0.760929
-0.759137
-0.757264
-0.755557
-0.753747
-0.751911
-0.750149
-0.748319
-0.746518
-0.744769
-0.743068
-0.741164
-0.739247
-0.737324
-0.735391
-0.733633
-0.731644
-0.729952
-0.728140
-0.726187
-0.724095
-0.722095
-0.719898
-0.717698
-0.715712
-0.713476
-0.711231
-0.708805
-0.706329
-0.703747
-0.701300
-0.698679
-0.696038
-0.693169
-0.690342
-0.687299
-0.684270
-0.681124
-0.677957
-0.674838
-0.671450
-0.668094
-0.664802
-0.661329
-0.657820
-0.654394
-0.650806
-0.647259
-0.643772
-0.640162
-0.636556
-0.633024
-0.629500
-0.626059
-0.622729
-0.619357
-0.615959
-0.612421
-0.609253
-0.605962
-0.602767
-0.599673
-0.596565
-0.593574
-0.590604
-0.587648
-0.584823
-0.581751
-0.578793
-0.575976
-0.573048
-0.570183
-0.567377
-0.564414
-0.561406
-0.558443
-0.555395
-0.552308
-0.549151
-0.545938
-0.542696
-0.539382
-0.535903
-0.532282
-0.528680
-0.524942
-0.521193
-0.517458
-0.513464
-0.509600
-0.505514
-0.501490
-0.497263
-0.492971
-0.488577
-0.484216
-0.479808
-0.475464
-0.470994
-0.466696
-0.462234
-0.457844
-0.453392
-0.448860
-0.444447
-0.440117
-0.435598
-0.431332
-0.426901
-0.422396
-0.418075
-0.413717
-0.409321
-0.404913
-0.400628
-0.396403
-0.392198
-0.387890
-0.383562
-0.379095
-0.374901
-0.370621
-0.366317
-0.361967
-0.357742
-0.353491
-0.349304
-0.344999
-0.340661
-0.336383
-0.332079
-0.327808
-0.323571
-0.319169
-0.314863
-0.310520
-0.306288
-0.301897
-0.297477
-0.293119
-0.288733
-0.284283
-0.279820
-0.275231
-0.270660
-0.266053
-0.261513
-0.256873
-0.252225
-0.247480
-0.242783
-0.237958
-0.232879
-0.227887
-0.222785
-0.217620
-0.212651
-0.207598
-0.202456
-0.197192
-0.191863
-0.186783
-0.181425
-0.176010
-0.170697
-0.165256
-0.159870
-0.154498
-0.149077
-0.143507
-0.138158
-0.132709
-0.127241
-0.121895
-0.116465
-0.111137
-0.105803
-0.100572
-0.095156
-0.089894
-0.084584
-0.079309
-0.074229
-0.069029
-0.063589
-0.058511
-0.053352
-0.048379
-0.043245
-0.038234
-0.033161
-0.028010
-0.023054
-0.018092
-0.013090
-0.008209
-0.003205
0.001738
0.006612
0.011409
0.016471
0.021291
0.026272
0.031275
0.036143
0.041005
0.045806
0.050722
0.055654
0.060616
0.065735
0.070744
0.075704
0.080675
0.085832
0.090908
0.095811
0.101126
0.106119
0.111285
0.116559
0.121873
0.127149
0.132213
0.137335
0.142740
0.147894
0.153230
0.158608
0.163896
0.169125
0.174240
0.179499
0.184631
0.189722
0.194893
0.199952
0.204967
0.209940
0.214905
0.219705
0.224433
0.229115
0.233885
0.238568
0.243055
0.247711
0.251991
0.256311
0.260632
0.264939
0.269189
0.273360
0.277407
0.281554
0.285573
0.289503
0.293522
0.297470
0.301468
0.305301
0.309167
0.313247
0.317295
0.321265
0.325241
0.329175
0.333115
0.337095
0.341169
0.345308
0.349422
0.353583
0.357801
0.361974
0.366121
0.370332
0.374582
0.378899
0.383327
0.387668
0.391845
0.396163
0.400541
0.404893
0.409121
0.413464
0.417895
0.422360
0.426688
0.431134
0.435263
0.439553
0.443818
0.448074
0.452447
0.456602
0.460695
0.465019
0.469029
0.473042
0.477093
0.481133
0.485101
0.489170
0.493244
0.497192
0.501165
0.504943
0.508969
0.512843
0.516831
0.520489
0.524325
0.528113
0.531938
0.535650
0.539364
0.542950
0.546577
0.550434
0.554121
0.557746
0.561480
0.565120
0.568724
0.572212
0.575662
0.579232
0.582882
0.586483
0.589965
0.593420
0.596999
0.600496
0.603873
0.607226
0.610571
0.613970
0.617435
0.620862
0.624217
0.627383
0.630637
0.633905
0.637128
0.640382
0.643467
0.646507
0.649691
0.652826
0.656097
0.659077
0.661994
0.664840
0.667776
0.670562
0.673365
0.676125
0.678880
0.681463
0.684255
0.686852
0.689578
0.692186
0.694773
0.697311
0.699823
0.702206
0.704684
0.706881
0.709157
0.711699
0.713891
0.716110
0.718220
0.720539
0.722577
0.724612
0.726685
0.728748
0.730924
0.732988
0.734972
0.736765
0.738642
0.740438
0.742162
0.743911
0.745626
0.747302
0.749037
0.750664
0.752035
0.753319
0.754703
0.756275
0.757557
0.758804
0.760231
0.761494
0.762627
0.763635
0.764617
0.765728
0.766698
0.767662
0.768511
0.769343
0.770284
0.771160
0.771990
0.772856
0.773576
0.774173
0.774776
0.775392
0.776055
0.776630
0.777386
0.778109
0.778653
0.779307
0.779905
0.780542
0.781155
0.781726
0.782256
0.782824
0.783426
0.783956
0.784565
0.785137
0.785650
0.786312
0.786907
0.787390
0.787949
0.788463
0.789191
0.789644
0.790323
0.790839
0.791334
0.791871
0.792327
0.792821
0.793318
0.793755
0.794177
0.794547
0.794864
0.795334
0.795639
0.795921
0.796084
0.796210
0.796515
0.796703
0.796954
0.796843
0.796645
0.796551
0.796296
0.796054
0.795827
0.795640
0.795226
0.794672
0.794119
0.793566
0.792893
0.792241
0.791314
0.790353
0.789386
0.788397
0.787169
0.786165
0.784827
0.783609
0.782376
0.781115
0.779574
0.778027
0.776613
0.775044
0.773485
0.771971
0.770313
0.768708
0.767287
0.765723
0.764136
0.762476
0.760847
0.759287
0.757720
0.756193
0.754542
0.752937
0.751399
0.749946
0.748296
0.746817
0.745295
0.743699
0.742008
0.740414
0.738810
0.737078
0.735394
0.733763
0.732001
0.730355
0.728578
0.726695
0.724724
0.722680
0.720788
0.718670
0.716608
0.714443
0.712256
0.710023
0.707798
0.705580
0.703135
0.700790
0.698420
0.695836
0.693392
0.690998
0.688455
0.685873
0.683239
0.680522
0.677897
0.675387
0.672669
0.669855
0.667227
0.664422
0.661639
0.658861
0.655905
0.652976
0.650018
0.647135
0.644231
0.641227
0.638191
0.635098
0.632075
0.628918
0.625620
0.622381
0.619023
0.615742
0.612419
0.609121
0.605676
0.602243
0.598900
0.595506
0.592028
0.588481
0.585042
0.581498
0.577905
0.574422
0.570901
0.567348
0.563770
0.560304
0.556576
0.553090
0.549531
0.545818
0.542225
0.538456
0.534833
0.531277
0.527454
0.523605
0.519804
0.516028
0.512065
0.508273
0.504392
0.500428
0.496542
0.492420
0.488394
0.484348
0.480334
0.476001
0.471794
0.467623
0.463496
0.459352
0.455130
0.450737
0.446525
0.442412
0.438219
0.433912
0.429707
0.425464
0.421303
0.417133
0.413131
0.409017
0.404901
0.400955
0.397007
0.392865
0.388696
0.384663
0.380509
0.376527
0.372568
0.368588
0.364599
0.360451
0.356321
0.352304
0.348125
0.343750
0.339511
0.335241
0.330766
0.326352
0.321874
0.317329
0.312784
0.308110
0.303355
0.298467
0.293699
0.288721
0.283770
0.278872
0.273739
0.268742
0.263610
0.258517
0.253417
0.248441
0.243243
0.238054
0.232891
0.227670
0.222707
0.217547
0.212515
0.207543
0.202583
0.197622
0.192513
0.187635
0.182875
0.178040
0.173351
0.168547
0.163742
0.159119
0.154386
0.149656
0.145077
0.140513
0.136003
0.131402
0.126874
0.122304
0.117522
0.112919
0.108350
0.103552
0.098668
0.094113
0.089365
0.084506
0.079824
0.074899
0.070048
0.064953
0.059853
0.054820
0.049770
0.044569
0.039387
0.034207
0.028888
0.023598
0.018268
0.012901
0.007588
0.002078
-0.003191
-0.008654
-0.013933
-0.019147
-0.024592
-0.029924
-0.035042
-0.040324
-0.045488
-0.050680
-0.055713
-0.060760
-0.065818
-0.070788
-0.075642
-0.080409
-0.084945
-0.089545
-0.094249
-0.098843
-0.103481
-0.107899
-0.112439
-0.116837
-0.121168
-0.125428
-0.129927
-0.134169
-0.138591
-0.142927
-0.147265
-0.151705
-0.156045
-0.160418
-0.165036
-0.169498
-0.173909
-0.178538
-0.183146
-0.187869
-0.192523
-0.197214
-0.202029
-0.206808
-0.211560
-0.216496
-0.221397
-0.226397
-0.231398
-0.236358
-0.241474
-0.246471
-0.251598
-0.256721
-0.261847
-0.267072
-0.272208
-0.277386
-0.282548
-0.287876
-0.293117
-0.298345
-0.303700
-0.308783
-0.314005
-0.319135
-0.324352
-0.329473
-0.334439
-0.339508
-0.344632
-0.349644
-0.354622
-0.359352
-0.364171
-0.368936
-0.373463
-0.377985
-0.382474
-0.386860
-0.391342
-0.395644
-0.399823
-0.403892
-0.407739
-0.411736
-0.415558
-0.419451
-0.423190
-0.426905
-0.430385
-0.434126
-0.437673
-0.441216
-0.444649
-0.447981
-0.451365
-0.454819
-0.458135
-0.461637
-0.465196
-0.468424
-0.471963
-0.475353
-0.478663
-0.482177
-0.485794
-0.489223
-0.492721
-0.496345
-0.499889
-0.503443
-0.507032
-0.510709
-0.514449
-0.518242
-0.521931
-0.525621
-0.529459
-0.533221
-0.537183
-0.541015
-0.544821
-0.548676
-0.552403
-0.556106
-0.559967
-0.563895
-0.567792
-0.571546
-0.575354
-0.579239
-0.583030
-0.586830
-0.590763
-0.594303
-0.597931
-0.601813
-0.605437
-0.609165
-0.612831
-0.616375
-0.619992
-0.623540
-0.627017
-0.630303
-0.633691
-0.637040
-0.640446
-0.643717
-0.646879
-0.650006
-0.653105
-0.656162
-0.659197
-0.662028
-0.664902
-0.667635
-0.670336
-0.673100
-0.675690
-0.678387
-0.680953
-0.683501
-0.685869
-0.688382
-0.690633
-0.693025
-0.695288
-0.697570
-0.699767
-0.702070
-0.704341
-0.706458
-0.708695
-0.710769
-0.712970
-0.715155
-0.717324
-0.719390
-0.721473
-0.723762
-0.725968
-0.728252
-0.730418
-0.732582
-0.734842
-0.736916
-0.739159
-0.741509
-0.743575
-0.745546
-0.747680
-0.749841
-0.751940
-0.754066
-0.756108
-0.757978
-0.759845
-0.761757
-0.763535
-0.765168
-0.766864
-0.768355
-0.769848
-0.771321
-0.772556
-0.773808
-0.775169
-0.776446
-0.777525
-0.778444
-0.779293
-0.780228
-0.781103
-0.781861
-0.782567
-0.783279
-0.783932
-0.784595
-0.785233
-0.785914
-0.786576
-0.787101
-0.787784
-0.788170
-0.788757
-0.789236
-0.789752
-0.790211
-0.790801
-0.791212
-0.791662
-0.792069
-0.792551
-0.792832
-0.793166
-0.793522
-0.793772
-0.794116
-0.794397
-0.794594
-0.794561
-0.794678
-0.794821
-0.794806
-0.794781
-0.794475
-0.794236
-0.794077
-0.793749
-0.793497
-0.793193
-0.792855
-0.792506
-0.792033
-0.791528
-0.791032
-0.790380
-0.789733
-0.789087
-0.788577
-0.787829
-0.787285
-0.786687
-0.785943
-0.785245
-0.784603
-0.783926
-0.783211
-0.782562
-0.781978
-0.781205
-0.780613
-0.779966
-0.779489
-0.778906
-0.778307
-0.777846
-0.777191
-0.776504
-0.776033
-0.775512
-0.774873
-0.774393
-0.773694
-0.773000
-0.772447
-0.771800
-0.771078
-0.770216
-0.769395
-0.768567
-0.767750
-0.766640
-0.765446
-0.764309
-0.763173
-0.761718
-0.760434
-0.758835
-0.757374
-0.755733
-0.753877
-0.752115
-0.750202
-0.748346
-0.746255
-0.744220
-0.742090
-0.739889
-0.737792
-0.735538
-0.733283
-0.730982
-0.728615
-0.726287
-0.723872
-0.721397
-0.719057
-0.716679
-0.714302
-0.712066
-0.709676
-0.707357
-0.704929
-0.702552
-0.700023
-0.697575
-0.695149
-0.692901
-0.690461
-0.688031
-0.685526
-0.683068
-0.680508
-0.677887
-0.675180
-0.672561
-0.669921
-0.667188
-0.664582
-0.661690
-0.659048
-0.656322
-0.653271
-0.650369
-0.647419
-0.644363
-0.641498
-0.638603
-0.635625
-0.632559
-0.629797
-0.626788
-0.623723
-0.620697
-0.617513
-0.614543
-0.611698
-0.608649
-0.605532
-0.602541
-0.599497
-0.596559
-0.593449
-0.590315
-0.587296
-0.584164
-0.580946
-0.577802
-0.574585
-0.571352
-0.568048
-0.564769
-0.561368
-0.557914
-0.554369
-0.551066
-0.547515
-0.543904
-0.540275
-0.536702
-0.533161
-0.529403
-0.525658
-0.521837
-0.518008
-0.513955
-0.509892
-0.506100
-0.502250
-0.498223
-0.494462
-0.490240
-0.486197
-0.482029
-0.478086
-0.474061
-0.469765
-0.465624
-0.461532
-0.457445
-0.453066
-0.448917
-0.444625
-0.440456
-0.435912
-0.431610
-0.427519
-0.423214
-0.419023
-0.414683
-0.410330
-0.405915
-0.401528
-0.397253
-0.392661
-0.388350
-0.384016
-0.379671
-0.375423
-0.371058
-0.366614
-0.362185
-0.357842
-0.353508
-0.349156
-0.344816
-0.340471
-0.335982
-0.331545
-0.327170
-0.322814
-0.318487
-0.314107
-0.309612
-0.305177
-0.300625
-0.296132
-0.291772
-0.287421
-0.282770
-0.278330
-0.273754
-0.269333
-0.264672
-0.259961
-0.255486
-0.250854
-0.246143
-0.241344
-0.236853
-0.232219
-0.227480
-0.222706
-0.218032
-0.213105
-0.208419
-0.203670
-0.198939
-0.194003
-0.189108
-0.184386
-0.179506
-0.174553
-0.169624
-0.164792
-0.159832
-0.154729
-0.149804
-0.144929
-0.139994
-0.134927
-0.129965
-0.124939
-0.119976
-0.114968
-0.110008
-0.105094
-0.099825
-0.094792
-0.089777
-0.084734
-0.079700
-0.074668
-0.069638
-0.064549
-0.059719
-0.054595
-0.049635
-0.044572
-0.039475
-0.034340
-0.029524
-0.024451
-0.019343
-0.014379
-0.009235
-0.004196
0.000988
0.006023
0.011036
0.016014
0.021014
0.026218
0.031176
0.036296
0.041335
0.046590
0.051440
0.056555
0.061657
0.066650
0.071636
0.076513
0.081498
0.086272
0.091326
0.096211
0.101032
0.105908
0.110754
0.115532
0.120337
0.124923
0.129597
0.134308
0.138977
0.143598
0.148157
0.152848
0.157482
0.162137
0.166788
0.171269
0.175853
0.180528
0.185262
0.189863
0.194591
0.199352
0.204161
0.208969
0.213475
0.218229
0.223173
0.227949
0.232658
0.237637
0.242569
0.247497
0.252558
0.257294
0.262328
0.267252
0.272166
0.277189
0.282242
0.287001
0.292011
0.296990
0.301848
0.306558
0.311302
0.316143
0.320959
0.325655
0.330423
0.334979
0.339828
0.344358
0.348890
0.353267
0.357951
0.362305
0.366723
0.371217
0.375588
0.379930
0.384111
0.388493
0.392737
0.396990
0.401326
0.405610
0.409890
0.414127
0.418269
0.422617
0.426894
0.431141
0.435463
0.439703
0.444099
0.448333
0.452603
0.456902
0.461236
0.465548
0.469979
0.474315
0.478635
0.483198
0.487449
0.491726
0.495986
0.500375
0.504723
0.509035
0.513335
0.517688
0.522081
0.526199
0.530402
0.534421
0.538519
0.542661
0.546841
0.550927
0.554894
0.558831
0.562580
0.566545
0.570148
0.573792
0.577455
0.581198
0.584610
0.588057
0.591493
0.594813
0.598048
0.601305
0.604375
0.607520
0.610523
0.613585
0.616492
0.619373
0.622165
0.624958
0.627698
0.630365
0.633164
0.635789
0.638309
0.640825
0.643417
0.645800
0.648106
0.650606
0.653154
0.655528
0.658064
0.660389
0.662624
0.664946
0.667385
0.669708
0.672037
0.674212
0.676530
0.678934
0.681133
0.683426
0.685759
0.687983
0.690330
0.692670
0.694951
0.697170
0.699499
0.701665
0.703898
0.706209
0.708533
0.710904
0.713183
0.715518
0.717826
0.720237
0.722503
0.724855
0.727262
0.729515
0.732041
0.734367
0.736847
0.739173
0.741637
0.743850
0.746296
0.748604
0.750779
0.753165
0.755522
0.757845
0.760001
0.762178
0.764334
0.766455
0.768493
0.770446
0.772394
0.774292
0.776029
0.777802
0.779423
0.780984
0.782610
0.784173
0.785555
0.786865
0.788319
0.789585
0.790684
0.791944
0.792986
0.793906
0.794941
0.795868
0.796639
0.797448
0.798285
0.799182
0.799927
0.800569
0.801289
0.801913
0.802454
0.802864
0.803363
0.803759
0.804202
0.804636
0.805011
0.805423
0.805839
0.806010
0.806148
0.806316
0.806511
0.806653
0.806752
0.806796
0.806691
0.806580
0.806322
0.806170
0.805900
0.805679
0.805232
0.804955
0.804403
0.804109
0.803573
0.802979
0.802423
0.801721
0.801117
0.800292
0.799453
0.798648
0.797921
0.797059
0.796161
0.795416
0.794496
0.793510
0.792566
0.791542
0.790642
0.789787
0.788909
0.787962
0.786867
0.785936
0.784873
0.783876
0.782980
0.781915
0.780896
0.780082
0.779010
0.778125
0.777058
0.776149
0.775079
0.774057
0.772907
0.771806
0.770712
0.769578
0.768489
0.767382
0.766195
0.764995
0.763864
0.762566
0.761255
0.759862
0.758302
0.756989
0.755501
0.753977
0.752369
0.750855
0.749051
0.747167
0.745576
0.743766
0.741842
0.739792
0.737777
0.735686
0.733646
0.731500
0.729277
0.726873
0.724553
0.722298
0.719851
0.717370
0.714811
0.712247
0.709666
0.707062
0.704373
0.701687
0.698932
0.696085
0.693358
0.690659
0.687942
0.685257
0.682532
0.679689
0.676636
0.673799
0.671089
0.668221
0.665415
0.662558
0.659736
0.656847
0.653926
0.650941
0.648052
0.644998
0.642204
0.639246
0.636189
0.633314
0.630455
0.627475
0.624570
0.621374
0.618271
0.615167
0.612060
0.608883
0.605682
0.602402
0.599207
0.596037
0.592767
0.589434
0.586118
0.582759
0.579365
0.575757
0.572375
0.568939
0.565214
0.561663
0.558162
0.554596
0.550883
0.547261
0.543581
0.539746
0.535953
0.532256
0.528487
0.524593
0.520722
0.516840
0.512948
0.509039
0.505170
0.501251
0.497384
0.493465
0.489628
0.485815
0.481955
0.477910
0.474065
0.470149
0.466201
0.462282
0.458469
0.454539
0.450533
0.446631
0.442606
0.438652
0.434524
0.430555
0.426590
0.422645
0.418653
0.414654
0.410494
0.406333
0.402149
0.397804
0.393422
0.389153
0.384654
0.380383
0.375954
0.371423
0.366918
0.362518
0.357891
0.353453
0.348816
0.344200
0.339504
0.334794
0.330279
0.325589
0.320826
0.316283
0.311536
0.306883
0.302293
0.297663
0.293004
0.288446
0.284011
0.279224
0.274540
0.270099
0.265552
0.260936
0.256360
0.251903
0.247304
0.242739
0.238129
0.233611
0.229096
0.224495
0.219889
0.215179
0.210512
0.205811
0.201100
0.196386
0.191566
0.186711
0.181841
0.177084
0.172207
0.167246
0.162296
0.157359
0.152357
0.147262
0.142273
0.137081
0.131861
0.126708
0.121526
0.116373
0.111035
0.105774
0.100548
0.095261
0.090026
0.084708
0.079505
0.074224
0.068926
0.063651
0.058398
0.053129
0.047904
0.042710
0.037536
0.032315
0.027282
0.022246
0.017115
0.011945
0.006987
0.001966
-0.003033
-0.007868
-0.012812
-0.017824
-0.022637
-0.027536
-0.032517
-0.037299
-0.042190
-0.047165
-0.052023
-0.056830
-0.061693
-0.066741
-0.071474
-0.076256
-0.081151
-0.086113
-0.090975
-0.095888
-0.100968
-0.105847
-0.110795
-0.115936
-0.120844
-0.125963
-0.131114
-0.136075
-0.141095
-0.146303
-0.151400
-0.156439
-0.161576
-0.166657
-0.171647
-0.176663
-0.181761
-0.186794
-0.191870
-0.196965
-0.201954
-0.207043
-0.211960
-0.217007
-0.222012
-0.226989
-0.231825
-0.236676
-0.241578
-0.246422
-0.251248
-0.255952
-0.260675
-0.265396
-0.270214
-0.274921
-0.279633
-0.284282
-0.288844
-0.293547
-0.298310
-0.302799
-0.307355
-0.311971
-0.316369
-0.320984
-0.325495
-0.329990
-0.334538
-0.339080
-0.343570
-0.347979
-0.352324
-0.356768
-0.361205
-0.365726
-0.370114
-0.374465
-0.378946
-0.383319
-0.387709
-0.391973
-0.396275
-0.400532
-0.404783
-0.409088
-0.413256
-0.417403
-0.421702
-0.425712
-0.429678
-0.433830
-0.437875
-0.441833
-0.445626
-0.449535
-0.453404
-0.457364
-0.461296
-0.464930
-0.468721
-0.472317
-0.475901
-0.479619
-0.483178
-0.486730
-0.490165
-0.493636
-0.497079
-0.500644
-0.504186
-0.507720
-0.511313
-0.514755
-0.518187
-0.521732
-0.525256
-0.528907
-0.532342
-0.535891
-0.539450
-0.542999
-0.546765
-0.550429
-0.553945
-0.557622
-0.561297
-0.564957
-0.568685
-0.572398
-0.576157
-0.579899
-0.583649
-0.587259
-0.591036
-0.594776
-0.598377
-0.601898
-0.605478
-0.608964
-0.612531
-0.615994
-0.619507
-0.622929
-0.626186
-0.629320
-0.632725
-0.635994
-0.639135
-0.642274
-0.645490
-0.648622
-0.651644
-0.654673
-0.657655
-0.660607
-0.663487
-0.666310
-0.669362
-0.672368
-0.675152
-0.677821
-0.680532
-0.683400
-0.686151
-0.688825
-0.691506
-0.694068
-0.696896
-0.699532
-0.702243
-0.704803
-0.707280
-0.709626
-0.712054
-0.714462
-0.716709
-0.718864
-0.721131
-0.723297
-0.725385
-0.727400
-0.729435
-0.731341
-0.733213
-0.735044
-0.736712
-0.738281
-0.740048
-0.741780
-0.743354
-0.744744
-0.746211
-0.747671
-0.749046
-0.750293
-0.751587
-0.752940
-0.754288
-0.755543
-0.756884
-0.758270
-0.759524
-0.760843
-0.762082
-0.763416
-0.764498
-0.765795
-0.767076
-0.768404
-0.769617
-0.770777
-0.772096
-0.773170
-0.774423
-0.775485
-0.776638
-0.777775
-0.778949
-0.779932
-0.781075
-0.782223
-0.783097
-0.783934
-0.784816
-0.785829
-0.786679
-0.787508
-0.788236
-0.788996
-0.789813
-0.790520
-0.791054
-0.791604
-0.792275
-0.792834
-0.793420
-0.793956
-0.794377
-0.794760
-0.795079
-0.795550
-0.795847
-0.796055
-0.796353
-0.796634
-0.796739
-0.797028
-0.797027
-0.797240
-0.797370
-0.797435
-0.797335
-0.797035
-0.796922
-0.796963
-0.796799
-0.796690
-0.796432
-0.796237
-0.796004
-0.795764
-0.795365
-0.795101
-0.794729
-0.794200
-0.793792
-0.793173
-0.792778
-0.792066
-0.791625
-0.791017
-0.790354
-0.789764
-0.789133
-0.788469
-0.787733
-0.787195
-0.786290
-0.785588
-0.784874
-0.783954
-0.782911
-0.781975
-0.781049
-0.779990
-0.779001
-0.777890
-0.776722
-0.775420
-0.774153
-0.773002
-0.771688
-0.770514
-0.768968
-0.767370
-0.766020
-0.764446
-0.762713
-0.761039
-0.759324
-0.757467
-0.755654
-0.753825
-0.751967
-0.749992
-0.748095
-0.746207
-0.744169
-0.741941
-0.739801
-0.737606
-0.735635
-0.733495
-0.731342
-0.729082
-0.726905
-0.724788
-0.722553
-0.720426
-0.718155
-0.715721
-0.713527
-0.711240
-0.709017
-0.706681
-0.704197
-0.701695
-0.699379
-0.697124
-0.694670
-0.692350
-0.689832
-0.687393
-0.684813
-0.682160
-0.679668
-0.677138
-0.674391
-0.671730
-0.668957
-0.666195
-0.663516
-0.660538
-0.657498
-0.654675
-0.651803
-0.648861
-0.645825
-0.642846
-0.639752
-0.636841
-0.633816
-0.630756
-0.627830
-0.624657
-0.621652
-0.618482
-0.615522
-0.612686
-0.609484
-0.606480
-0.603492
-0.600433
-0.597472
-0.594649
-0.591773
-0.588811
-0.585920
-0.582921
-0.579932
-0.576900
-0.573948
-0.571049
-0.568119
-0.565011
-0.561945
-0.558588
-0.555324
-0.552242
-0.548837
-0.545406
-0.541855
-0.538194
-0.534525
-0.530896
-0.527151
-0.523338
-0.519218
-0.515046
-0.511081
-0.506923
-0.502607
-0.498046
-0.493671
-0.489076
-0.484565
-0.480004
-0.475472
-0.470825
-0.466288
-0.461576
-0.456918
-0.452324
-0.447715
-0.442939
-0.438322
-0.433779
-0.429446
-0.424981
-0.420542
-0.416115
-0.411816
-0.407438
-0.403271
-0.399042
-0.394971
-0.390845
-0.386817
-0.382813
-0.378791
-0.374867
-0.370947
-0.366936
-0.363104
-0.359357
-0.355453
-0.351560
-0.347528
-0.343453
-0.339239
-0.335287
-0.331100
-0.327043
-0.322808
-0.318592
-0.314277
-0.309835
-0.305333
-0.300965
-0.296220
-0.291636
-0.286828
-0.282034
-0.277300
-0.272587
-0.267756
-0.262694
-0.257832
-0.252864
-0.247753
-0.242661
-0.237590
-0.232632
-0.227512
-0.222388
-0.217357
-0.212369
-0.207267
-0.202170
-0.197141
-0.192146
-0.187050
-0.182226
-0.177055
-0.172259
-0.167469
-0.162584
-0.157550
-0.152662
-0.147833
-0.143019
-0.138078
-0.133129
-0.128194
-0.123522
-0.118486
-0.113744
-0.108989
-0.104073
-0.099173
-0.094428
-0.089551
-0.084731
-0.079893
-0.075034
-0.070166
-0.065237
-0.060233
-0.055210
-0.050192
-0.045198
-0.040227
-0.035286
-0.030454
-0.025405
-0.020442
-0.015413
-0.010393
-0.005302
-0.000255
0.004784
0.009757
0.014896
0.019900
0.024906
0.029846
0.034839
0.039943
0.045107
0.050129
0.055063
0.060082
0.065017
0.070109
0.075156
0.080010
0.084892
0.089861
0.094809
0.099878
0.104791
0.109761
0.114634
0.119457
0.124343
0.129207
0.134097
0.138951
0.143954
0.149025
0.153927
0.158690
0.163565
0.168508
0.173456
0.178417
0.183419
0.188267
0.193255
0.198050
0.203009
0.208155
0.213061
0.217948
0.222858
0.227985
0.232852
0.237913
0.242834
0.247802
0.252752
0.257557
0.262520
0.267387
0.272139
0.277011
0.281906
0.286798
0.291630
0.296420
0.301201
0.305976
0.310645
0.315246
0.319878
0.324566
0.329270
0.333729
0.338280
0.342810
0.347412
0.351985
0.356386
0.360671
0.365154
0.369484
0.374049
0.378359
0.382634
0.386963
0.391484
0.395828
0.400049
0.404240
0.408472
0.412766
0.417022
0.421368
0.425595
0.429844
0.434009
0.438189
0.442366
0.446459
0.450699
0.454737
0.458812
0.463043
0.467144
0.471214
0.475173
0.479096
0.483062
0.487012
0.490934
0.494684
0.498506
0.502289
0.505979
0.509630
0.513396
0.516963
0.520588
0.524192
0.527754
0.531275
0.534757
0.538268
0.541816
0.545388
0.548756
0.552160
0.555685
0.559179
0.562625
0.566069
0.569660
0.573261
0.576727
0.580361
0.583875
0.587632
0.591231
0.594920
0.598597
0.601978
0.605555
0.609380
0.612962
0.616677
0.620289
0.623988
0.627638
0.631299
0.634897
0.638429
0.641959
0.645466
0.648898
0.652248
0.655444
0.658634
0.661761
0.664922
0.668166
0.671220
0.674308
0.677103
0.679967
0.682861
0.685526
0.688045
0.690633
0.693193
0.695535
0.698059
0.700503
0.702835
0.705063
0.707220
0.709351
0.711522
0.713683
0.715695
0.717750
0.719712
0.721567
0.723411
0.725166
0.726917
0.728719
0.730261
0.731958
0.733427
0.735019
0.736592
0.738020
0.739415
0.740745
0.742184
0.743500
0.744831
0.746185
0.747381
0.748621
0.749800
0.751092
0.752176
0.753371
0.754779
0.756084
0.757335
0.758636
0.760051
0.761360
0.762690
0.764093
0.765559
0.766839
0.768293
0.769742
0.771278
0.773009
0.774515
0.776093
0.777814
0.779366
0.780999
0.782472
0.784027
0.785478
0.787102
0.788496
0.790004
0.791545
0.793004
0.794371
0.795517
0.796847
0.797838
0.798856
0.799883
0.800786
0.801719
0.802483
0.803157
0.803707
0.804142
0.804458
0.804674
0.805081
0.805080
0.805067
0.805003
0.804728
0.804469
0.804173
0.803799
0.803278
0.802594
0.801888
0.801163
0.800292
0.799373
0.798357
0.797275
0.796201
0.795036
0.793777
0.792516
0.791191
0.789890
0.788633
0.787337
0.786054
0.784667
0.783303
0.781962
0.780663
0.779318
0.778093
0.776790
0.775686
0.774479
0.773297
0.772224
0.770950
0.770043
0.769151
0.768094
0.767189
0.766178
0.765301
0.764455
0.763527
0.762731
0.761987
0.761265
0.760325
0.759416
0.758600
0.757805
0.756849
0.756092
0.755253
0.754313
0.753434
0.752327
0.751491
0.750442
0.749363
0.748321
0.747255
0.746066
0.744717
0.743521
0.742336
0.741053
0.739606
0.738278
0.736730
0.735284
0.733736
0.732207
0.730690
0.729037
0.727386
0.725602
0.723791
0.722052
0.720270
0.718373
0.716554
0.714565
0.712603
0.710613
0.708587
0.706425
0.704320
0.702172
0.699973
0.697707
0.695354
0.692958
0.690521
0.688242
0.685693
0.683264
0.680801
0.678068
0.675477
0.672793
0.669946
0.667129
0.664298
0.661458
0.658526
0.655525
0.652505
0.649219
0.645979
0.642662
0.639484
0.636265
0.632836
0.629515
0.626277
0.622870
0.619334
0.615803
0.612280
0.608887
0.605335
0.601798
0.598436
0.594890
0.591354
0.587964
0.584496
0.581191
0.577702
0.574454
0.571189
0.568001
0.564526
0.561139
0.557884
0.554701
0.551371
0.548178
0.545078
0.541771
0.538460
0.535184
0.531732
0.528399
0.524937
0.521592
0.518182
0.514755
0.511127
0.507461
0.503710
0.500036
0.496153
0.492195
0.488209
0.484255
0.480203
0.476068
0.471832
0.467415
0.463019
0.458709
0.454245
0.449525
0.444912
0.440383
0.435749
0.430995
0.426246
0.421389
0.416694
0.412011
0.407261
0.402387
0.397609
0.392802
0.388037
0.383250
0.378375
0.373572
0.368783
0.364101
0.359580
0.354968
0.350289
0.345698
0.341042
0.336526
0.332059
0.327639
0.323134
0.318623
0.314224
0.309691
0.305271
0.300889
0.296757
0.292359
0.287967
0.283563
0.279185
0.274659
0.270155
0.265732
0.261410
0.257006
0.252411
0.247895
0.243335
0.238611
0.233926
0.229070
0.224138
0.219272
0.214455
0.209502
0.204701
0.199768
0.194885
0.189696
0.184549
0.179255
0.174109
0.169081
0.163888
0.158686
0.153299
0.148057
0.142892
0.137467
0.132293
0.126997
0.121785
0.116467
0.111180
0.105948
0.100772
0.095559
0.090246
0.084973
0.079878
0.074686
0.069482
0.064424
0.059410
0.054344
0.049193
0.044129
0.039040
0.034044
0.029010
0.023998
0.019026
0.014055
0.009097
0.004248
-0.000669
-0.005569
-0.010520
-0.015527
-0.020486
-0.025337
-0.030215
-0.035103
-0.039878
-0.044634
-0.049532
-0.054339
-0.059234
-0.064276
-0.069014
-0.073945
-0.078804
-0.083481
-0.088384
-0.093198
-0.097807
-0.102484
-0.107342
-0.112188
-0.116927
-0.121714
-0.126537
-0.131137
-0.135902
-0.140546
-0.145120
-0.150066
-0.154720
-0.159383
-0.164013
-0.168640
-0.173373
-0.177977
-0.182694
-0.187254
-0.191939
-0.196499
-0.201236
-0.205815
-0.210552
-0.215140
-0.219669
-0.224286
-0.229068
-0.233685
-0.238241
-0.243028
-0.247648
-0.252374
-0.257093
-0.261922
-0.266500
-0.271223
-0.275909
-0.280638
-0.285328
-0.290170
-0.294784
-0.299558
-0.304376
-0.309103
-0.313753
-0.318344
-0.323123
-0.327925
-0.332547
-0.337316
-0.342084
-0.346760
-0.351436
-0.355988
-0.360578
-0.365023
-0.369601
-0.374039
-0.378624
-0.383196
-0.387575
-0.392007
-0.396500
-0.400838
-0.405217
-0.409574
-0.413912
-0.418199
-0.422541
-0.426860
-0.431019
-0.435277
-0.439643
-0.443650
-0.447793
-0.452052
-0.456159
-0.460336
-0.464374
-0.468517
-0.472544
-0.476732
-0.480808
-0.484823
-0.488780
-0.492897
-0.496841
-0.500935
-0.504896
-0.508760
-0.512681
-0.516569
-0.520370
-0.524152
-0.527951
-0.531574
-0.535241
-0.538899
-0.542608
-0.546299
-0.549874
-0.553393
-0.556959
-0.560344
-0.563780
-0.567262
-0.570609
-0.573941
-0.577222
-0.580685
-0.583895
-0.587151
-0.590359
-0.593605
-0.596856
-0.600058
-0.603169
-0.606503
-0.609606
-0.612783
-0.615771
-0.618905
-0.621861
-0.624998
-0.627976
-0.630784
-0.633783
-0.636868
-0.639660
-0.642536
-0.645426
-0.648244
-0.650899
-0.653711
-0.656435
-0.659114
-0.661856
-0.664509
-0.667113
-0.669739
-0.672311
-0.674810
-0.677475
-0.679827
-0.682404
-0.684915
-0.687391
-0.689865
-0.692371
-0.694775
-0.697238
-0.699546
-0.702130
-0.704643
-0.707051
-0.709555
-0.712079
-0.714407
-0.716790
-0.719144
-0.721509
-0.723820
-0.726136
-0.728370
-0.730576
-0.732875
-0.735029
-0.737198
-0.739336
-0.741454
-0.743487
-0.745550
-0.747681
-0.749575
-0.751473
-0.753304
-0.755115
-0.756933
-0.758614
-0.760337
-0.762002
-0.763527
-0.765109
-0.766716
-0.768293
-0.769786
-0.771263
-0.772463
-0.773987
-0.775427
-0.776723
-0.777973
-0.779429
-0.780535
-0.781752
-0.782957
-0.784163
-0.785165
-0.786138
-0.787266
-0.788182
-0.789100
-0.789916
-0.790659
-0.791348
-0.792028
-0.792595
-0.793191
-0.793603
-0.793993
-0.794394
-0.794744
-0.795003
-0.795348
-0.795506
-0.795609
-0.795575
-0.795533
-0.795382
-0.795187
-0.794971
-0.794868
-0.794727
-0.794568
-0.794343
-0.794017
-0.793648
-0.793240
-0.793083
-0.792574
-0.792381
-0.791928
-0.791639
-0.791295
-0.791096
-0.790777
-0.790242
-0.789957
-0.789671
-0.789365
-0.789181
-0.788774
-0.788400
-0.788186
-0.787782
-0.787457
-0.787124
-0.786752
-0.786460
-0.786067
-0.785678
-0.785306
-0.784968
-0.784658
-0.784305
-0.783887
-0.783316
-0.782900
-0.782402
-0.781839
-0.781256
-0.780588
-0.779964
-0.779208
-0.778301
-0.777454
-0.776629
-0.775784
-0.774989
-0.773980
-0.772918
-0.771973
-0.771038
-0.769814
-0.768485
-0.767128
-0.765842
-0.764281
-0.762804
-0.761328
-0.759824
-0.758275
-0.756646
-0.755050
-0.753312
-0.751462
-0.749514
-0.747643
-0.745809
-0.743840
-0.741988
-0.739933
-0.737861
-0.735888
-0.733600
-0.731583
-0.729463
-0.727249
-0.724785
-0.722452
-0.720377
-0.718042
-0.715609
-0.713245
-0.710728
-0.708226
-0.705715
-0.703071
-0.700622
-0.698011
-0.695261
-0.692558
-0.689850
-0.687021
-0.684205
-0.681579
-0.678600
-0.675639
-0.672742
-0.669779
-0.666854
-0.663804
-0.660889
-0.657893
-0.654814
-0.651816
-0.648805
-0.645611
-0.642681
-0.639725
-0.636618
-0.633498
-0.630267
-0.627224
-0.624237
-0.621074
-0.617774
-0.614693
-0.611629
-0.608553
-0.605270
-0.602143
-0.599033
-0.595911
-0.592623
-0.589488
-0.586400
-0.583024
-0.579740
-0.576577
-0.573342
-0.570004
-0.566686
-0.563386
-0.559889
-0.556661
-0.553294
-0.549872
-0.546597
-0.543231
-0.539734
-0.536286
-0.532971
-0.529629
-0.526096
-0.522668
-0.519268
-0.515547
-0.512036
-0.508532
-0.505005
-0.501364
-0.497627
-0.493899
-0.490269
-0.486559
-0.482706
-0.479020
-0.475333
-0.471408
-0.467441
-0.463552
-0.459414
-0.455346
-0.451251
-0.447056
-0.442720
-0.438384
-0.434186
-0.429862
-0.425448
-0.421030
-0.416509
-0.411789
-0.407313
-0.402610
-0.397960
-0.393141
-0.388307
-0.383449
-0.378790
-0.373873
-0.368960
-0.364026
-0.359145
-0.354252
-0.349242
-0.344067
-0.339188
-0.334030
-0.329019
-0.324147
-0.319273
-0.314190
-0.309270
-0.304309
-0.299328
-0.294500
-0.289741
-0.284871
-0.279935
-0.275241
-0.270573
-0.265808
-0.261208
-0.256601
-0.251947
-0.247321
-0.242731
-0.238088
-0.233496
-0.229135
-0.224716
-0.220303
-0.215827
-0.211251
-0.206754
-0.202299
-0.197962
-0.193526
-0.189073
-0.184749
-0.180063
-0.175389
-0.170892
-0.166285
-0.161632
-0.157039
-0.152350
-0.147697
-0.143011
-0.138344
-0.133441
-0.128613
-0.123711
-0.118952
-0.114083
-0.109305
-0.104327
-0.099327
-0.094322
-0.089343
-0.084222
-0.079185
-0.073958
-0.068886
-0.063628
-0.058484
-0.053347
-0.048074
-0.042912
-0.037908
-0.032567
-0.027332
-0.021972
-0.016686
-0.011382
-0.006169
-0.000964
0.004409
0.009685
0.014948
0.020205
0.025492
0.030687
0.036003
0.041328
0.046376
0.051546
0.056806
0.061910
0.067066
0.072220
0.077194
0.082231
0.087270
0.092251
0.097364
0.102274
0.107043
0.111798
0.116604
0.121513
0.126459
0.131152
0.136119
0.140812
0.145470
0.150201
0.154801
0.159361
0.164104
0.168812
0.173483
0.178212
0.183073
0.187546
0.192278
0.196904
0.201616
0.206402
0.211333
0.216134
0.220953
0.225894
0.230707
0.235499
0.240335
0.245175
0.250056
0.254821
0.259689
0.264559
0.269342
0.274203
0.279114
0.283823
0.288590
0.293265
0.297994
0.302763
0.307571
0.312297
0.316755
0.321298
0.325893
0.330428
0.334819
0.339161
0.343582
0.347925
0.352436
0.356794
0.360983
0.365215
0.369492
0.373825
0.378121
0.382338
0.386558
0.390842
0.395140
0.399320
0.403529
0.407772
0.412073
0.416296
0.420426
0.424813
0.429009
0.433278
0.437527
0.441853
0.446268
0.450583
0.454738
0.458925
0.463173
0.467327
0.471406
0.475726
0.479930
0.484100
0.488402
0.492623
0.496646
0.500736
0.504601
0.508552
0.512454
0.516292
0.520462
0.524358
0.528203
0.532042
0.535869
0.539574
0.543376
0.547187
0.550921
0.554585
0.558221
0.561882
0.565534
0.568965
0.572387
0.575933
0.579240
0.582663
0.586081
0.589355
0.592666
0.595926
0.599042
0.602132
0.605179
0.608239
0.611286
0.614450
0.617382
0.620234
0.623160
0.625958
0.628700
0.631440
0.634119
0.636927
0.639730
0.642465
0.645025
0.647676
0.650402
0.652982
0.655627
0.658169
0.660800
0.663308
0.665786
0.668227
0.670774
0.673402
0.675801
0.678323
0.680826
0.683329
0.685762
0.688209
0.690523
0.692759
0.695145
0.697386
0.699857
0.702045
0.704339
0.706743
0.708742
0.710844
0.712944
0.714985
0.717042
0.719231
0.721258
0.723149
0.725102
0.727167
0.729075
0.731071
0.732931
0.734982
0.736915
0.738712
0.740703
0.742629
0.744329
0.746202
0.748054
0.749980
0.751793
0.753619
0.755280
0.757144
0.759016
0.760621
0.762470
0.764040
0.765542
0.767163
0.768809
0.770422
0.771849
0.773216
0.774421
0.775707
0.776948
0.778174
0.779221
0.780146
0.781173
0.782061
0.782915
0.783635
0.784382
0.785055
0.785724
0.786227
0.786780
0.787208
0.787640
0.787873
0.788238
0.788601
0.788882
0.789245
0.789388
0.789677
0.789785
0.790086
0.790339
0.790548
0.790735
0.790970
0.791265
0.791625
0.791696
0.791794
0.792133
0.792546
0.792776
0.793087
0.793524
0.793718
0.793991
0.794180
0.794369
0.794667
0.794894
0.795179
0.795460
0.795580
0.795753
0.795856
0.796021
0.796024
0.796197
0.796020
0.795890
0.795840
0.795574
0.795409
0.795208
0.794891
0.794444
0.793900
0.793395
0.792886
0.792270
0.791454
0.790601
0.789595
0.788612
0.787762
0.786621
0.785538
0.784268
0.782898
0.781478
0.780055
0.778470
0.776864
0.775252
0.773522
0.771741
0.770077
0.768190
0.766253
0.764435
0.762500
0.760429
0.758436
0.756373
0.754148
0.752011
0.749743
0.747616
0.745631
0.743490
0.741468
0.739540
0.737617
0.735450
0.733250
0.731165
0.729052
0.726785
0.724683
0.722601
0.720592
0.718646
0.716668
0.714500
0.712320
0.710216
0.708096
0.705954
0.703775
0.701590
0.699592
0.697339
0.695225
0.692862
0.690519
0.688202
0.685697
0.683300
0.680722
0.678240
0.675656
0.672954
0.670097
0.667314
0.664591
0.661854
0.659002
0.656032
0.653051
0.650009
0.646850
0.643627
0.640526
0.637427
0.634213
0.631071
0.627855
0.624504
0.621216
0.617910
0.614602
0.611247
0.607841
0.604431
0.601044
0.597783
0.594446
0.591138
0.587893
0.584686
0.581441
0.578052
0.574566
0.571304
0.567807
0.564640
0.561160
0.557819
0.554493
0.551094
0.547776
0.544525
0.541274
0.537977
0.534327
0.530741
0.527168
0.523738
0.520208
0.516681
0.513114
0.509473
0.505858
0.502211
0.498350
0.494580
0.490711
0.487001
0.483219
0.479285
0.475521
0.471532
0.467574
0.463600
0.459726
0.455759
0.451908
0.447864
0.443920
0.439923
0.435996
0.432154
0.428074
0.424237
0.420288
0.416409
0.412511
0.408599
0.404686
0.400648
0.396792
0.392907
0.388881
0.384916
0.380816
0.376897
0.372979
0.368845
0.364631
0.360567
0.356277
0.351996
0.347621
0.343088
0.338714
0.334333
0.329914
0.325284
0.320620
0.315610
0.310862
0.306030
0.301081
0.296274
0.291057
0.285913
0.280680
0.275393
0.270381
0.265269
0.259876
0.254584
0.249141
0.243848
0.238457
0.233050
0.227764
0.222406
0.217091
0.211892
0.206624
0.201339
0.196152
0.191062
0.185824
0.180727
0.175813
0.170828
0.165775
0.160850
0.155907
0.151070
0.146271
0.141484
0.136741
0.132143
0.127532
0.122897
0.118268
0.113745
0.109029
0.104359
0.099811
0.095318
0.090620
0.085915
0.081330
0.076610
0.071975
0.067177
0.062277
0.057570
0.052800
0.047848
0.042887
0.037971
0.033042
0.028007
0.022809
0.017563
0.012383
0.007093
0.001839
-0.003353
-0.008634
-0.014042
-0.019409
-0.024910
-0.030120
-0.035601
-0.041041
-0.046343
-0.051729
-0.057296
-0.062553
-0.068058
-0.073328
-0.078580
-0.083745
-0.088873
-0.094160
-0.099382
-0.104390
-0.109361
-0.114339
-0.119200
-0.124241
-0.129253
-0.133979
-0.138788
-0.143506
-0.148330
-0.153116
-0.157739
-0.162278
-0.166642
-0.171193
-0.175599
-0.180088
-0.184701
-0.189249
-0.193829
-0.198276
-0.202857
-0.207097
-0.211669
-0.216193
-0.220774
-0.225279
-0.229651
-0.234081
-0.238648
-0.243249
-0.247738
-0.252325
-0.257041
-0.261632
-0.266367
-0.270851
-0.275514
-0.280216
-0.284784
-0.289343
-0.293921
-0.298586
-0.303169
-0.307759
-0.312387
-0.317025
-0.321468
-0.326073
-0.330552
-0.335017
-0.339444
-0.343825
-0.348270
-0.352679
-0.356934
-0.361233
-0.365159
-0.369271
-0.373536
-0.377799
-0.381902
-0.385919
-0.389958
-0.393929
-0.398028
-0.401940
-0.406024
-0.409993
-0.413959
-0.418044
-0.422005
-0.426023
-0.430083
-0.434084
-0.438137
-0.442228
-0.446491
-0.450619
-0.454790
-0.458987
-0.463387
-0.467661
-0.472031
-0.476365
-0.480771
-0.485379
-0.489601
-0.494079
-0.498532
-0.503008
-0.507706
-0.512314
-0.516722
-0.521082
-0.525669
-0.529971
-0.534335
-0.538721
-0.542933
-0.547328
-0.551655
-0.555793
-0.560032
-0.564124
-0.568068
-0.572041
-0.576008
-0.579852
-0.583689
-0.587348
-0.591055
-0.594482
-0.598175
-0.601717
-0.605117
-0.608527
-0.611899
-0.615130
-0.618367
-0.621621
-0.624940
-0.628062
-0.631090
-0.633935
-0.636930
-0.639918
-0.642860
-0.645787
-0.648681
-0.651523
-0.654225
-0.656970
-0.659695
-0.662331
-0.664940
-0.667479
-0.669975
-0.672315
-0.674822
-0.677229
-0.679561
-0.681978
-0.684383
-0.686639
-0.688698
-0.690791
-0.692932
-0.695110
-0.697123
-0.699081
-0.701379
-0.703351
-0.705187
-0.707184
-0.709065
-0.710991
-0.713062
-0.715039
-0.716873
-0.718943
-0.720869
-0.722791
-0.724814
-0.726742
-0.728594
-0.730601
-0.732390
-0.734469
-0.736466
-0.738532
-0.740475
-0.742447
-0.744263
-0.746212
-0.748089
-0.750148
-0.751866
-0.753794
-0.755641
-0.757583
-0.759248
-0.760864
-0.762500
-0.764012
-0.765563
-0.767216
-0.768786
-0.770343
-0.771688
-0.773058
-0.774281
-0.775641
-0.776842
-0.778126
-0.779355
-0.780371
-0.781293
-0.782269
-0.783257
-0.784260
-0.785061
-0.786167
-0.787098
-0.788016
-0.788866
-0.789711
-0.790506
-0.791390
-0.792165
-0.793035
-0.793856
-0.794579
-0.795432
-0.796238
-0.796880
-0.797760
-0.798636
-0.799424
-0.800191
-0.800941
-0.801515
-0.802206
-0.803008
-0.803454
-0.804099
-0.804691
-0.805140
-0.805709
-0.806065
-0.806387
-0.806782
-0.806830
-0.806983
-0.807103
-0.807050
-0.806918
-0.806746
-0.806495
-0.806361
-0.805830
-0.805377
-0.804777
-0.804015
-0.803106
-0.802593
-0.801948
-0.801108
-0.800313
-0.799311
-0.798202
-0.797146
-0.795954
-0.794992
-0.793887
-0.792834
-0.791701
-0.790583
-0.789468
-0.788348
-0.787258
-0.786244
-0.785345
-0.784294
-0.783386
-0.782427
-0.781307
-0.780275
-0.779293
-0.778269
-0.777185
-0.776236
-0.775285
-0.774383
-0.773255
-0.772097
-0.770950
-0.769792
-0.768664
-0.767271
-0.765875
-0.764540
-0.763090
-0.761531
-0.759906
-0.758358
-0.756582
-0.754581
-0.752823
-0.750892
-0.748880
-0.746747
-0.744393
-0.742338
-0.740061
-0.737758
-0.735422
-0.732991
-0.730449
-0.728056
-0.725674
-0.723242
-0.720725
-0.717991
-0.715551
-0.712979
-0.710399
-0.707942
-0.705453
-0.702754
-0.700098
-0.697442
-0.694819
-0.692283
-0.689735
-0.687062
-0.684574
-0.681951
-0.679268
-0.676593
-0.673798
-0.671184
-0.668267
-0.665515
-0.662738
-0.659974
-0.656926
-0.654130
-0.651224
-0.648176
-0.645249
-0.642248
-0.639194
-0.636215
-0.633169
-0.629949
-0.626745
-0.623471
-0.620468
-0.617327
-0.614211
-0.610950
-0.607758
-0.604773
-0.601560
-0.598448
-0.595271
-0.592106
-0.589003
-0.585725
-0.582577
-0.579564
-0.576535
-0.573392
-0.570310
-0.567431
-0.564398
-0.561233
-0.558314
-0.555124
-0.552130
-0.549186
-0.546146
-0.542932
-0.539835
-0.536679
-0.533481
-0.530352
-0.527024
-0.523765
-0.520460
-0.517031
-0.513693
-0.510237
-0.506770
-0.503238
-0.499585
-0.495940
-0.492120
-0.488321
-0.484472
-0.480336
-0.476445
-0.472349
-0.468332
-0.464203
-0.459956
-0.455702
-0.451372
-0.446815
-0.442350
-0.437698
-0.433031
-0.428444
-0.423521
-0.418700
-0.413849
-0.408898
-0.403952
-0.399013
-0.393918
-0.388937
-0.383789
-0.378547
-0.373417
-0.368326
-0.363104
-0.357965
-0.352880
-0.347736
-0.342762
-0.337533
-0.332450
-0.327444
-0.322514
-0.317632
-0.312685
-0.307827
-0.303123
-0.298187
-0.293519
-0.288920
-0.284176
-0.279825
-0.275263
-0.270697
-0.266084
-0.261730
-0.257091
-0.252645
-0.248191
-0.243640
-0.239130
-0.234660
-0.230187
-0.225707
-0.220906
-0.216154
-0.211418
-0.206662
-0.201793
-0.196878
-0.192001
-0.187226
-0.182213
-0.177414
-0.172329
-0.167322
-0.162219
-0.157009
-0.151957
-0.146669
-0.141647
-0.136541
-0.131398
-0.126327
-0.121142
-0.116080
-0.111218
-0.106087
-0.100917
-0.095936
-0.090979
-0.085908
-0.080970
-0.076090
-0.070997
-0.066154
-0.061197
-0.056266
-0.051362
-0.046257
-0.041327
-0.036268
-0.031074
-0.026288
-0.021227
-0.016380
-0.011320
-0.006303
-0.001215
0.003828
0.008925
0.013811
0.018877
0.023947
0.029065
0.034193
0.039094
0.044258
0.049180
0.054338
0.059193
0.064251
0.069284
0.074252
0.079196
0.084222
0.089254
0.094295
0.099140
0.104142
0.109060
0.113887
0.118777
0.123733
0.128649
0.133824
0.138862
0.143977
0.148979
0.154058
0.159049
0.164097
0.169001
0.173988
0.179233
0.184151
0.189156
0.194198
0.199127
0.204230
0.209336
0.214324
0.219190
0.224250
0.229090
0.233839
0.238674
0.243585
0.248340
0.253028
0.257720
0.262381
0.267063
0.271580
0.276265
0.280697
0.285145
0.289685
0.293997
0.298541
0.303010
0.307398
0.311691
0.315973
0.320437
0.324855
0.329175
0.333415
0.337539
0.341936
0.346412
0.350639
0.355031
0.359286
0.363649
0.367863
0.372118
0.376285
0.380488
0.384739
0.389001
0.393332
0.397640
0.401861
0.406190
0.410620
0.414888
0.419134
0.423361
0.427564
0.431660
0.435821
0.440133
0.444313
0.448628
0.452881
0.457249
0.461427
0.465683
0.469979
0.474204
0.478375
0.482614
0.486657
0.490814
0.494848
0.498952
0.503000
0.507178
0.511380
0.515482
0.519528
0.523446
0.527466
0.531371
0.535285
0.539032
0.542874
0.546677
0.550424
0.554119
0.557697
0.561497
0.565174
0.568715
0.572267
0.575770
0.579302
0.582642
0.586045
0.589197
0.592661
0.596041
0.599263
0.602446
0.605403
0.608442
0.611559
0.614638
0.617653
0.620626
0.623617
0.626612
0.629627
0.632406
0.635273
0.638088
0.640830
0.643555
0.646286
0.649045
0.651840
0.654684
0.657426
0.660222
0.662929
0.665570
0.668289
0.671006
0.673734
0.676387
0.679044
0.681585
0.684241
0.686839
0.689596
0.692122
0.694779
0.697399
0.699935
0.702435
0.704830
0.707262
0.709498
0.711742
0.714016
0.716247
0.718458
0.720727
0.722846
0.725019
0.727054
0.729088
0.731123
0.732926
0.734896
0.736730
0.738517
0.740277
0.742071
0.743862
0.745621
0.747381
0.749259
0.751036
0.752776
0.754599
0.756258
0.758021
0.759963
0.761686
0.763420
0.765239
0.767012
0.768793
0.770471
0.772101
0.773614
0.775257
0.776686
0.778173
0.779682
0.781038
0.782326
0.783506
0.784573
0.785543
0.786532
0.787432
0.788240
0.789036
0.789680
0.790153
0.790618
0.791128
0.791460
0.791796
0.791931
0.792054
0.792081
0.792262
0.792225
0.792128
0.792231
0.792298
0.792435
0.792525
0.792612
0.792724
0.792896
0.793100
0.793156
0.793315
0.793424
0.793604
0.793806
0.793971
0.794134
0.794577
0.794892
0.795207
0.795424
0.795688
0.795952
0.796216
0.796416
0.796626
0.796705
0.797004
0.796967
0.796930
0.796986
0.796893
0.796601
0.796443
0.796080
0.795638
0.795221
0.794581
0.794020
0.793393
0.792534
0.791745
0.790881
0.789911
0.788788
0.787884
0.786764
0.785730
0.784522
0.783369
0.782073
0.780811
0.779394
0.777927
0.776467
0.774977
0.773423
0.771679
0.770160
0.768504
0.766870
0.765317
0.763587
0.761840
0.760239
0.758578
0.756643
0.754758
0.752867
0.750969
0.749039
0.747122
0.745043
0.743055
0.741087
0.739029
0.737018
0.734807
0.732603
0.730371
0.728252
0.726046
0.723749
0.721424
0.719215
0.716888
0.714574
0.712235
0.709891
0.707583
0.705205
0.702797
0.700444
0.698167
0.695714
0.693205
0.690835
0.688407
0.686001
0.683430
0.680931
0.678420
0.675995
0.673611
0.671321
0.668837
0.666440
0.664020
0.661513
0.658944
0.656479
0.653924
0.651451
0.648931
0.646254
0.643810
0.641380
0.638781
0.636225
0.633614
0.630954
0.628418
0.625831
0.623227
0.620727
0.617964
0.615304
0.612417
0.609612
0.606823
0.604159
0.601314
0.598368
0.595447
0.592700
0.589627
0.586579
0.583314
0.580216
0.576995
0.573728
0.570500
0.567294
0.563940
0.560488
0.556941
0.553536
0.550019
0.546403
0.542834
0.539244
0.535538
0.531911
0.528053
0.524264
0.520541
0.516745
0.512818
0.508958
0.505164
0.501379
0.497421
0.493370
0.489556
0.485562
0.481678
0.477673
0.473437
0.469405
0.465382
0.461190
0.457011
0.453071
0.448934
0.444778
0.440719
0.436567
0.432369
0.428256
0.424024
0.419744
0.415510
0.411303
0.407060
0.403009
0.398735
0.394491
0.390282
0.385954
0.381760
0.377464
0.373367
0.369167
0.364821
0.360439
0.356119
0.351921
0.347579
0.343080
0.338630
0.334154
0.329722
0.325066
0.320545
0.316007
0.311267
0.306495
0.301647
0.296828
0.291954
0.287036
0.282042
0.276944
0.271871
0.266796
0.261694
0.256612
0.251487
0.246279
0.241025
0.235770
0.230520
0.225304
0.220194
0.215052
0.209991
0.205090
0.200033
0.195072
0.190017
0.184951
0.180170
0.175384
0.170619
0.165947
0.161397
0.156645
0.151971
0.147435
0.142670
0.138244
0.133706
0.129159
0.124513
0.120041
0.115631
0.111182
0.106783
0.102102
0.097638
0.092961
0.088356
0.083749
0.079089
0.074406
0.069774
0.065023
0.060234
0.055400
0.050644
0.045726
0.040807
0.035836
0.030986
0.025977
0.021069
0.016105
0.010904
0.005715
0.000806
-0.004365
-0.009490
-0.014529
-0.019638
-0.024733
-0.029899
-0.034936
-0.040103
-0.045236
-0.050444
-0.055667
-0.060704
-0.065769
-0.070918
-0.075917
-0.081100
-0.086054
-0.091180
-0.096243
-0.101286
-0.106365
-0.111364
-0.116462
-0.121390
-0.126211
-0.131191
-0.136213
-0.141310
-0.146282
-0.151250
-0.156281
-0.161171
-0.166239
-0.171182
-0.176219
-0.181157
-0.186095
-0.191080
-0.195985
-0.201032
-0.206086
-0.211141
-0.216059
-0.221161
-0.226077
-0.231182
-0.236239
-0.241210
-0.246024
-0.251118
-0.256116
-0.261052
-0.265890
-0.270680
-0.275581
-0.280458
-0.285210
-0.289958
-0.294748
-0.299570
-0.304270
-0.308855
-0.313402
-0.318088
-0.322546
-0.326945
-0.331540
-0.335977
-0.340612
-0.344950
-0.349402
-0.353743
-0.358214
-0.362433
-0.366829
-0.371235
-0.375600
-0.379878
-0.384102
-0.388236
-0.392620
-0.396978
-0.401282
-0.405652
-0.409933
-0.414219
-0.418404
-0.422568
-0.426906
-0.431106
-0.435347
-0.439544
-0.443799
-0.447994
-0.452104
-0.456263
-0.460393
-0.464518
-0.468727
-0.472844
-0.476920
-0.480939
-0.485154
-0.489211
-0.493229
-0.497325
-0.501433
-0.505308
-0.509207
-0.513191
-0.517112
-0.521173
-0.525174
-0.529036
-0.533016
-0.536816
-0.540583
-0.544591
-0.548461
-0.552278
-0.556188
-0.559978
-0.563603
-0.567337
-0.570962
-0.574691
-0.578251
-0.581970
-0.585603
-0.589145
-0.592620
-0.596138
-0.599559
-0.602909
-0.606307
-0.609649
-0.612803
-0.616122
-0.619209
-0.622320
-0.625487
-0.628595
-0.631711
-0.634680
-0.637551
-0.640336
-0.643269
-0.646100
-0.648770
-0.651506
-0.654170
-0.656810
-0.659291
-0.661962
-0.664538
-0.666943
-0.669388
-0.671889
-0.674219
-0.676519
-0.678975
-0.681221
-0.683457
-0.685790
-0.688009
-0.690209
-0.692386
-0.694557
-0.696885
-0.699039
-0.701180
-0.703425
-0.705782
-0.708000
-0.710209
-0.712363
-0.714579
-0.716830
-0.719130
-0.721606
-0.723997
-0.726340
-0.728602
-0.730834
-0.733128
-0.735494
-0.737899
-0.740092
-0.742433
-0.744665
-0.747021
-0.748962
-0.751056
-0.753164
-0.755167
-0.757098
-0.758919
-0.760853
-0.762445
-0.764156
-0.765857
-0.767351
-0.768782
-0.770100
-0.771190
-0.772350
-0.773420
-0.774584
-0.775501
-0.776416
-0.777118
-0.777687
-0.778456
-0.779089
-0.779719
-0.780369
-0.780943
-0.781377
-0.781935
-0.782446
-0.782718
-0.783153
-0.783606
-0.784162
-0.784570
-0.785038
-0.785709
-0.786248
-0.786889
-0.787508
-0.788030
-0.788641
-0.789236
-0.789963
-0.790688
-0.791489
-0.792148
-0.792877
-0.793600
-0.794392
-0.795351
-0.796155
-0.796803
-0.797444
-0.798137
-0.798789
-0.799447
-0.800126
-0.800670
-0.801182
-0.801577
-0.802115
-0.802424
-0.802704
-0.802836
-0.803128
-0.803108
-0.803051
-0.803005
-0.802728
-0.802436
-0.802052
-0.801882
-0.801460
-0.800892
-0.800258
-0.799724
-0.798982
-0.798288
-0.797437
-0.796590
-0.795547
-0.794547
-0.793646
-0.792666
-0.791691
-0.790550
-0.789540
-0.788411
-0.787206
-0.786185
-0.784964
-0.783695
-0.782464
-0.781481
-0.780401
-0.779341
-0.778131
-0.776796
-0.775579
-0.774193
-0.772810
-0.771451
-0.770168
-0.768893
-0.767587
-0.766097
-0.764429
-0.762811
-0.761138
-0.759605
-0.757896
-0.756189
-0.754358
-0.752285
-0.750299
-0.748425
-0.746282
-0.744155
-0.741886
-0.739675
-0.737353
-0.735112
-0.732754
-0.730425
-0.727893
-0.725465
-0.722971
-0.720461
-0.717910
-0.715379
-0.712751
-0.710166
-0.707739
-0.705403
-0.702845
-0.700251
-0.697655
-0.695142
-0.692624
-0.690073
-0.687635
-0.685198
-0.682709
-0.680298
-0.677829
-0.675437
-0.672870
-0.670314
-0.667742
-0.665378
-0.662888
-0.660361
-0.657829
-0.655160
-0.652660
-0.650031
-0.647297
-0.644696
-0.641982
-0.639254
-0.636474
-0.633650
-0.630863
-0.627891
-0.625075
-0.622097
-0.618990
-0.615899
-0.612730
-0.609520
-0.606463
-0.603296
-0.599984
-0.596566
-0.593159
-0.589689
-0.586221
-0.582744
-0.579219
-0.575537
-0.571894
-0.568229
-0.564750
-0.561038
-0.557372
-0.553501
-0.549742
-0.545861
-0.541972
-0.537998
-0.534027
-0.530265
-0.526228
-0.522327
-0.518518
-0.514418
-0.510492
-0.506253
-0.502392
-0.498324
-0.494347
-0.490203
-0.486089
-0.481996
-0.477951
-0.473902
-0.469815
-0.465657
-0.461457
-0.457256
-0.453227
-0.449229
-0.445203
-0.440947
-0.436695
-0.432487
-0.428466
-0.424455
-0.420423
-0.416351
-0.412366
-0.408329
-0.404218
-0.400066
-0.395959
-0.391850
-0.387647
-0.383564
-0.379429
-0.375303
-0.371245
-0.366989
-0.362823
-0.358775
-0.354486
-0.350063
-0.345744
-0.341395
-0.336966
-0.332577
-0.328072
-0.323628
-0.318951
-0.314293
-0.309868
-0.305290
-0.300467
-0.295672
-0.290833
-0.286010
-0.281108
-0.276274
-0.271265
-0.266407
-0.261306
-0.256233
-0.251292
-0.246380
-0.241381
-0.236415
-0.231285
-0.226419
-0.221320
-0.216324
-0.211214
-0.206336
-0.201315
-0.196446
-0.191426
-0.186450
-0.181542
-0.176633
-0.171697
-0.166907
-0.161894
-0.157011
-0.152177
-0.147352
-0.142583
-0.137789
-0.132855
-0.128043
-0.123214
-0.118398
-0.113637
-0.108724
-0.103956
-0.099165
-0.094358
-0.089515
-0.084798
-0.079943
-0.075011
-0.070082
-0.065061
-0.060236
-0.055374
-0.050361
-0.045342
-0.040517
-0.035529
-0.030362
-0.025338
-0.020240
-0.015121
-0.009843
-0.004839
0.000313
0.005585
0.010796
0.016037
0.021266
0.026487
0.031745
0.036963
0.042324
0.047380
0.052638
0.057724
0.063065
0.068185
0.073441
0.078526
0.083597
0.088693
0.093748
0.098764
0.103881
0.108916
0.113924
0.118857
0.123866
0.128697
0.133681
0.138499
0.143390
0.148112
0.153055
0.157878
0.162921
0.167830
0.172655
0.177480
0.182221
0.187000
0.191879
0.196688
0.201540
0.206383
0.211245
0.216113
0.221064
0.225846
0.230616
0.235523
0.240279
0.244957
0.249711
0.254466
0.259060
0.263901
0.268667
0.273380
0.278109
0.282809
0.287320
0.291996
0.296649
0.301203
0.305577
0.310127
0.314631
0.319190
0.323834
0.328256
0.332657
0.337244
0.341692
0.346215
0.350712
0.355169
0.359604
0.364106
0.368438
0.373003
0.377397
0.382026
0.386653
0.391093
0.395646
0.400286
0.404677
0.409080
0.413605
0.418066
0.422510
0.426989
0.431479
0.436020
0.440387
0.444713
0.448876
0.453178
0.457337
0.461551
0.465597
0.469554
0.473650
0.477564
0.481449
0.485319
0.489000
0.492806
0.496397
0.500030
0.503369
0.506786
0.510140
0.513483
0.516845
0.520356
0.523491
0.526551
0.529889
0.533023
0.536130
0.539336
0.542491
0.545652
0.548855
0.551897
0.555038
0.558199
0.561409
0.564602
0.567812
0.571131
0.574282
0.577471
0.580841
0.584009
0.587429
0.590770
0.594078
0.597465
0.600805
0.604096
0.607462
0.610792
0.614337
0.617655
0.620886
0.624356
0.627690
0.630889
0.634284
0.637584
0.640851
0.643994
0.647228
0.650537
0.653762
0.656864
0.659993
0.663150
0.666260
0.669232
0.672073
0.674896
0.677884
0.680851
0.683735
0.686412
0.689093
0.691835
0.694509
0.696923
0.699367
0.701609
0.704069
0.706471
0.708722
0.710766
0.712876
0.714762
0.716793
0.718779
0.720618
0.722453
0.724296
0.725905
0.727696
0.729230
0.730811
0.732459
0.733947
0.735422
0.737088
0.738641
0.740139
0.741599
0.743065
0.744665
0.746180
0.747722
0.749149
0.750662
0.752196
0.753694
0.755214
0.756803
0.758350
0.760009
0.761403
0.763054
0.764707
0.766072
0.767724
0.769311
0.770809
0.772307
0.773776
0.775348
0.776787
0.778086
0.779558
0.781025
0.782472
0.783836
0.785137
0.786309
0.787629
0.788952
0.790143
0.791406
0.792490
0.793702
0.794769
0.795737
0.796727
0.797679
0.798633
0.799760
0.800633
0.801318
0.801961
0.802788
0.803364
0.803894
0.804430
0.804885
0.805195
0.805479
0.805497
0.805573
0.805456
0.805451
0.805291
0.805126
0.804891
0.804561
0.803901
0.803330
0.802756
0.802106
0.801397
0.800532
0.799564
0.798683
0.797791
0.796791
0.795678
0.794826
0.793855
0.792894
0.791977
0.790816
0.789889
0.788870
0.787734
0.786791
0.785762
0.784693
0.783675
0.782810
0.781839
0.780855
0.779911
0.778902
0.777720
0.776611
0.775558
0.774437
0.773440
0.772324
0.771231
0.769981
0.768791
0.767441
0.766166
0.764763
0.763383
0.761991
0.760541
0.758970
0.757265
0.755550
0.753914
0.752406
0.750788
0.749009
0.747289
0.745461
0.743573
0.741705
0.739786
0.737930
0.736096
0.734134
0.732226
0.730285
0.728280
0.726240
0.724163
0.722134
0.720103
0.717992
0.715756
0.713629
0.711393
0.709201
0.707004
0.704717
0.702307
0.699935
0.697784
0.695310
0.692856
0.690404
0.687824
0.685482
0.682908
0.680236
0.677757
0.675133
0.672459
0.669897
0.667269
0.664438
0.661603
0.658779
0.656083
0.653456
0.650691
0.647963
0.645138
0.642423
0.639609
0.636860
0.633997
0.631234
0.628420
0.625594
0.622626
0.619813
0.616903
0.613981
0.610979
0.608162
0.605386
0.602518
0.599540
0.596367
0.593377
0.590233
0.587087
0.584121
0.580955
0.577741
0.574652
0.571245
0.568049
0.564751
0.561402
0.557910
0.554580
0.551138
0.547536
0.544071
0.540500
0.536941
0.533370
0.529630
0.526138
0.522425
0.518663
0.515035
0.511235
0.507609
0.503803
0.499903
0.496138
0.492185
0.488431
0.484389
0.480524
0.476558
0.472544
0.468572
0.464432
0.460214
0.456061
0.451795
0.447766
0.443650
0.439358
0.434893
0.430537
0.426230
0.421868
0.417361
0.412846
0.408470
0.403967
0.399395
0.394757
0.390208
0.385666
0.381053
0.376509
0.372012
0.367464
0.362830
0.358201
0.353481
0.348947
0.344423
0.339855
0.335414
0.330802
0.326108
0.321733
0.317111
0.312482
0.307945
0.303355
0.298775
0.294115
0.289610
0.284911
0.280196
0.275492
0.270653
0.265974
0.261274
0.256571
0.251835
0.246964
0.242210
0.237466
0.232522
0.227782
0.222797
0.217845
0.212894
0.208092
0.203155
0.198058
0.193066
0.188047
0.183209
0.178107
0.173134
0.168178
0.163335
0.158323
0.153434
0.148559
0.143535
0.138639
0.133847
0.128936
0.123986
0.119017
0.114145
0.109126
0.104099
0.099266
0.094372
0.089477
0.084597
0.079539
0.074647
0.069703
0.064743
0.059810
0.054784
0.049861
0.044915
0.039872
0.034808
0.029619
0.024451
0.019388
0.014227
0.008918
0.003682
-0.001630
-0.006914
-0.012240
-0.017521
-0.022822
-0.028169
-0.033508
-0.038865
-0.044101
-0.049239
-0.054454
-0.059837
-0.065264
-0.070549
-0.075797
-0.081070
-0.086136
-0.091133
-0.096215
-0.101240
-0.106230
-0.111013
-0.116059
-0.120923
-0.125634
-0.130206
-0.135013
-0.139660
-0.144350
-0.149027
-0.153505
-0.158036
-0.162573
-0.167031
-0.171705
-0.176303
-0.180804
-0.185405
-0.189947
-0.194459
-0.199020
-0.203677
-0.208180
-0.212759
-0.217580
-0.222230
-0.226946
-0.231742
-0.236309
-0.241068
-0.245834
-0.250746
-0.255517
-0.260182
-0.264973
-0.269755
-0.274589
-0.279340
-0.284037
-0.288693
-0.293381
-0.298133
-0.302807
-0.307437
-0.312050
-0.316606
-0.321193
-0.325779
-0.330400
-0.334901
-0.339446
-0.343893
-0.348314
-0.352891
-0.357420
-0.361806
-0.366086
-0.370522
-0.374923
-0.379158
-0.383605
-0.388165
-0.392455
-0.396852
-0.401122
-0.405550
-0.409884
-0.414099
-0.418509
-0.422896
-0.427045
-0.431399
-0.435593
-0.439756
-0.444081
-0.448341
-0.452511
-0.456659
-0.460810
-0.464813
-0.469019
-0.473121
-0.477322
-0.481471
-0.485418
-0.489479
-0.493450
-0.497481
-0.501446
-0.505461
-0.509447
-0.513342
-0.517376
-0.521296
-0.525144
-0.528941
-0.532825
-0.536739
-0.540664
-0.544446
-0.548282
-0.551967
-0.555716
-0.559473
-0.563138
-0.566812
-0.570547
-0.574061
-0.577584
-0.581125
-0.584640
-0.588120
-0.591384
-0.594839
-0.598065
-0.601371
-0.604538
-0.607695
-0.611014
-0.614121
-0.617111
-0.620091
-0.623115
-0.626052
-0.628879
-0.631600
-0.634497
-0.637195
-0.640051
-0.642757
-0.645425
-0.648177
-0.650702
-0.653324
-0.656070
-0.658729
-0.661338
-0.663930
-0.666578
-0.669170
-0.671635
-0.674191
-0.676620
-0.679215
-0.681779
-0.684398
-0.686635
-0.689180
-0.691740
-0.694171
-0.696768
-0.699240
-0.701795
-0.704294
-0.706713
-0.709208
-0.711505
-0.713871
-0.716292
-0.718731
-0.721040
-0.723343
-0.725529
-0.727804
-0.729996
-0.732232
-0.734372
-0.736561
-0.738840
-0.740883
-0.742817
-0.744908
-0.746858
-0.748735
-0.750403
-0.752220
-0.754061
-0.755762
-0.757579
-0.759133
-0.760753
-0.762297
-0.763554
-0.764946
-0.766391
-0.767721
-0.768975
-0.770269
-0.771490
-0.772682
-0.773784
-0.774954
-0.776198
-0.777244
-0.778282
-0.779254
-0.780453
-0.781508
-0.782438
-0.783424
-0.784366
-0.785248
-0.786154
-0.787083
-0.788046
-0.789098
-0.790037
-0.790801
-0.791621
-0.792328
-0.793365
-0.794116
-0.794848
-0.795670
-0.796415
-0.797095
-0.797563
-0.798029
-0.798527
-0.799003
-0.799567
-0.800008
-0.800308
-0.800594
-0.800891
-0.801078
-0.801170
-0.801193
-0.801345
-0.801305
-0.801291
-0.801255
-0.801053
-0.800867
-0.800644
-0.800331
-0.800106
-0.799801
-0.799749
-0.799206
-0.798830
-0.798344
-0.797777
-0.797387
-0.797047
-0.796652
-0.796121
-0.795639
-0.795060
-0.794530
-0.794150
-0.793626
-0.793074
-0.792505
-0.791838
-0.791185
-0.790547
-0.789745
-0.789034
-0.788477
-0.787582
-0.786794
-0.785997
-0.785215
-0.784326
-0.783453
-0.782401
-0.781420
-0.780363
-0.778951
-0.777800
-0.776632
-0.775389
-0.774162
-0.772785
-0.771367
-0.769984
-0.768416
-0.766737
-0.764974
-0.763269
-0.761651
-0.759899
-0.758010
-0.756071
-0.754041
-0.751999
-0.749855
-0.747847
-0.745763
-0.743689
-0.741465
-0.739059
-0.736689
-0.734307
-0.731844
-0.729407
-0.726852
-0.724332
-0.721803
-0.719215
-0.716654
-0.713964
-0.711406
-0.708665
-0.705949
-0.703252
-0.700586
-0.697713
-0.694873
-0.692215
-0.689449
-0.686744
-0.683926
-0.680934
-0.678065
-0.675326
-0.672435
-0.669635
-0.666794
-0.663841
-0.661072
-0.658327
-0.655415
-0.652585
-0.649677
-0.646788
-0.643779
-0.640850
-0.637957
-0.635132
-0.632050
-0.629029
-0.626282
-0.623459
-0.620395
-0.617343
-0.614156
-0.610997
-0.607930
-0.604755
-0.601587
-0.598585
-0.595483
-0.592356
-0.589093
-0.585850
-0.582622
-0.579379
-0.576210
-0.573050
-0.569705
-0.566280
-0.562840
-0.559354
-0.556114
-0.552779
-0.549489
-0.545998
-0.542599
-0.539162
-0.535725
-0.532276
-0.528744
-0.525144
-0.521509
-0.518026
-0.514462
-0.510883
-0.507455
-0.503859
-0.500051
-0.496525
-0.492825
-0.489096
-0.485298
-0.481599
-0.477888
-0.474010
-0.470144
-0.466174
-0.462311
-0.458446
-0.454521
-0.450625
-0.446700
-0.442620
-0.438495
-0.434451
-0.430372
-0.426089
-0.421961
-0.417717
-0.413455
-0.409087
-0.404817
-0.400501
-0.396189
-0.391460
-0.387017
-0.382446
-0.377917
-0.373407
-0.368907
-0.364383
-0.359733
-0.354836
-0.350254
-0.345401
-0.340748
-0.335956
-0.331212
-0.326514
-0.321518
-0.316712
-0.312001
-0.307202
-0.302422
-0.297646
-0.292731
-0.287710
-0.282792
-0.277954
-0.273112
-0.268157
-0.263356
-0.258538
-0.253677
-0.248934
-0.244294
-0.239360
-0.234587
-0.229736
-0.224839
-0.219960
-0.215280
-0.210369
-0.205573
-0.200746
-0.196090
-0.191251
-0.186423
-0.181776
-0.177061
-0.172420
-0.167746
-0.163105
-0.158472
-0.153727
-0.149059
-0.144339
-0.139753
-0.134950
-0.130402
-0.125755
-0.121075
-0.116584
-0.111911
-0.107353
-0.102708
-0.097927
-0.093120
-0.088544
-0.083883
-0.079259
-0.074518
-0.069757
-0.064835
-0.060049
-0.055224
-0.050484
-0.045561
-0.040741
-0.035812
-0.030994
-0.026094
-0.021024
-0.016128
-0.011043
-0.005908
-0.000795
0.004232
0.009179
0.014216
0.019118
0.024157
0.029089
0.034262
0.039230
0.044283
0.049259
0.054155
0.059205
0.064340
0.069251
0.074289
0.079159
0.084171
0.089101
0.093967
0.098823
0.103700
0.108437
0.113215
0.117954
0.122833
0.127752
0.132480
0.137207
0.141939
0.146727
0.151530
0.156396
0.161117
0.165662
0.170546
0.175095
0.179868
0.184553
0.189316
0.194243
0.199007
0.203900
0.208660
0.213293
0.218246
0.223058
0.227806
0.232758
0.237579
0.242397
0.247221
0.252156
0.257010
0.261799
0.266619
0.271361
0.276224
0.281106
0.286040
0.290788
0.295428
0.300143
0.304857
0.309475
0.314257
0.318978
0.323591
0.328386
0.333007
0.337725
0.342249
0.346807
0.351450
0.356153
0.360681
0.365188
0.369719
0.374451
0.379003
0.383666
0.388129
0.392621
0.397221
0.401663
0.406210
0.410860
0.415480
0.420058
0.424456
0.428882
0.433335
0.437862
0.442268
0.446610
0.450871
0.454984
0.459180
0.463402
0.467347
0.471433
0.475368
0.479105
0.482714
0.486470
0.490035
0.493670
0.497176
0.500709
0.503989
0.507385
0.510709
0.513877
0.517006
0.520151
0.523130
0.526111
0.529279
0.532317
0.535459
0.538588
0.541736
0.544826
0.547865
0.551132
0.554370
0.557653
0.560962
0.564363
0.567646
0.571101
0.574719
0.578007
0.581529
0.585181
0.588803
0.592506
0.596173
0.599951
0.603852
0.607645
0.611452
0.615116
0.618901
0.622468
0.626229
0.629993
0.633785
0.637502
0.641153
0.644748
0.648393
0.651911
0.655311
0.658565
0.661823
0.664990
0.668167
0.671173
0.674139
0.677001
0.679660
0.682303
0.684893
0.687434
0.689866
0.692207
0.694565
0.696738
0.698906
0.700926
0.702967
0.704882
0.706684
0.708298
0.709959
0.711701
0.713427
0.715032
0.716722
0.718390
0.719855
0.721491
0.722957
0.724573
0.726046
0.727554
0.729005
0.730446
0.732205
0.733720
0.735303
0.736817
0.738519
0.740113
0.741605
0.743383
0.745029
0.746644
0.748290
0.750001
0.751588
0.753183
0.754846
0.756572
0.758165
0.759749
0.761337
0.763106
0.764656
0.766212
0.767814
0.769369
0.770797
0.772154
0.773476
0.774750
0.776168
0.777514
0.778801
0.779915
0.781065
0.782005
0.783049
0.784077
0.785123
0.786152
0.786957
0.787734
0.788635
0.789386
0.790243
0.790759
0.791379
0.792081
0.792653
0.793153
0.793730
0.794273
0.794734
0.794975
0.795376
0.795693
0.796051
0.796200
0.796435
0.796614
0.796785
0.796747
0.796863
0.796933
0.796895
0.796823
0.796514
0.796325
0.796052
0.795714
0.795346
0.795050
0.794697
0.794234
0.793648
0.793185
0.792652
0.791949
0.791314
0.790520
0.789732
0.789026
0.788307
0.787627
0.786893
0.785996
0.785279
0.784357
0.783342
0.782482
0.781554
0.780643
0.779804
0.778905
0.777877
0.776830
0.775738
0.774838
0.773655
0.772765
0.771692
0.770649
0.769537
0.768283
0.767153
0.765984
0.764676
0.763395
0.762095
0.760849
0.759659
0.758164
0.756674
0.755203
0.753684
0.752224
0.750903
0.749308
0.747584
0.746023
0.744358
0.742771
0.741079
0.739257
0.737582
0.735860
0.734014
0.732064
0.730256
0.728417
0.726422
0.724542
0.722436
0.720428
0.718342
0.716110
0.713972
0.711629
0.709387
0.707075
0.704639
0.702250
0.699843
0.697428
0.695111
0.692572
0.689953
0.687362
0.684767
0.682163
0.679309
0.676640
0.673901
0.671227
0.668523
0.665904
0.662993
0.660309
0.657460
0.654792
0.652092
0.649273
0.646419
0.643632
0.640745
0.637713
0.634929
0.632105
0.629212
0.626281
0.623306
0.620338
0.617137
0.614024
0.610754
0.607664
0.604483
0.601238
0.597889
0.594507
0.590960
0.587540
0.583968
0.580434
0.576704
0.572862
0.569062
0.565352
0.561437
0.557511
0.553510
0.549586
0.545709
0.541645
0.537606
0.533572
0.529618
0.525721
0.521719
0.517811
0.513874
0.510041
0.506201
0.502201
0.498595
0.495054
0.491437
0.487771
0.483952
0.480286
0.476830
0.473233
0.469578
0.466014
0.462714
0.459102
0.455692
0.452126
0.448474
0.444709
0.441043
0.437169
0.433467
0.429453
0.425397
0.421274
0.417256
0.412829
0.408592
0.404183
0.399449
0.394808
0.390178
0.385444
0.380576
0.375767
0.370900
0.365965
0.361007
0.355899
0.350877
0.345807
0.340711
0.335658
0.330547
0.325492
0.320594
0.315602
0.310695
0.305976
0.301091
0.296412
0.291556
0.286775
0.282232
0.277602
0.272900
0.268347
0.263939
0.259389
0.254890
0.250209
0.245572
0.241068
0.236346
0.231927
0.227375
0.222881
0.217990
0.213161
0.208359
0.203647
0.198831
0.193887
0.188882
0.183933
0.178976
0.173993
0.168888
0.164040
0.158831
0.153630
0.148672
0.143757
0.138629
0.133451
0.128354
0.123262
0.118277
0.113225
0.108191
0.103247
0.098236
0.093345
0.088466
0.083566
0.078556
0.073799
0.068974
0.064082
0.059241
0.054418
0.049597
0.044667
0.039727
0.034918
0.030135
0.025221
0.020438
0.015623
0.010777
0.005880
0.001129
-0.003723
-0.008517
-0.013575
-0.018377
-0.023120
-0.028026
-0.032914
-0.037694
-0.042460
-0.047452
-0.052353
-0.057116
-0.061861
-0.066647
-0.071512
-0.076141
-0.081065
-0.086062
-0.091027
-0.095880
-0.100840
-0.105908
-0.110890
-0.115794
-0.120679
-0.125624
-0.130585
-0.135705
-0.140824
-0.146040
-0.151430
-0.156590
-0.161810
-0.167124
-0.172545
-0.177743
-0.182979
-0.188308
-0.193584
-0.199027
-0.204494
-0.210021
-0.215346
-0.220729
-0.226045
-0.231382
-0.236754
-0.242169
-0.247559
-0.252917
-0.258171
-0.263517
-0.268772
-0.273991
-0.279151
-0.284201
-0.289431
-0.294468
-0.299428
-0.304481
-0.309271
-0.314293
-0.319066
-0.323825
-0.328564
-0.333214
-0.337767
-0.342219
-0.346833
-0.351339
-0.355678
-0.360078
-0.364210
-0.368199
-0.372320
-0.376483
-0.380599
-0.384568
-0.388517
-0.392495
-0.396334
-0.400009
-0.403802
-0.407416
-0.411150
-0.414714
-0.418322
-0.422129
-0.425847
-0.429611
-0.433431
-0.436970
-0.440638
-0.444348
-0.447999
-0.451611
-0.455243
-0.459018
-0.462896
-0.466786
-0.470649
-0.474480
-0.478466
-0.482270
-0.486024
-0.489790
-0.493709
-0.497791
-0.501663
-0.505662
-0.509641
-0.513440
-0.517430
-0.521263
-0.525214
-0.529022
-0.532906
-0.536785
-0.540495
-0.544282
-0.547952
-0.551657
-0.555369
-0.559045
-0.562804
-0.566204
-0.569818
-0.573424
-0.577006
-0.580611
-0.584005
-0.587495
-0.590864
-0.594116
-0.597434
-0.600692
-0.604131
-0.607496
-0.610648
-0.613943
-0.616944
-0.620162
-0.623217
-0.626353
-0.629422
-0.632530
-0.635462
-0.638565
-0.641583
-0.644573
-0.647693
-0.650622
-0.653612
-0.656468
-0.659368
-0.662398
-0.665359
-0.668202
-0.671111
-0.674049
-0.676964
-0.679790
-0.682521
-0.685284
-0.687989
-0.690713
-0.693372
-0.696095
-0.698784
-0.701453
-0.704097
-0.706534
-0.709165
-0.711466
-0.713766
-0.716117
-0.718446
-0.720776
-0.722947
-0.725077
-0.727064
-0.729061
-0.731100
-0.733183
-0.735074
-0.736905
-0.738651
-0.740352
-0.741996
-0.743835
-0.745550
-0.747182
-0.748728
-0.750289
-0.751836
-0.753270
-0.754676
-0.756187
-0.757585
-0.759030
-0.760413
-0.761722
-0.763171
-0.764361
-0.765641
-0.766791
-0.768069
-0.769150
-0.770354
-0.771428
-0.772619
-0.773713
-0.774729
-0.775729
-0.776737
-0.777642
-0.778556
-0.779568
-0.780278
-0.781036
-0.781802
-0.782479
-0.783152
-0.783851
-0.784505
-0.785175
-0.785798
-0.786402
-0.787020
-0.787585
-0.788122
-0.788611
-0.789191
-0.789644
-0.789930
-0.790409
-0.790750
-0.791274
-0.791654
-0.791905
-0.792252
-0.792584
-0.792756
-0.793063
-0.793381
-0.793615
-0.793737
-0.793771
-0.793877
-0.794009
-0.794145
-0.794192
-0.794277
-0.794222
-0.794116
-0.794053
-0.793992
-0.793816
-0.793696
-0.793564
-0.793376
-0.793154
-0.792943
-0.792715
-0.792456
-0.792236
-0.791745
-0.791396
-0.791079
-0.790608
-0.790182
-0.789863
-0.789367
-0.788938
-0.788447
-0.787797
-0.787205
-0.786660
-0.785974
-0.785297
-0.784582
-0.783749
-0.782986
-0.782034
-0.781149
-0.780234
-0.779134
-0.778128
-0.777095
-0.775969
-0.774778
-0.773604
-0.772275
-0.771067
-0.769751
-0.768333
-0.766756
-0.765224
-0.763778
-0.762076
-0.760420
-0.758653
-0.756975
-0.755247
-0.753432
-0.751371
-0.749650
-0.747723
-0.745755
-0.743748
-0.741722
-0.739654
-0.737510
-0.735426
-0.733242
-0.730997
-0.728719
-0.726511
-0.724103
-0.721780
-0.719399
-0.717079
-0.714580
-0.712188
-0.709719
-0.707216
-0.704622
-0.701805
-0.699055
-0.696345
-0.693606
-0.690918
-0.688201
-0.685457
-0.682623
-0.679697
-0.676842
-0.673818
-0.670874
-0.667893
-0.664916
-0.661846
-0.658697
-0.655650
-0.652513
-0.649471
-0.646431
-0.643548
-0.640443
-0.637447
-0.634481
-0.631473
-0.628345
-0.625307
-0.622381
-0.619447
-0.616564
-0.613623
-0.610615
-0.607683
-0.604924
-0.602207
-0.599398
-0.596742
-0.594050
-0.591373
-0.588613
-0.586017
-0.583353
-0.580896
-0.578080
-0.575359
-0.572676
-0.570116
-0.567409
-0.564748
-0.562129
-0.559371
-0.556609
-0.553871
-0.550913
-0.547863
-0.544881
-0.542016
-0.538886
-0.535601
-0.532436
-0.528960
-0.525547
-0.522082
-0.518476
-0.515020
-0.511254
-0.507363
-0.503420
-0.499388
-0.495247
-0.490990
-0.486702
-0.482362
-0.477993
-0.473586
-0.468959
-0.464326
-0.459526
-0.454823
-0.450144
-0.445344
-0.440566
-0.435598
-0.430719
-0.425668
-0.420772
-0.415762
-0.410901
-0.405929
-0.401037
-0.396219
-0.391299
-0.386541
-0.381699
-0.376880
-0.372155
-0.367388
-0.362634
-0.357888
-0.353212
-0.348590
-0.344025
-0.339355
-0.334849
-0.330426
-0.325866
-0.321393
-0.317106
-0.312632
-0.308205
-0.303768
-0.299510
-0.295120
-0.290845
-0.286455
-0.282111
-0.277859
-0.273694
-0.269276
-0.265084
-0.260620
-0.256219
-0.251882
-0.247525
-0.243257
-0.238798
-0.234229
-0.229731
-0.225021
-0.220514
-0.215847
-0.211292
-0.206480
-0.201721
-0.196930
-0.192027
-0.186921
-0.181890
-0.176835
-0.171687
-0.166638
-0.161567
-0.156270
-0.150976
-0.145566
-0.140171
-0.134782
-0.129371
-0.123989
-0.118570
-0.113360
-0.107960
-0.102599
-0.097269
-0.091907
-0.086529
-0.081009
-0.075536
-0.070329
-0.065054
-0.059929
-0.054648
-0.049427
-0.044255
-0.039057
-0.033874
-0.028738
-0.023718
-0.018589
-0.013612
-0.008563
-0.003408
0.001537
0.006467
0.011503
0.016532
0.021456
0.026601
0.031525
0.036538
0.041683
0.046688
0.051459
0.056462
0.061483
0.066390
0.071336
0.076293
0.081175
0.086083
0.090931
0.095849
0.100702
0.105581
0.110316
0.115080
0.119829
0.124666
0.129462
0.134086
0.138734
0.143521
0.148283
0.152918
0.157705
0.162456
0.167055
0.171715
0.176246
0.180847
0.185521
0.190010
0.194475
0.199265
0.204023
0.208707
0.213433
0.217930
0.222717
0.227408
0.232000
0.236546
0.241356
0.246014
0.250724
0.255347
0.260045
0.264695
0.269480
0.274163
0.278881
0.283598
0.288433
0.293176
0.297975
0.302606
0.307334
0.312035
0.316820
0.321573
0.326410
0.331154
0.335901
0.340619
0.345246
0.350049
0.354751
0.359524
0.364237
0.368996
0.373700
0.378472
0.383203
0.387867
0.392504
0.397146
0.401706
0.406307
0.410939
0.415590
0.420001
0.424524
0.428893
0.433514
0.437932
0.442235
0.446609
0.450940
0.455136
0.459421
0.463659
0.467760
0.471934
0.476062
0.480079
0.484092
0.488180
0.491965
0.495818
0.499578
0.503291
0.507229
0.510925
0.514644
0.518396
0.522071
0.525726
0.529445
0.533151
0.536636
0.540127
0.543728
0.547282
0.550729
0.554117
0.557612
0.561003
0.564374
0.567792
0.571085
0.574581
0.577920
0.581232
0.584622
0.587875
0.591113
0.594360
0.597644
0.600924
0.604084
0.607406
0.610518
0.613719
0.616800
0.619990
0.623051
0.626220
0.629361
0.632532
0.635573
0.638763
0.641824
0.644937
0.647946
0.651233
0.654365
0.657523
0.660519
0.663521
0.666657
0.669699
0.672762
0.675756
0.678656
0.681573
0.684477
0.687384
0.690217
0.692886
0.695691
0.698326
0.700889
0.703445
0.706037
0.708496
0.710848
0.713152
0.715457
0.717600
0.719851
0.721879
0.723791
0.725710
0.727759
0.729662
0.731475
0.733101
0.734741
0.736485
0.738111
0.739783
0.741444
0.743024
0.744704
0.746146
0.747724
0.749300
0.750734
0.752259
0.753821
0.755278
0.756924
0.758339
0.759941
0.761511
0.763028
0.764394
0.765911
0.767449
0.769040
0.770585
0.772091
0.773581
0.775236
0.776681
0.778163
0.779590
0.781149
0.782438
0.783803
0.785100
0.786402
0.787625
0.788687
0.789898
0.791022
0.792043
0.793044
0.794052
0.794890
0.795570
0.796253
0.797003
0.797650
0.798183
0.798782
0.799199
0.799517
0.799871
0.800190
0.800409
0.800415
0.800569
0.800507
0.800531
0.800552
0.800446
0.800247
0.800149
0.800001
0.799841
0.799725
0.799466
0.799203
0.798988
0.798611
0.798255
0.797866
0.797481
0.797171
0.796760
0.796368
0.795975
0.795494
0.795232
0.794482
0.794142
0.793574
0.792881
0.792375
0.791913
0.791357
0.790747
0.790053
0.789386
0.788812
0.788126
0.787253
0.786409
0.785747
0.784908
0.784083
0.783308
0.782433
0.781631
0.780751
0.779956
0.779165
0.778172
0.777180
0.776272
0.775224
0.774149
0.773293
0.772466
0.771452
0.770371
0.769297
0.768091
0.766891
0.765722
0.764468
0.763158
0.761927
0.760545
0.759118
0.757718
0.756239
0.754628
0.753019
0.751296
0.749515
0.747592
0.745642
0.743649
0.741622
0.739504
0.737404
0.734960
0.732725
0.730340
0.727987
0.725568
0.722939
0.720310
0.717696
0.715092
0.712393
0.709522
0.706751
0.703862
0.700972
0.698249
0.695321
0.692385
0.689532
0.686739
0.683801
0.680768
0.677613
0.674596
0.671699
0.668773
0.665677
0.662746
0.659756
0.656546
0.653426
0.650285
0.647188
0.643862
0.640647
0.637552
0.634401
0.631215
0.628101
0.624794
0.621448
0.618024
0.614785
0.611533
0.608131
0.604980
0.601644
0.598460
0.595313
0.592007
0.588753
0.585406
0.582262
0.579113
0.575802
0.572636
0.569425
0.566313
0.563301
0.560245
0.557176
0.554282
0.551335
0.548380
0.545363
0.542395
0.539391
0.536442
0.533473
0.530472
0.527519
0.524385
0.521256
0.518070
0.514974
0.511951
0.508854
0.505707
0.502386
0.499088
0.495751
0.492439
0.488938
0.485187
0.481532
0.477774
0.474136
0.470339
0.466368
0.462456
0.458402
0.454282
0.450044
0.445924
0.441573
0.437276
0.432859
0.428450
0.424076
0.419600
0.414920
0.410304
0.405701
0.400998
0.396213
0.391532
0.386843
0.382240
0.377770
0.373043
0.368374
0.363570
0.358726
0.354128
0.349380
0.344857
0.340347
0.335672
0.331314
0.326858
0.322444
0.317891
0.313486
0.309159
0.304729
0.300281
0.295890
0.291499
0.287195
0.282996
0.278657
0.274323
0.269923
0.265587
0.261219
0.256982
0.252588
0.248261
0.243782
0.239240
0.234731
0.230136
0.225669
0.221033
0.216437
0.211690
0.206996
0.202285
0.197613
0.193041
0.188116
0.183179
0.178393
0.173417
0.168523
0.163637
0.158592
0.153543
0.148619
0.143594
0.138639
0.133741
0.128558
0.123347
0.118325
0.113100
0.107839
0.102901
0.097808
0.092678
0.087319
0.081915
0.076521
0.071241
0.065844
0.060451
0.055216
0.049794
0.044341
0.038951
0.033488
0.027947
0.022332
0.016803
0.011307
0.006001
0.000520
-0.004995
-0.010305
-0.015679
-0.021066
-0.026370
-0.031667
-0.036844
-0.042035
-0.047106
-0.052092
-0.057192
-0.062053
-0.066945
-0.071584
-0.076478
-0.081214
-0.085861
-0.090579
-0.095214
-0.099866
-0.104376
-0.108965
-0.113289
-0.117816
-0.122292
-0.126896
-0.131574
-0.136009
-0.140451
-0.145052
-0.149593
-0.154215
-0.159001
-0.163671
-0.168397
-0.173168
-0.177937
-0.182868
-0.187764
-0.192569
-0.197447
-0.202377
-0.207194
-0.212154
-0.217253
-0.222257
-0.227262
-0.232146
-0.237319
-0.242493
-0.247653
-0.252673
-0.257695
-0.262798
-0.267995
-0.273158
-0.278447
-0.283694
-0.288837
-0.293912
-0.299182
-0.304377
-0.309762
-0.315022
-0.320171
-0.325385
-0.330576
-0.335848
-0.341018
-0.346132
-0.351437
-0.356474
-0.361687
-0.366887
-0.371883
-0.376894
-0.381894
-0.386909
-0.391671
-0.396464
-0.401191
-0.405686
-0.410290
-0.414720
-0.419121
-0.423425
-0.427887
-0.432103
-0.436168
-0.440238
-0.444097
-0.447962
-0.451806
-0.455688
-0.459551
-0.463231
-0.466845
-0.470454
-0.473982
-0.477523
-0.481083
-0.484460
-0.487917
-0.491391
-0.494824
-0.498154
-0.501572
-0.504857
-0.508262
-0.511489
-0.514906
-0.518296
-0.521456
-0.524717
-0.528122
-0.531566
-0.534955
-0.538278
-0.541547
-0.544872
-0.548221
-0.551498
-0.554877
-0.558414
-0.561751
-0.565341
-0.568743
-0.572207
-0.575615
-0.579181
-0.582751
-0.586163
-0.589700
-0.593352
-0.596836
-0.600557
-0.604027
-0.607569
-0.611099
-0.614618
-0.618174
-0.621565
-0.625067
-0.628494
-0.631875
-0.635182
-0.638386
-0.641686
-0.644902
-0.648100
-0.651311
-0.654428
-0.657410
-0.660170
-0.663118
-0.666015
-0.668954
-0.671765
-0.674331
-0.677042
-0.679707
-0.682295
-0.684845
-0.687354
-0.689893
-0.692380
-0.694812
-0.697158
-0.699632
-0.702024
-0.704427
-0.706817
-0.709131
-0.711442
-0.713773
-0.716014
-0.718386
-0.720584
-0.722633
-0.724735
-0.726838
-0.729027
-0.731074
-0.733096
-0.735111
-0.737164
-0.739004
-0.740834
-0.742685
-0.744377
-0.746062
-0.747799
-0.749660
-0.751207
-0.752871
-0.754477
-0.756197
-0.757605
-0.759185
-0.760543
-0.762045
-0.763467
-0.764902
-0.766390
-0.767732
-0.769132
-0.770476
-0.771781
-0.773115
-0.774400
-0.775697
-0.776892
-0.778149
-0.779267
-0.780217
-0.781174
-0.782395
-0.783673
-0.784790
-0.785863
-0.786810
-0.787665
-0.788689
-0.789506
-0.790326
-0.791185
-0.792096
-0.792911
-0.793622
-0.794375
-0.795149
-0.795964
-0.796498
-0.797268
-0.797843
-0.798400
-0.798901
-0.799555
-0.799881
-0.800545
-0.800885
-0.801211
-0.801619
-0.801911
-0.802188
-0.802217
-0.802275
-0.802369
-0.802321
-0.802346
-0.802189
-0.802098
-0.801897
-0.801605
-0.801328
-0.800949
-0.800363
-0.799952
-0.799383
-0.798827
-0.798111
-0.797617
-0.796924
-0.796331
-0.795596
-0.794829
-0.794133
-0.793333
-0.792657
-0.792017
-0.791297
-0.790533
-0.789810
-0.789293
-0.788609
-0.787903
-0.787240
-0.786607
-0.785969
-0.785324
-0.784561
-0.783773
-0.782938
-0.782084
-0.781216
-0.780273
-0.779385
-0.778514
-0.777567
-0.776511
-0.775325
-0.774140
-0.772928
-0.771594
-0.770170
-0.768496
-0.766990
-0.765442
-0.763674
-0.762002
-0.760302
-0.758370
-0.756507
-0.754378
-0.752405
-0.750535
-0.748485
-0.746404
-0.744274
-0.742258
-0.740276
-0.738155
-0.736028
-0.733813
-0.731697
-0.729349
-0.727020
-0.724900
-0.722701
-0.720301
-0.718098
-0.715877
-0.713474
-0.711243
-0.708920
-0.706543
-0.704052
-0.701432
-0.698959
-0.696376
-0.693691
-0.691056
-0.688370
-0.685554
-0.682718
-0.679970
-0.677123
-0.673960
-0.670979
-0.667881
-0.664819
-0.661607
-0.658527
-0.655474
-0.652289
-0.649126
-0.645867
-0.642671
-0.639501
-0.636442
-0.633371
-0.630246
-0.626966
-0.623827
-0.620778
-0.617681
-0.614546
-0.611620
-0.608563
-0.605605
-0.602668
-0.599611
-0.596797
-0.593803
-0.590806
-0.587890
-0.585014
-0.582047
-0.579044
-0.576005
-0.572955
-0.569999
-0.566833
-0.563829
-0.560652
-0.557441
-0.554137
-0.550952
-0.547725
-0.544531
-0.541354
-0.537882
-0.534403
-0.531053
-0.527635
-0.524095
-0.520597
-0.516858
-0.513215
-0.509356
-0.505775
-0.502228
-0.498378
-0.494709
-0.490969
-0.487204
-0.483353
-0.479551
-0.475662
-0.471686
-0.467648
-0.463807
-0.459672
-0.455745
-0.451773
-0.447747
-0.443535
-0.439378
-0.435189
-0.430987
-0.426912
-0.422792
-0.418439
-0.414207
-0.409774
-0.405464
-0.401266
-0.396897
-0.392397
-0.387961
-0.383603
-0.379024
-0.374538
-0.370139
-0.365660
-0.361203
-0.356597
-0.351967
-0.347314
-0.342742
-0.338099
-0.333482
-0.328850
-0.324166
-0.319496
-0.314582
-0.309903
-0.305029
-0.300155
-0.295235
-0.290415
-0.285397
-0.280428
-0.275414
-0.270305
-0.265179
-0.260096
-0.254839
-0.249466
-0.244257
-0.239043
-0.233774
-0.228426
-0.223144
-0.217751
-0.212219
-0.207022
-0.201598
-0.196206
-0.190846
-0.185414
-0.180036
-0.174636
-0.169250
-0.163880
-0.158499
-0.153299
