0.000037
-0.000014
-0.000037
-0.000013
0.000015
0.000119
0.000165
0.000180
0.000306
0.000450
0.000768
0.001059
0.001353
0.001744
0.002126
0.002494
0.003134
0.003804
0.004671
0.005613
0.006670
0.007783
0.009115
0.010512
0.012101
0.013824
0.015729
0.017924
0.020126
0.022481
0.025115
0.027789
0.030671
0.033637
0.036856
0.040236
0.043761
0.047388
0.051185
0.055036
0.058922
0.062984
0.067222
0.071584
0.075985
0.080360
0.084853
0.089306
0.093907
0.098529
0.103053
0.107670
0.112419
0.116939
0.121541
0.126073
0.130617
0.135095
0.139668
0.144121
0.148602
0.153079
0.157461
0.161874
0.166171
0.170532
0.174894
0.179243
0.183506
0.187832
0.192053
0.196279
0.200581
0.204740
0.208729
0.212963
0.217259
0.221485
0.225795
0.230255
0.234477
0.238810
0.243023
0.247275
0.251686
0.256191
0.260528
0.265010
0.269507
0.273879
0.278207
0.282662
0.287225
0.291733
0.296287
0.300991
0.305751
0.310483
0.315147
0.319769
0.324318
0.329036
0.333836
0.338567
0.343463
0.348174
0.352982
0.357724
0.362353
0.367045
0.371784
0.376596
0.381267
0.385869
0.390591
0.395223
0.399649
0.404436
0.408933
0.413484
0.418036
0.422615
0.426976
0.431392
0.435754
0.440077
0.444449
0.448642
0.452883
0.457097
0.461183
0.465303
0.469419
0.473294
0.477421
0.481529
0.485363
0.489403
0.493380
0.497154
0.500876
0.504760
0.508647
0.512451
0.516241
0.520095
0.523901
0.527744
0.531442
0.535110
0.538934
0.542714
0.546377
0.550287
0.554405
0.558157
0.562047
0.565965
0.569713
0.573473
0.577077
0.580843
0.584692
0.588561
0.592459
0.596412
0.600172
0.603951
0.607631
0.611461
0.615014
0.618659
0.622360
0.626064
0.629502
0.632982
0.636436
0.639786
0.643068
0.646277
0.649587
0.652663
0.655682
0.658728
0.661527
0.664341
0.667165
0.669766
0.672463
0.674971
0.677312
0.679899
0.682356
0.684655
0.686920
0.689099
0.691276
0.693276
0.695226
0.697143
0.699171
0.701197
0.703108
0.705079
0.707124
0.708774
0.710674
0.712348
0.714197
0.715913
0.717716
0.719506
0.721146
0.722969
0.724648
0.726329
0.727995
0.729652
0.731166
0.732788
0.734359
0.735882
0.737368
0.738963
0.740554
0.742153
0.743665
0.745063
0.746467
0.747709
0.748981
0.750363
0.751702
0.753026
0.754309
0.755503
0.756648
0.757671
0.758893
0.759902
0.760814
0.761935
0.763027
0.764087
0.764939
0.765830
0.766819
0.767738
0.768728
0.769686
0.770565
0.771583
0.772438
0.773291
0.774286
0.774984
0.775741
0.776678
0.777574
0.778326
0.779111
0.780074
0.780874
0.781634
0.782512
0.783156
0.784051
0.784757
0.785463
0.786357
0.786921
0.787608
0.788218
0.788848
0.789523
0.790138
0.790836
0.791314
0.791885
0.792347
0.792965
0.793368
0.793662
0.794014
0.794205
0.794563
0.794994
0.795064
0.795130
0.795165
0.795116
0.795197
0.795186
0.795076
0.794831
0.794543
0.794275
0.793850
0.793387
0.792811
0.792421
0.791922
0.791190
0.790523
0.789912
0.789212
0.788368
0.787531
0.786840
0.786038
0.785172
0.784207
0.783402
0.782431
0.781498
0.780492
0.779346
0.778387
0.777483
0.776494
0.775421
0.774252
0.773173
0.772011
0.770656
0.769370
0.768194
0.767037
0.765627
0.764237
0.762679
0.761098
0.759494
0.757778
0.756121
0.754392
0.752634
0.750889
0.748910
0.746933
0.744919
0.742861
0.740763
0.738644
0.736454
0.734258
0.732073
0.729800
0.727680
0.725398
0.723070
0.720986
0.718762
0.716446
0.714225
0.711872
0.709636
0.707416
0.705294
0.703080
0.700949
0.698723
0.696486
0.694319
0.692070
0.689984
0.687843
0.685816
0.683643
0.681341
0.679226
0.676975
0.674545
0.672007
0.669750
0.667453
0.664862
0.662273
0.659553
0.656924
0.654314
0.651610
0.648613
0.645805
0.642771
0.639607
0.636359
0.633162
0.630002
0.626678
0.623200
0.619663
0.616027
0.612334
0.608683
0.605130
0.601491
0.597770
0.593871
0.590058
0.586209
0.582219
0.578374
0.574403
0.570562
0.566810
0.562985
0.559148
0.555268
0.551446
0.547595
0.543732
0.539834
0.536041
0.532104
0.528175
0.524441
0.520727
0.516934
0.513301
0.509444
0.505649
0.501706
0.497977
0.494010
0.490241
0.486673
0.482814
0.478893
0.475058
0.471307
0.467353
0.463439
0.459536
0.455508
0.451564
0.447727
0.443986
0.440091
0.436098
0.432228
0.428289
0.424470
0.420475
0.416589
0.412464
0.408501
0.404434
0.400481
0.396549
0.392474
0.388208
0.384052
0.379912
0.375587
0.371246
0.367065
0.362763
0.358346
0.353706
0.349031
0.344499
0.339806
0.335158
0.330399
0.325671
0.320899
0.316180
0.311246
0.306280
0.301186
0.296168
0.291067
0.286209
0.281143
0.276242
0.271260
0.266290
0.261338
0.256311
0.251402
0.246608
0.241731
0.236790
0.231961
0.227151
0.222444
0.217593
0.212842
0.208059
0.203235
0.198730
0.194077
0.189269
0.184403
0.179736
0.175101
0.170387
0.165792
0.161211
0.156441
0.151700
0.146960
0.142202
0.137456
0.132716
0.127937
0.123106
0.118198
0.113474
0.108583
0.103535
0.098655
0.093655
0.088765
0.083873
0.078732
0.073742
0.068723
0.063657
0.058369
0.053186
0.048076
0.043028
0.037757
0.032489
0.027331
0.022092
0.016834
0.011532
0.006313
0.000949
-0.004279
-0.009607
-0.014765
-0.019970
-0.025136
-0.030482
-0.035404
-0.040574
-0.045708
-0.050841
-0.055675
-0.060641
-0.065626
-0.070714
-0.075724
-0.080571
-0.085306
-0.090074
-0.094747
-0.099471
-0.104095
-0.108840
-0.113684
-0.118479
-0.123045
-0.127777
-0.132372
-0.136985
-0.141567
-0.146101
-0.150806
-0.155618
-0.160257
-0.165014
-0.169771
-0.174489
-0.179347
-0.184092
-0.188829
-0.193401
-0.198230
-0.203077
-0.207810
-0.212433
-0.217240
-0.222006
-0.226580
-0.231369
-0.235828
-0.240619
-0.245326
-0.249975
-0.254466
-0.258962
-0.263724
-0.268273
-0.272716
-0.277180
-0.281532
-0.286136
-0.290470
-0.294916
-0.299498
-0.303961
-0.308416
-0.312879
-0.317335
-0.321843
-0.326179
-0.330642
-0.335346
-0.339860
-0.344365
-0.348833
-0.353567
-0.358025
-0.362590
-0.367039
-0.371551
-0.376103
-0.380741
-0.385299
-0.389981
-0.394510
-0.399042
-0.403402
-0.407776
-0.412218
-0.416779
-0.420871
-0.425207
-0.429602
-0.434093
-0.438480
-0.442727
-0.446948
-0.451152
-0.455220
-0.459482
-0.463576
-0.467583
-0.471596
-0.475709
-0.479876
-0.483699
-0.487610
-0.491601
-0.495601
-0.499515
-0.503351
-0.507447
-0.511123
-0.514956
-0.518690
-0.522389
-0.526090
-0.529792
-0.533448
-0.536902
-0.540608
-0.544248
-0.547960
-0.551649
-0.555111
-0.558817
-0.562273
-0.565902
-0.569414
-0.572940
-0.576471
-0.580034
-0.583513
-0.586974
-0.590564
-0.593979
-0.597575
-0.600993
-0.604485
-0.607824
-0.611327
-0.614775
-0.618194
-0.621493
-0.624786
-0.627989
-0.631108
-0.634112
-0.637287
-0.640438
-0.643499
-0.646462
-0.649327
-0.651994
-0.654847
-0.657541
-0.660084
-0.662515
-0.664968
-0.667363
-0.669598
-0.671946
-0.674261
-0.676409
-0.678640
-0.680775
-0.682916
-0.684909
-0.686920
-0.689095
-0.691142
-0.693141
-0.695146
-0.696980
-0.699008
-0.700980
-0.703052
-0.705133
-0.707206
-0.709205
-0.711230
-0.713374
-0.715509
-0.717505
-0.719503
-0.721545
-0.723639
-0.725668
-0.727607
-0.729726
-0.731774
-0.733466
-0.735457
-0.737468
-0.739240
-0.741169
-0.742995
-0.744906
-0.746600
-0.748328
-0.749901
-0.751621
-0.753266
-0.754976
-0.756638
-0.758083
-0.759793
-0.761378
-0.762890
-0.764604
-0.766285
-0.767851
-0.769194
-0.770645
-0.772159
-0.773719
-0.775175
-0.776771
-0.778351
-0.779723
-0.781232
-0.782702
-0.784142
-0.785535
-0.787005
-0.788339
-0.789592
-0.790772
-0.791986
-0.793178
-0.794367
-0.795528
-0.796630
-0.797622
-0.798572
-0.799352
-0.800189
-0.801139
-0.801722
-0.802424
-0.802912
-0.803463
-0.803872
-0.804222
-0.804485
-0.804693
-0.804898
-0.805161
-0.805183
-0.805076
-0.804903
-0.804720
-0.804630
-0.804192
-0.803799
-0.803567
-0.803079
-0.802584
-0.802005
-0.801292
-0.800560
-0.799773
-0.799005
-0.798243
-0.797401
-0.796580
-0.795713
-0.794676
-0.793572
-0.792524
-0.791316
-0.790208
-0.789196
-0.787920
-0.786779
-0.785692
-0.784700
-0.783479
-0.782283
-0.781058
-0.779954
-0.778759
-0.777611
-0.776470
-0.775315
-0.774215
-0.772900
-0.771922
-0.770789
-0.769585
-0.768405
-0.767457
-0.766375
-0.765174
-0.764018
-0.762966
-0.761755
-0.760649
-0.759554
-0.758416
-0.757276
-0.756041
-0.754807
-0.753530
-0.752123
-0.750666
-0.749392
-0.747924
-0.746596
-0.745146
-0.743425
-0.741739
-0.740020
-0.738338
-0.736554
-0.734675
-0.732811
-0.730808
-0.728855
-0.726738
-0.724461
-0.722030
-0.719853
-0.717539
-0.715153
-0.712710
-0.710157
-0.707510
-0.704811
-0.702053
-0.699190
-0.696365
-0.693532
-0.690648
-0.687903
-0.684879
-0.681946
-0.679067
-0.676071
-0.673147
-0.669937
-0.666945
-0.664080
-0.661057
-0.658020
-0.655049
-0.651984
-0.649158
-0.646150
-0.643253
-0.640527
-0.637557
-0.634496
-0.631728
-0.628917
-0.626098
-0.623260
-0.620479
-0.617748
-0.614853
-0.612031
-0.609097
-0.606234
-0.603438
-0.600393
-0.597461
-0.594588
-0.591381
-0.588409
-0.585334
-0.582107
-0.578894
-0.575606
-0.572120
-0.568774
-0.565340
-0.561826
-0.558360
-0.554614
-0.551017
-0.547194
-0.543324
-0.539568
-0.535749
-0.531890
-0.527942
-0.523882
-0.519768
-0.515727
-0.511895
-0.507892
-0.503780
-0.499728
-0.495517
-0.491453
-0.487363
-0.483249
-0.479324
-0.475125
-0.471138
-0.467133
-0.463014
-0.458964
-0.454897
-0.451095
-0.447007
-0.442938
-0.438693
-0.434663
-0.430642
-0.426647
-0.422487
-0.418413
-0.414184
-0.409961
-0.405708
-0.401575
-0.397208
-0.393030
-0.388722
-0.384420
-0.380192
-0.375796
-0.371513
-0.367190
-0.362793
-0.358283
-0.353852
-0.349445
-0.345071
-0.340678
-0.336425
-0.332132
-0.327799
-0.323386
-0.319144
-0.314581
-0.310212
-0.305832
-0.301447
-0.297249
-0.292811
-0.288546
-0.284125
-0.279582
-0.275292
-0.270641
-0.266029
-0.261442
-0.256935
-0.252403
-0.247763
-0.243052
-0.238083
-0.233022
-0.228223
-0.223307
-0.218307
-0.213363
-0.208243
-0.203095
-0.197842
-0.192571
-0.187326
-0.182161
-0.176892
-0.171597
-0.166454
-0.161135
-0.155966
-0.150632
-0.145480
-0.140286
-0.135066
-0.129889
-0.124727
-0.119784
-0.114671
-0.109647
-0.104667
-0.099806
-0.095042
-0.090167
-0.085163
-0.080310
-0.075516
-0.070659
-0.065810
-0.061057
-0.056366
-0.051695
-0.046969
-0.042344
-0.037528
-0.032752
-0.027671
-0.022886
-0.018018
-0.013166
-0.008189
-0.003347
0.001612
0.006600
0.011496
0.016578
0.021556
0.026552
0.031670
0.036732
0.041848
0.046878
0.051900
0.057006
0.062059
0.067139
0.072339
0.077524
0.082651
0.087693
0.092881
0.097954
0.103069
0.108098
0.113113
0.118283
0.123181
0.128110
0.133019
0.138224
0.143171
0.148080
0.153159
0.158095
0.163130
0.168081
0.173002
0.177920
0.182855
0.187846
0.192817
0.197830
0.202676
0.207639
0.212626
0.217635
0.222695
0.227811
0.232808
0.237887
0.242919
0.247922
0.252801
0.257891
0.262896
0.267883
0.272897
0.278123
0.283237
0.288304
0.293155
0.298252
0.303171
0.308156
0.313083
0.317963
0.322850
0.327625
0.332391
0.337298
0.342129
0.347010
0.351658
0.356258
0.361021
0.365530
0.370111
0.374659
0.379133
0.383747
0.388162
0.392535
0.396890
0.401109
0.405384
0.409745
0.413904
0.418154
0.422315
0.426244
0.430315
0.434255
0.438212
0.442072
0.445867
0.449609
0.453410
0.457010
0.460514
0.464205
0.467664
0.471204
0.474743
0.477907
0.481171
0.484412
0.487861
0.491069
0.494270
0.497442
0.500572
0.503627
0.506741
0.509796
0.512930
0.515927
0.519246
0.522536
0.525735
0.529069
0.532505
0.535794
0.539095
0.542597
0.545840
0.549352
0.553106
0.556705
0.560351
0.564071
0.567742
0.571593
0.575549
0.579349
0.583198
0.587059
0.590916
0.594825
0.598625
0.602493
0.606408
0.610177
0.614097
0.617841
0.621580
0.625245
0.628914
0.632470
0.636075
0.639588
0.642925
0.646329
0.649733
0.653045
0.656198
0.659615
0.662776
0.665962
0.669102
0.672236
0.675362
0.678486
0.681343
0.684148
0.687045
0.689888
0.692630
0.695609
0.698407
0.701196
0.703655
0.706415
0.708939
0.711398
0.713965
0.716363
0.718746
0.721160
0.723302
0.725649
0.727842
0.729829
0.731973
0.733968
0.735802
0.737683
0.739503
0.741282
0.743083
0.744865
0.746420
0.748218
0.749829
0.751456
0.753033
0.754595
0.756226
0.757660
0.759157
0.760783
0.762389
0.763914
0.765291
0.766815
0.768304
0.769751
0.771213
0.772707
0.773848
0.775269
0.776524
0.777824
0.779079
0.780114
0.781318
0.782501
0.783544
0.784580
0.785642
0.786524
0.787466
0.788205
0.789052
0.789688
0.790323
0.791126
0.791992
0.792597
0.793160
0.793609
0.794219
0.794715
0.795198
0.795796
0.796412
0.796806
0.797381
0.797971
0.798314
0.798711
0.799063
0.799482
0.800034
0.800302
0.800543
0.800662
0.800864
0.800962
0.801084
0.801047
0.801055
0.800828
0.800750
0.800450
0.800144
0.799592
0.799153
0.798672
0.798115
0.797319
0.796472
0.795751
0.794939
0.794013
0.792896
0.791916
0.790921
0.789998
0.788971
0.787910
0.786762
0.785607
0.784846
0.783695
0.782782
0.781843
0.780882
0.780057
0.779184
0.778226
0.777454
0.776595
0.775979
0.775126
0.774437
0.773750
0.772947
0.772325
0.771512
0.770612
0.769788
0.768959
0.768076
0.767175
0.766139
0.765242
0.764295
0.763082
0.761869
0.760567
0.759116
0.757657
0.756192
0.754739
0.753157
0.751336
0.749491
0.747630
0.745766
0.743969
0.742013
0.740160
0.738159
0.736083
0.734018
0.732032
0.729981
0.727876
0.725844
0.723836
0.721788
0.719767
0.717652
0.715651
0.713726
0.711718
0.709772
0.707674
0.705924
0.703802
0.701808
0.699868
0.697739
0.695677
0.693626
0.691537
0.689220
0.687090
0.684676
0.682415
0.679974
0.677550
0.675059
0.672637
0.669986
0.667426
0.664551
0.661806
0.658852
0.655890
0.652869
0.649820
0.646772
0.643707
0.640493
0.637348
0.634231
0.631141
0.627886
0.624528
0.621083
0.617725
0.614262
0.610944
0.607613
0.604183
0.600805
0.597300
0.593724
0.590337
0.586919
0.583484
0.579997
0.576329
0.572781
0.569113
0.565449
0.561900
0.558326
0.554658
0.550986
0.547187
0.543419
0.539654
0.535894
0.532005
0.528298
0.524593
0.520761
0.516977
0.513131
0.509252
0.505257
0.501492
0.497649
0.493654
0.489837
0.486000
0.482088
0.478163
0.474274
0.470322
0.466494
0.462543
0.458606
0.454639
0.450648
0.446502
0.442491
0.438314
0.434283
0.430109
0.426009
0.421813
0.417717
0.413498
0.409239
0.404819
0.400446
0.396045
0.391690
0.387263
0.382830
0.378328
0.373910
0.369452
0.365059
0.360365
0.355779
0.351273
0.346671
0.342157
0.337748
0.333067
0.328554
0.324034
0.319403
0.314955
0.310242
0.305743
0.301300
0.296773
0.292051
0.287427
0.282731
0.278145
0.273482
0.268930
0.264308
0.259631
0.254976
0.250170
0.245449
0.240580
0.235769
0.231003
0.226113
0.221296
0.216530
0.211663
0.206683
0.201756
0.196924
0.191976
0.186979
0.182072
0.177084
0.172199
0.167299
0.162286
0.157379
0.152646
0.147673
0.142838
0.137824
0.132884
0.128033
0.123167
0.118242
0.113365
0.108505
0.103636
0.098785
0.093772
0.088875
0.083832
0.078835
0.073912
0.068859
0.063856
0.058744
0.053834
0.048794
0.043752
0.038610
0.033537
0.028296
0.023264
0.017992
0.012878
0.007699
0.002529
-0.002614
-0.007836
-0.013163
-0.018347
-0.023441
-0.028605
-0.033589
-0.038637
-0.043742
-0.048892
-0.053937
-0.058979
-0.064118
-0.069145
-0.074179
-0.079143
-0.084129
-0.089106
-0.093937
-0.098873
-0.103896
-0.108834
-0.113857
-0.118784
-0.123803
-0.128779
-0.133594
-0.138610
-0.143476
-0.148508
-0.153587
-0.158404
-0.163344
-0.168470
-0.173495
-0.178502
-0.183387
-0.188273
-0.193352
-0.198288
-0.203195
-0.208257
-0.213241
-0.218128
-0.223093
-0.227886
-0.232906
-0.237801
-0.242477
-0.247326
-0.252084
-0.256804
-0.261625
-0.266224
-0.271093
-0.275870
-0.280438
-0.285239
-0.289870
-0.294451
-0.299014
-0.303678
-0.308254
-0.312802
-0.317307
-0.321985
-0.326453
-0.331116
-0.335743
-0.340379
-0.345069
-0.349508
-0.354039
-0.358691
-0.363318
-0.367856
-0.372331
-0.376890
-0.381426
-0.385722
-0.390229
-0.394729
-0.399274
-0.403840
-0.408200
-0.412588
-0.416837
-0.421163
-0.425499
-0.429765
-0.434027
-0.438279
-0.442383
-0.446453
-0.450462
-0.454627
-0.458646
-0.462426
-0.466351
-0.470343
-0.474100
-0.478038
-0.481859
-0.485714
-0.489537
-0.493222
-0.496971
-0.500744
-0.504342
-0.507987
-0.511669
-0.515181
-0.518816
-0.522491
-0.526208
-0.529888
-0.533301
-0.536944
-0.540335
-0.543884
-0.547580
-0.550875
-0.554334
-0.557930
-0.561379
-0.564758
-0.568170
-0.571569
-0.574824
-0.578119
-0.581488
-0.584699
-0.587825
-0.590937
-0.594164
-0.597344
-0.600503
-0.603544
-0.606500
-0.609474
-0.612510
-0.615418
-0.618504
-0.621689
-0.624626
-0.627566
-0.630465
-0.633344
-0.636331
-0.639298
-0.642285
-0.645263
-0.648244
-0.651139
-0.654104
-0.657032
-0.660127
-0.663071
-0.666084
-0.668892
-0.671838
-0.675018
-0.677886
-0.680875
-0.683850
-0.686681
-0.689482
-0.692196
-0.695039
-0.697758
-0.700430
-0.703034
-0.705763
-0.708239
-0.710645
-0.713069
-0.715502
-0.717786
-0.719897
-0.722011
-0.724168
-0.726192
-0.728250
-0.730109
-0.731878
-0.733863
-0.735655
-0.737274
-0.739016
-0.740642
-0.742214
-0.743857
-0.745412
-0.746912
-0.748414
-0.749889
-0.751429
-0.752780
-0.754196
-0.755630
-0.756990
-0.758340
-0.759836
-0.761204
-0.762573
-0.763914
-0.765169
-0.766367
-0.767727
-0.769034
-0.770241
-0.771409
-0.772594
-0.773797
-0.774966
-0.775828
-0.776887
-0.777964
-0.779023
-0.779891
-0.780793
-0.781865
-0.782763
-0.783749
-0.784512
-0.785259
-0.786110
-0.786704
-0.787425
-0.788118
-0.788795
-0.789542
-0.790108
-0.790585
-0.791111
-0.791611
-0.791999
-0.792411
-0.792765
-0.793158
-0.793513
-0.793783
-0.794015
-0.794195
-0.794355
-0.794555
-0.794584
-0.794598
-0.794534
-0.794506
-0.794351
-0.794243
-0.794124
-0.794105
-0.793992
-0.793939
-0.793804
-0.793527
-0.793223
-0.792922
-0.792752
-0.792721
-0.792499
-0.792277
-0.792047
-0.791889
-0.791730
-0.791513
-0.791304
-0.791141
-0.790835
-0.790666
-0.790281
-0.789994
-0.789650
-0.789396
-0.788997
-0.788574
-0.787963
-0.787717
-0.787028
-0.786473
-0.785670
-0.784931
-0.784093
-0.783165
-0.782078
-0.780870
-0.779758
-0.778511
-0.777162
-0.775817
-0.774388
-0.772774
-0.771139
-0.769377
-0.767605
-0.765918
-0.763950
-0.762001
-0.759969
-0.757979
-0.755975
-0.753901
-0.751829
-0.749740
-0.747590
-0.745497
-0.743355
-0.741189
-0.738996
-0.736890
-0.734940
-0.732828
-0.730788
-0.728707
-0.726540
-0.724473
-0.722490
-0.720245
-0.718243
-0.716211
-0.714278
-0.712395
-0.710294
-0.708180
-0.705934
-0.703939
-0.701878
-0.699761
-0.697471
-0.695415
-0.693047
-0.690606
-0.688293
-0.685932
-0.683432
-0.680929
-0.678436
-0.675761
-0.673140
-0.670413
-0.667639
-0.664771
-0.661903
-0.658887
-0.656111
-0.653185
-0.650154
-0.646919
-0.643768
-0.640790
-0.637676
-0.634526
-0.631428
-0.628151
-0.624952
-0.621856
-0.618731
-0.615432
-0.612237
-0.608966
-0.605841
-0.602527
-0.599281
-0.596114
-0.592953
-0.589584
-0.586237
-0.582970
-0.579739
-0.576337
-0.572958
-0.569657
-0.566204
-0.562814
-0.559205
-0.555636
-0.552197
-0.548703
-0.545215
-0.541549
-0.537825
-0.534212
-0.530535
-0.526919
-0.523227
-0.519532
-0.515722
-0.511889
-0.508192
-0.504386
-0.500629
-0.496776
-0.492951
-0.488963
-0.485140
-0.481337
-0.477358
-0.473357
-0.469449
-0.465297
-0.461214
-0.457151
-0.453108
-0.448955
-0.444872
-0.440716
-0.436544
-0.432279
-0.428062
-0.423602
-0.419262
-0.415135
-0.410822
-0.406351
-0.401914
-0.397445
-0.392954
-0.388478
-0.383771
-0.379220
-0.374530
-0.370210
-0.365480
-0.360816
-0.356148
-0.351445
-0.346761
-0.341854
-0.337002
-0.332278
-0.327587
-0.322680
-0.317708
-0.312973
-0.308110
-0.303098
-0.298254
-0.293422
-0.288470
-0.283629
-0.278680
-0.273859
-0.268919
-0.264078
-0.259363
-0.254641
-0.249877
-0.245196
-0.240334
-0.235534
-0.230986
-0.226496
-0.221989
-0.217396
-0.212802
-0.208243
-0.203777
-0.199311
-0.194933
-0.190624
-0.186229
-0.181888
-0.177281
-0.172890
-0.168477
-0.164050
-0.159380
-0.154844
-0.150152
-0.145535
-0.140924
-0.136210
-0.131208
-0.126476
-0.121514
-0.116400
-0.111365
-0.106305
-0.101106
-0.095770
-0.090380
-0.085047
-0.079824
-0.074260
-0.068814
-0.063183
-0.057744
-0.052122
-0.046444
-0.040923
-0.035345
-0.029869
-0.024346
-0.018842
-0.013262
-0.007792
-0.002447
0.003113
0.008578
0.013695
0.018980
0.024262
0.029288
0.034441
0.039472
0.044526
0.049470
0.054370
0.059439
0.064252
0.069060
0.074031
0.078750
0.083380
0.088027
0.092877
0.097555
0.102154
0.106810
0.111418
0.116117
0.120708
0.125374
0.130205
0.134977
0.139794
0.144362
0.149110
0.153768
0.158550
0.163286
0.168111
0.172732
0.177535
0.182373
0.187227
0.191988
0.196843
0.201575
0.206199
0.210959
0.215931
0.220651
0.225462
0.230291
0.235121
0.239979
0.244857
0.249724
0.254635
0.259529
0.264304
0.269067
0.273959
0.279004
0.283851
0.288911
0.293827
0.298739
0.303723
0.308818
0.313616
0.318309
0.323346
0.328214
0.333029
0.337944
0.342717
0.347597
0.352330
0.357070
0.361615
0.366079
0.370594
0.375021
0.379273
0.383438
0.387747
0.392023
0.396041
0.400124
0.404137
0.408070
0.412018
0.415857
0.419810
0.423727
0.427505
0.431178
0.434966
0.438720
0.442402
0.446234
0.450204
0.454095
0.457956
0.461858
0.465814
0.469692
0.473575
0.477641
0.481576
0.485652
0.489945
0.494117
0.498021
0.502192
0.506281
0.510364
0.514413
0.518448
0.522375
0.526498
0.530473
0.534609
0.538641
0.542576
0.546436
0.550213
0.554153
0.557731
0.561558
0.565206
0.568849
0.572401
0.575966
0.579482
0.583034
0.586343
0.589863
0.593198
0.596543
0.599709
0.602991
0.606010
0.609201
0.612470
0.615586
0.618610
0.621716
0.624839
0.627672
0.630572
0.633504
0.636334
0.639151
0.641902
0.644717
0.647578
0.650297
0.652998
0.655892
0.658617
0.661260
0.663973
0.666631
0.669333
0.671968
0.674476
0.676925
0.679523
0.681988
0.684614
0.687131
0.689530
0.692082
0.694565
0.696858
0.699266
0.701699
0.703948
0.706233
0.708534
0.710930
0.713120
0.715259
0.717322
0.719462
0.721424
0.723412
0.725473
0.727663
0.729632
0.731424
0.733506
0.735385
0.737358
0.739191
0.740923
0.742734
0.744591
0.746237
0.747957
0.749656
0.751336
0.753014
0.754657
0.756200
0.757918
0.759496
0.760831
0.762232
0.763699
0.765020
0.766218
0.767520
0.768770
0.770050
0.771180
0.772447
0.773630
0.774613
0.775513
0.776422
0.777327
0.777992
0.778815
0.779605
0.780360
0.781171
0.781924
0.782464
0.783121
0.783744
0.784485
0.785009
0.785680
0.786176
0.786630
0.787137
0.787622
0.788217
0.788646
0.789063
0.789496
0.789874
0.790182
0.790454
0.790933
0.791321
0.791743
0.792097
0.792351
0.792726
0.793091
0.793129
0.793331
0.793666
0.793744
0.793857
0.793911
0.793923
0.793994
0.793923
0.793914
0.793873
0.793867
0.793664
0.793435
0.793235
0.792974
0.792709
0.792121
0.791591
0.791118
0.790617
0.790085
0.789268
0.788573
0.787978
0.787104
0.786163
0.785365
0.784382
0.783334
0.782450
0.781353
0.780364
0.779105
0.777951
0.776720
0.775448
0.774261
0.773042
0.771762
0.770506
0.769100
0.767985
0.766513
0.765332
0.763881
0.762578
0.761332
0.759934
0.758505
0.757005
0.755497
0.754049
0.752590
0.751153
0.749636
0.748119
0.746535
0.745022
0.743339
0.741664
0.740029
0.738161
0.736332
0.734584
0.732771
0.730860
0.728936
0.726886
0.724935
0.722933
0.720929
0.718967
0.716833
0.714551
0.712379
0.710090
0.707863
0.705464
0.703082
0.700548
0.698293
0.695909
0.693528
0.691061
0.688429
0.686043
0.683570
0.680982
0.678405
0.675728
0.673032
0.670255
0.667546
0.664722
0.662009
0.659177
0.656466
0.653764
0.651067
0.648353
0.645391
0.642545
0.639668
0.636870
0.634116
0.631200
0.628386
0.625454
0.622540
0.619668
0.616701
0.613738
0.610805
0.607830
0.604826
0.601841
0.598778
0.595566
0.592468
0.589319
0.586033
0.582752
0.579332
0.575959
0.572474
0.569015
0.565397
0.561654
0.557980
0.554063
0.550258
0.546444
0.542382
0.538357
0.534306
0.530152
0.525920
0.521729
0.517406
0.513068
0.508783
0.504432
0.499957
0.495746
0.491379
0.487077
0.482604
0.478268
0.473960
0.469496
0.465199
0.461007
0.456806
0.452653
0.448530
0.444409
0.440411
0.436396
0.432302
0.428314
0.424467
0.420527
0.416642
0.412887
0.409249
0.405467
0.401778
0.397891
0.394256
0.390449
0.386788
0.383136
0.379394
0.375658
0.371977
0.368235
0.364331
0.360447
0.356647
0.352597
0.348591
0.344609
0.340337
0.336075
0.331697
0.327404
0.323038
0.318510
0.313970
0.309429
0.304734
0.300146
0.295296
0.290378
0.285437
0.280404
0.275566
0.270454
0.265288
0.260109
0.254965
0.249888
0.244662
0.239509
0.234401
0.229208
0.224157
0.218863
0.213774
0.208702
0.203519
0.198413
0.193521
0.188614
0.183468
0.178382
0.173395
0.168328
0.163385
0.158537
0.153551
0.148504
0.143589
0.138773
0.133862
0.129026
0.124028
0.119093
0.113997
0.108949
0.103886
0.098951
0.093780
0.088815
0.083679
0.078536
0.073523
0.068228
0.063022
0.057813
0.052588
0.047381
0.042013
0.036783
0.031471
0.026205
0.021094
0.015874
0.010709
0.005349
0.000089
-0.005085
-0.010314
-0.015618
-0.020798
-0.026038
-0.031493
-0.036657
-0.041826
-0.046901
-0.052230
-0.057303
-0.062595
-0.067874
-0.072971
-0.078094
-0.083203
-0.088314
-0.093583
-0.098657
-0.103725
-0.108859
-0.113854
-0.119075
-0.124097
-0.129164
-0.134287
-0.139282
-0.144156
-0.149040
-0.153943
-0.158772
-0.163682
-0.168625
-0.173466
-0.178068
-0.182584
-0.187337
-0.191910
-0.196689
-0.201289
-0.205835
-0.210166
-0.214589
-0.219024
-0.223378
-0.227680
-0.232105
-0.236486
-0.240778
-0.245225
-0.249513
-0.253836
-0.258107
-0.262322
-0.266483
-0.270689
-0.274882
-0.279113
-0.283214
-0.287484
-0.291810
-0.296071
-0.300284
-0.304589
-0.308936
-0.313250
-0.317547
-0.321824
-0.326192
-0.330298
-0.334617
-0.338898
-0.343310
-0.347562
-0.351982
-0.356205
-0.360431
-0.364717
-0.369084
-0.373328
-0.377534
-0.381802
-0.386057
-0.390355
-0.394491
-0.399063
-0.403296
-0.407439
-0.411641
-0.415912
-0.420169
-0.424355
-0.428670
-0.432863
-0.437056
-0.441343
-0.445536
-0.449809
-0.454184
-0.458531
-0.462960
-0.467412
-0.471532
-0.475725
-0.480127
-0.484613
-0.489038
-0.493399
-0.497810
-0.502205
-0.506527
-0.510855
-0.515149
-0.519333
-0.523614
-0.527822
-0.531989
-0.536248
-0.540421
-0.544486
-0.548526
-0.552325
-0.556342
-0.560092
-0.563795
-0.567498
-0.571062
-0.574608
-0.578123
-0.581536
-0.584723
-0.588025
-0.591199
-0.594216
-0.597232
-0.600199
-0.603082
-0.606006
-0.608784
-0.611548
-0.614160
-0.616912
-0.619628
-0.622218
-0.624921
-0.627434
-0.630055
-0.632620
-0.635268
-0.637728
-0.640320
-0.643084
-0.645687
-0.648459
-0.651032
-0.653768
-0.656688
-0.659496
-0.662174
-0.664780
-0.667614
-0.670287
-0.673097
-0.675904
-0.678693
-0.681518
-0.684498
-0.687345
-0.690159
-0.692979
-0.695757
-0.698630
-0.701377
-0.704003
-0.706531
-0.709101
-0.711788
-0.714399
-0.716739
-0.719259
-0.721664
-0.723925
-0.726197
-0.728342
-0.730476
-0.732677
-0.734813
-0.736940
-0.738972
-0.740801
-0.742812
-0.744564
-0.746286
-0.748032
-0.750034
-0.751702
-0.753368
-0.755128
-0.756570
-0.758335
-0.759840
-0.761446
-0.763027
-0.764630
-0.766149
-0.767657
-0.769002
-0.770490
-0.771947
-0.773373
-0.774699
-0.775972
-0.777396
-0.778710
-0.779949
-0.781143
-0.782225
-0.783239
-0.784414
-0.785447
-0.786304
-0.787169
-0.788206
-0.789212
-0.789973
-0.790837
-0.791623
-0.792412
-0.793069
-0.793728
-0.794297
-0.794981
-0.795506
-0.795972
-0.796450
-0.796800
-0.797265
-0.797719
-0.798275
-0.798650
-0.798928
-0.799216
-0.799586
-0.799877
-0.800116
-0.800279
-0.800551
-0.800669
-0.800717
-0.800803
-0.800858
-0.800886
-0.800885
-0.800918
-0.800807
-0.800753
-0.800582
-0.800442
-0.800194
-0.800030
-0.799712
-0.799357
-0.799250
-0.798875
-0.798530
-0.798003
-0.797589
-0.797164
-0.796652
-0.796094
-0.795675
-0.795098
-0.794372
-0.793692
-0.793226
-0.792533
-0.791700
-0.790957
-0.790164
-0.789241
-0.788496
-0.787543
-0.786580
-0.785549
-0.784422
-0.783394
-0.782122
-0.780897
-0.779735
-0.778373
-0.776981
-0.775525
-0.774027
-0.772449
-0.770765
-0.768953
-0.767204
-0.765429
-0.763602
-0.761718
-0.759758
-0.757762
-0.755706
-0.753632
-0.751461
-0.749241
-0.746997
-0.744775
-0.742632
-0.740420
-0.738019
-0.735766
-0.733538
-0.731299
-0.729034
-0.726646
-0.724313
-0.722018
-0.719853
-0.717551
-0.715391
-0.713134
-0.710761
-0.708582
-0.706537
-0.704442
-0.702005
-0.699788
-0.697767
-0.695724
-0.693457
-0.691135
-0.689105
-0.686862
-0.684593
-0.682319
-0.680116
-0.677907
-0.675361
-0.673091
-0.670789
-0.668178
-0.665680
-0.663135
-0.660468
-0.657861
-0.655253
-0.652531
-0.649834
-0.646900
-0.644156
-0.641144
-0.638128
-0.635240
-0.632142
-0.628960
-0.625767
-0.622660
-0.619508
-0.616540
-0.613198
-0.609891
-0.606418
-0.603198
-0.599819
-0.596429
-0.593086
-0.589732
-0.586517
-0.583148
-0.579838
-0.576245
-0.572718
-0.569319
-0.565860
-0.562437
-0.558966
-0.555355
-0.551722
-0.548257
-0.544708
-0.541050
-0.537249
-0.533627
-0.529805
-0.526145
-0.522540
-0.518584
-0.514636
-0.510785
-0.507024
-0.503053
-0.498984
-0.494843
-0.490750
-0.486738
-0.482549
-0.478373
-0.474030
-0.469793
-0.465608
-0.461371
-0.457164
-0.452961
-0.448597
-0.444451
-0.440172
-0.435908
-0.431636
-0.427427
-0.423084
-0.418897
-0.414587
-0.410413
-0.406163
-0.401906
-0.397790
-0.393571
-0.389472
-0.385363
-0.381267
-0.377121
-0.372986
-0.368733
-0.364805
-0.360750
-0.356777
-0.352644
-0.348695
-0.344784
-0.340605
-0.336587
-0.332425
-0.328490
-0.324305
-0.320324
-0.316184
-0.311946
-0.307779
-0.303536
-0.299424
-0.295226
-0.290988
-0.286579
-0.282177
-0.277846
-0.273402
-0.268940
-0.264516
-0.259890
-0.255089
-0.250508
-0.245818
-0.240996
-0.236219
-0.231368
-0.226489
-0.221495
-0.216492
-0.211465
-0.206416
-0.201430
-0.196477
-0.191371
-0.186260
-0.181112
-0.176010
-0.170802
-0.165539
-0.160252
-0.155028
-0.149879
-0.144653
-0.139387
-0.134157
-0.128923
-0.123810
-0.118651
-0.113459
-0.108318
-0.103225
-0.098072
-0.092817
-0.087859
-0.082639
-0.077515
-0.072453
-0.067387
-0.062221
-0.057266
-0.052313
-0.047276
-0.042160
-0.037008
-0.032036
-0.027050
-0.021996
-0.016914
-0.011924
-0.006808
-0.001807
0.003242
0.008329
0.013403
0.018518
0.023715
0.028840
0.033898
0.039081
0.044206
0.049239
0.054472
0.059652
0.064805
0.069965
0.075141
0.080367
0.085537
0.090734
0.095880
0.100971
0.106032
0.111197
0.116308
0.121463
0.126500
0.131578
0.136612
0.141708
0.146733
0.151714
0.156656
0.161606
0.166442
0.171190
0.176086
0.180877
0.185771
0.190547
0.195223
0.199968
0.204515
0.209171
0.213735
0.218552
0.223138
0.227608
0.232335
0.236805
0.241343
0.245872
0.250426
0.254853
0.259510
0.263975
0.268382
0.272933
0.277425
0.281902
0.286542
0.290971
0.295577
0.300123
0.304696
0.309283
0.313835
0.318279
0.322781
0.327320
0.331741
0.336351
0.340819
0.345350
0.350007
0.354622
0.358993
0.363570
0.368080
0.372392
0.376789
0.381206
0.385650
0.390073
0.394440
0.398881
0.403159
0.407377
0.411662
0.415836
0.420134
0.424359
0.428598
0.432770
0.436821
0.440996
0.445201
0.449281
0.453350
0.457485
0.461619
0.465599
0.469537
0.473582
0.477746
0.481830
0.485925
0.489885
0.493881
0.497778
0.501852
0.505918
0.509865
0.513854
0.517691
0.521654
0.525463
0.529315
0.533076
0.537088
0.541039
0.544763
0.548398
0.552114
0.555881
0.559671
0.563187
0.566878
0.570445
0.574019
0.577400
0.580967
0.584495
0.587975
0.591412
0.594698
0.597990
0.601233
0.604481
0.607601
0.610829
0.613881
0.617090
0.620286
0.623238
0.626049
0.628993
0.631845
0.634647
0.637511
0.640336
0.642974
0.645779
0.648567
0.651231
0.653991
0.656428
0.659022
0.661719
0.664325
0.666774
0.669172
0.671688
0.674276
0.676738
0.679346
0.681929
0.684288
0.686669
0.689148
0.691624
0.694055
0.696361
0.698830
0.701260
0.703469
0.705789
0.708055
0.710484
0.712618
0.715104
0.717351
0.719579
0.721606
0.723758
0.725985
0.728236
0.730305
0.732311
0.734444
0.736445
0.738404
0.740350
0.742221
0.744324
0.746196
0.748118
0.750009
0.751931
0.753703
0.755597
0.757382
0.758958
0.760620
0.762226
0.764086
0.765593
0.767066
0.768740
0.770372
0.771809
0.773165
0.774618
0.775850
0.777146
0.778474
0.779570
0.780647
0.781831
0.782786
0.783832
0.784795
0.785631
0.786414
0.787253
0.788083
0.788740
0.789314
0.789837
0.790247
0.790683
0.791199
0.791466
0.791673
0.791917
0.792264
0.792527
0.792697
0.792643
0.792795
0.792729
0.792766
0.792658
0.792677
0.792464
0.792314
0.792215
0.792134
0.791959
0.791645
0.791338
0.791273
0.791024
0.790557
0.790441
0.790174
0.789881
0.789633
0.789282
0.788865
0.788583
0.788115
0.787661
0.787314
0.786757
0.786180
0.785719
0.785233
0.784879
0.784055
0.783537
0.782803
0.782049
0.781251
0.780471
0.779711
0.778898
0.778085
0.777213
0.776381
0.775576
0.774650
0.773714
0.772646
0.771682
0.770692
0.769802
0.768763
0.767719
0.766768
0.765857
0.764887
0.763953
0.763099
0.762008
0.760989
0.760073
0.759128
0.758150
0.757037
0.755964
0.754811
0.753949
0.752924
0.751866
0.750602
0.749434
0.748231
0.746832
0.745479
0.744095
0.742657
0.741005
0.739372
0.737763
0.735893
0.733992
0.732221
0.730224
0.728189
0.726105
0.723821
0.721471
0.719289
0.716720
0.714300
0.711682
0.709118
0.706563
0.703950
0.701190
0.698553
0.695706
0.692859
0.689924
0.687207
0.684433
0.681548
0.678599
0.675748
0.672910
0.670099
0.667200
0.664239
0.661394
0.658563
0.655666
0.652930
0.650213
0.647237
0.644314
0.641514
0.638707
0.635787
0.632966
0.629970
0.626900
0.623893
0.620809
0.617783
0.614704
0.611727
0.608631
0.605479
0.602313
0.599022
0.595567
0.592121
0.588788
0.585352
0.581865
0.578176
0.574758
0.571257
0.567434
0.563697
0.560065
0.556419
0.552689
0.548859
0.545131
0.541275
0.537508
0.533638
0.529722
0.525808
0.522054
0.518120
0.514203
0.510392
0.506635
0.502814
0.499018
0.495111
0.491375
0.487416
0.483408
0.479539
0.475597
0.471843
0.468087
0.464368
0.460526
0.456749
0.452830
0.449043
0.445293
0.441492
0.437538
0.433675
0.429828
0.426019
0.422179
0.418382
0.414414
0.410449
0.406541
0.402558
0.398322
0.394379
0.390427
0.386366
0.382338
0.378357
0.374239
0.369882
0.365615
0.361360
0.357071
0.352754
0.348417
0.344089
0.339819
0.335337
0.330923
0.326571
0.321923
0.317363
0.312861
0.308308
0.303831
0.299190
0.294555
0.290074
0.285418
0.280818
0.276091
0.271397
0.266728
0.262157
0.257355
0.252611
0.247816
0.243065
0.238081
0.233220
0.228287
0.223478
0.218533
0.213702
0.208882
0.203979
0.199079
0.193923
0.188745
0.183770
0.178904
0.173814
0.168813
0.163688
0.158457
0.153358
0.148366
0.143346
0.138312
0.133087
0.127781
0.122772
0.117728
0.112680
0.107485
0.102396
0.097404
0.092440
0.087393
0.082228
0.077065
0.071854
0.066792
0.061818
0.056819
0.051598
0.046412
0.041452
0.036367
0.031386
0.026094
0.021114
0.016077
0.011039
0.006118
0.001055
-0.003956
-0.008934
-0.013865
-0.018756
-0.023672
-0.028739
-0.033635
-0.038619
-0.043626
-0.048465
-0.053318
-0.058339
-0.063213
-0.068242
-0.073036
-0.077998
-0.082774
-0.087722
-0.092586
-0.097475
-0.102383
-0.107531
-0.112518
-0.117540
-0.122485
-0.127335
-0.132316
-0.137378
-0.142601
-0.147574
-0.152685
-0.157704
-0.162589
-0.167580
-0.172520
-0.177575
-0.182704
-0.187680
-0.192669
-0.197711
-0.202563
-0.207557
-0.212336
-0.217294
-0.222113
-0.227094
-0.231917
-0.236691
-0.241359
-0.246289
-0.250986
-0.255925
-0.260713
-0.265212
-0.269944
-0.274684
-0.279324
-0.284053
-0.288655
-0.293249
-0.297843
-0.302511
-0.307256
-0.311829
-0.316290
-0.320711
-0.325312
-0.329704
-0.334287
-0.338615
-0.342944
-0.347140
-0.351479
-0.355859
-0.360263
-0.364306
-0.368554
-0.372520
-0.376776
-0.380850
-0.385015
-0.389079
-0.393200
-0.397438
-0.401525
-0.405486
-0.409504
-0.413585
-0.417649
-0.421879
-0.426106
-0.430209
-0.434469
-0.438729
-0.443022
-0.447405
-0.451760
-0.456096
-0.460616
-0.465066
-0.469402
-0.473856
-0.478277
-0.482791
-0.487379
-0.491827
-0.496351
-0.500643
-0.505000
-0.509587
-0.513929
-0.518313
-0.522541
-0.526566
-0.530724
-0.534679
-0.538777
-0.542765
-0.546474
-0.550194
-0.553948
-0.557623
-0.561170
-0.564631
-0.568046
-0.571279
-0.574493
-0.577577
-0.580670
-0.583758
-0.586903
-0.589911
-0.592675
-0.595567
-0.598483
-0.601404
-0.604060
-0.606834
-0.609604
-0.612362
-0.615133
-0.618024
-0.620809
-0.623652
-0.626432
-0.629221
-0.632099
-0.634923
-0.637967
-0.640892
-0.643848
-0.646768
-0.649832
-0.652871
-0.655823
-0.658963
-0.661906
-0.665021
-0.667944
-0.670978
-0.674069
-0.677128
-0.680137
-0.683078
-0.686113
-0.688961
-0.691778
-0.694514
-0.697358
-0.699996
-0.702603
-0.705368
-0.708027
-0.710279
-0.712786
-0.714973
-0.717286
-0.719596
-0.721784
-0.723832
-0.725849
-0.727806
-0.729724
-0.731715
-0.733509
-0.735279
-0.737028
-0.738702
-0.740425
-0.742188
-0.743846
-0.745609
-0.747255
-0.748898
-0.750299
-0.751988
-0.753608
-0.755136
-0.756623
-0.758129
-0.759624
-0.761097
-0.762443
-0.763950
-0.765349
-0.766681
-0.767857
-0.769225
-0.770461
-0.771732
-0.772910
-0.773997
-0.774949
-0.776023
-0.777012
-0.777998
-0.779037
-0.779840
-0.780637
-0.781437
-0.782174
-0.782703
-0.783490
-0.784097
-0.784676
-0.785182
-0.785677
-0.786159
-0.786651
-0.787112
-0.787574
-0.787925
-0.788261
-0.788662
-0.789044
-0.789257
-0.789457
-0.789701
-0.789863
-0.790052
-0.790202
-0.790220
-0.790418
-0.790568
-0.790605
-0.790669
-0.790735
-0.790682
-0.790740
-0.790842
-0.790868
-0.790854
-0.790696
-0.790663
-0.790436
-0.790124
-0.790123
-0.789942
-0.789789
-0.789615
-0.789315
-0.789074
-0.788858
-0.788618
-0.788418
-0.788109
-0.787760
-0.787436
-0.787051
-0.786709
-0.786371
-0.785772
-0.785344
-0.784963
-0.784395
-0.783836
-0.783301
-0.782748
-0.782164
-0.781486
-0.780741
-0.780051
-0.779270
-0.778477
-0.777585
-0.776835
-0.775817
-0.774832
-0.773938
-0.772904
-0.771744
-0.770591
-0.769406
-0.768140
-0.766880
-0.765500
-0.764140
-0.762629
-0.761118
-0.759471
-0.757817
-0.756114
-0.754422
-0.752707
-0.750776
-0.748891
-0.746918
-0.744955
-0.742875
-0.740818
-0.738714
-0.736654
-0.734582
-0.732220
-0.729989
-0.727775
-0.725592
-0.723235
-0.721049
-0.718936
-0.716456
-0.714142
-0.711904
-0.709559
-0.707366
-0.705220
-0.702930
-0.700730
-0.698339
-0.696055
-0.693869
-0.691735
-0.689425
-0.687086
-0.684813
-0.682784
-0.680605
-0.678292
-0.676123
-0.673864
-0.671562
-0.669263
-0.666890
-0.664559
-0.662133
-0.659655
-0.657314
-0.654788
-0.652282
-0.649641
-0.646972
-0.644357
-0.641549
-0.638697
-0.635752
-0.632853
-0.629747
-0.626607
-0.623447
-0.620356
-0.616990
-0.613639
-0.610057
-0.606583
-0.603058
-0.599437
-0.595601
-0.591761
-0.588030
-0.584211
-0.580277
-0.576248
-0.572211
-0.568078
-0.564036
-0.559892
-0.555505
-0.551492
-0.547308
-0.543272
-0.539209
-0.535179
-0.530960
-0.526920
-0.522933
-0.519024
-0.515074
-0.510983
-0.507119
-0.503161
-0.499378
-0.495480
-0.491888
-0.488202
-0.484440
-0.480752
-0.477146
-0.473660
-0.470151
-0.466487
-0.463005
-0.459485
-0.455920
-0.452493
-0.448942
-0.445230
-0.441767
-0.438095
-0.434452
-0.430904
-0.427081
-0.423304
-0.419390
-0.415595
-0.411726
-0.407597
-0.403543
-0.399523
-0.395513
-0.391295
-0.387053
-0.382901
-0.378467
-0.373941
-0.369494
-0.365105
-0.360711
-0.356160
-0.351519
-0.346817
-0.342208
-0.337586
-0.332833
-0.328119
-0.323438
-0.318780
-0.314078
-0.309436
-0.304659
-0.299954
-0.295389
-0.290618
-0.285870
-0.281048
-0.276238
-0.271470
-0.266881
-0.262042
-0.257345
-0.252510
-0.247651
-0.243057
-0.238212
-0.233414
-0.228622
-0.223841
-0.218962
-0.214140
-0.209361
-0.204514
-0.199685
-0.194827
-0.189987
-0.185149
-0.180130
-0.175139
-0.170256
-0.165134
-0.160262
-0.155443
-0.150368
-0.145398
-0.140319
-0.135170
-0.130095
-0.124948
-0.119972
-0.114721
-0.109608
-0.104545
-0.099290
-0.094138
-0.088986
-0.083822
-0.078695
-0.073484
-0.068359
-0.063296
-0.058112
-0.052929
-0.047907
-0.042724
-0.037793
-0.032770
-0.027736
-0.022858
-0.018097
-0.013144
-0.008227
-0.003454
0.001314
0.005934
0.010735
0.015512
0.020153
0.024962
0.029495
0.034071
0.038713
0.043466
0.048230
0.053038
0.057786
0.062457
0.067221
0.072000
0.076826
0.081730
0.086646
0.091581
0.096525
0.101644
0.106646
0.111882
0.116912
0.122052
0.127225
0.132477
0.137670
0.142742
0.147943
0.153102
0.158319
0.163685
0.168938
0.174157
0.179360
0.184473
0.189594
0.194583
0.199744
0.204747
0.209842
0.214951
0.219842
0.224752
0.229690
0.234705
0.239736
0.244710
0.249544
0.254308
0.259194
0.264139
0.269065
0.273884
0.278821
0.283504
0.288270
0.293052
0.297901
0.302545
0.307276
0.312132
0.316817
0.321619
0.326079
0.330677
0.335389
0.339888
0.344538
0.349012
0.353533
0.357910
0.362383
0.366666
0.370931
0.375318
0.379701
0.383994
0.388288
0.392527
0.396761
0.400897
0.405128
0.409294
0.413495
0.417518
0.421761
0.425956
0.430160
0.434292
0.438441
0.442658
0.446941
0.451072
0.455281
0.459478
0.463595
0.467731
0.471941
0.476051
0.480291
0.484497
0.488696
0.492752
0.496778
0.500794
0.504871
0.508922
0.512915
0.516895
0.520640
0.524374
0.528195
0.532086
0.535807
0.539371
0.542916
0.546265
0.549845
0.553252
0.556523
0.559853
0.563139
0.566441
0.569572
0.572691
0.575818
0.578825
0.581831
0.584829
0.587772
0.590707
0.593564
0.596609
0.599500
0.602411
0.605316
0.608180
0.611284
0.614079
0.616913
0.619893
0.622866
0.625736
0.628669
0.631725
0.634684
0.637649
0.640626
0.643706
0.646646
0.649586
0.652513
0.655470
0.658506
0.661404
0.664228
0.667123
0.669983
0.672632
0.675370
0.678139
0.680628
0.683368
0.685907
0.688462
0.690895
0.693365
0.695763
0.698048
0.700382
0.702681
0.704975
0.707007
0.709200
0.711426
0.713661
0.715693
0.717778
0.719775
0.721866
0.723981
0.725893
0.727944
0.729945
0.731983
0.734087
0.736112
0.738147
0.740149
0.742099
0.744127
0.746187
0.748155
0.750058
0.752013
0.753891
0.755693
0.757527
0.759351
0.761054
0.762692
0.764226
0.766010
0.767536
0.768898
0.770279
0.771761
0.773193
0.774429
0.775649
0.776700
0.777820
0.778719
0.779610
0.780518
0.781431
0.782145
0.782827
0.783477
0.784260
0.784875
0.785385
0.786078
0.786545
0.786891
0.787534
0.787937
0.788236
0.788664
0.788944
0.789419
0.789790
0.790101
0.790535
0.790925
0.791119
0.791525
0.791827
0.792124
0.792409
0.792723
0.792948
0.793357
0.793670
0.794036
0.794283
0.794624
0.795056
0.795421
0.795567
0.795762
0.796032
0.796235
0.796516
0.796732
0.796799
0.796865
0.796984
0.796933
0.796943
0.796897
0.796640
0.796344
0.796027
0.795827
0.795432
0.794944
0.794382
0.793900
0.793249
0.792335
0.791478
0.790563
0.789560
0.788566
0.787450
0.786367
0.785214
0.784072
0.782653
0.781392
0.779929
0.778609
0.777085
0.775596
0.774250
0.772622
0.771087
0.769742
0.768372
0.766831
0.765382
0.763824
0.762441
0.760736
0.759224
0.757802
0.756149
0.754674
0.753319
0.751877
0.750352
0.748918
0.747321
0.745768
0.744295
0.742695
0.741106
0.739488
0.737894
0.736260
0.734535
0.732740
0.731018
0.729226
0.727308
0.725446
0.723363
0.721354
0.719328
0.717172
0.715006
0.712580
0.710287
0.708055
0.705742
0.703406
0.700873
0.698241
0.695651
0.692880
0.690194
0.687430
0.684512
0.681649
0.678625
0.675596
0.672570
0.669410
0.666230
0.663001
0.659745
0.656381
0.653069
0.649627
0.646131
0.642615
0.639215
0.635697
0.632114
0.628503
0.625040
0.621323
0.617560
0.613914
0.610389
0.606698
0.603042
0.599620
0.596144
0.592524
0.589171
0.585588
0.582100
0.578613
0.575438
0.572053
0.568766
0.565517
0.562047
0.558915
0.555668
0.552454
0.549407
0.546292
0.543175
0.540035
0.536870
0.533724
0.530670
0.527388
0.524262
0.520945
0.517660
0.514339
0.510952
0.507773
0.504260
0.500584
0.497000
0.493246
0.489601
0.485860
0.481924
0.478054
0.474009
0.469946
0.465793
0.461695
0.457456
0.453240
0.448882
0.444488
0.440068
0.435597
0.431174
0.426619
0.422166
0.417659
0.413207
0.408670
0.403994
0.399449
0.394843
0.390175
0.385644
0.381180
0.376607
0.372115
0.367481
0.363007
0.358557
0.353945
0.349357
0.344933
0.340301
0.335863
0.331245
0.326730
0.322027
0.317547
0.313076
0.308564
0.304119
0.299450
0.294925
0.290413
0.285843
0.281258
0.276692
0.272240
0.267712
0.263082
0.258439
0.253935
0.249253
0.244721
0.240266
0.235783
0.231228
0.226641
0.222274
0.217818
0.213234
0.208693
0.204295
0.199646
0.195206
0.190631
0.186064
0.181504
0.176894
0.172267
0.167655
0.163013
0.158468
0.153936
0.149206
0.144602
0.139750
0.134998
0.130183
0.125258
0.120325
0.115318
0.110288
0.105233
0.100306
0.095422
0.090189
0.085002
0.079785
0.074637
0.069310
0.063943
0.058612
0.053085
0.047749
0.042250
0.036757
0.031393
0.026084
0.020541
0.015025
0.009344
0.003839
-0.001785
-0.007297
-0.012731
-0.018181
-0.023675
-0.029283
-0.034778
-0.040295
-0.045745
-0.051228
-0.056638
-0.062006
-0.067395
-0.072693
-0.078000
-0.083304
-0.088444
-0.093694
-0.098892
-0.104194
-0.109229
-0.114205
-0.119235
-0.124426
-0.129339
-0.134332
-0.139214
-0.144067
-0.148955
-0.153637
-0.158528
-0.163270
-0.167951
-0.172758
-0.177505
-0.182117
-0.186793
-0.191445
-0.196072
-0.200762
-0.205289
-0.209847
-0.214236
-0.218652
-0.222901
-0.227424
-0.231854
-0.236337
-0.240708
-0.245175
-0.249588
-0.253840
-0.258004
-0.262379
-0.266644
-0.271026
-0.275185
-0.279406
-0.283788
-0.288134
-0.292460
-0.296730
-0.301002
-0.305288
-0.309517
-0.313833
-0.318220
-0.322505
-0.326884
-0.331127
-0.335529
-0.340052
-0.344610
-0.348992
-0.353413
-0.357815
-0.362394
-0.366807
-0.371335
-0.376050
-0.380581
-0.385157
-0.389663
-0.394096
-0.398805
-0.403394
-0.407864
-0.412455
-0.416941
-0.421461
-0.426124
-0.430582
-0.434928
-0.439384
-0.443719
-0.448167
-0.452586
-0.456927
-0.461284
-0.465600
-0.469985
-0.474095
-0.478224
-0.482294
-0.486348
-0.490378
-0.494536
-0.498650
-0.502880
-0.506962
-0.510945
-0.514630
-0.518695
-0.522527
-0.526554
-0.530525
-0.534488
-0.538510
-0.542207
-0.545937
-0.549813
-0.553670
-0.557382
-0.561168
-0.564869
-0.568611
-0.572256
-0.575961
-0.579498
-0.583043
-0.586527
-0.590145
-0.593698
-0.597123
-0.600586
-0.603738
-0.606926
-0.610236
-0.613464
-0.616801
-0.619884
-0.622951
-0.625943
-0.628798
-0.631982
-0.634871
-0.637815
-0.640771
-0.643609
-0.646375
-0.649209
-0.651959
-0.654639
-0.657349
-0.659813
-0.662457
-0.665382
-0.668153
-0.670857
-0.673456
-0.676048
-0.678578
-0.681029
-0.683607
-0.685984
-0.688491
-0.691018
-0.693494
-0.695896
-0.698281
-0.700653
-0.702958
-0.705172
-0.707366
-0.709687
-0.712019
-0.714188
-0.716245
-0.718378
-0.720521
-0.722541
-0.724451
-0.726472
-0.728536
-0.730491
-0.732492
-0.734530
-0.736435
-0.738389
-0.740215
-0.742108
-0.744058
-0.746012
-0.747870
-0.749850
-0.751687
-0.753445
-0.755352
-0.757215
-0.759046
-0.760936
-0.762620
-0.764393
-0.766028
-0.767553
-0.769267
-0.770890
-0.772304
-0.773620
-0.774962
-0.776095
-0.777205
-0.778409
-0.779544
-0.780524
-0.781399
-0.782336
-0.783076
-0.783779
-0.784555
-0.785019
-0.785568
-0.785833
-0.786319
-0.786795
-0.787085
-0.787515
-0.787716
-0.788129
-0.788496
-0.788854
-0.789317
-0.789739
-0.789979
-0.790244
-0.790565
-0.791147
-0.791529
-0.791805
-0.792191
-0.792632
-0.793112
-0.793300
-0.793496
-0.793916
-0.794247
-0.794664
-0.794894
-0.795145
-0.795166
-0.795271
-0.795338
-0.795197
-0.795078
-0.794821
-0.794519
-0.794187
-0.793808
-0.793346
-0.792787
-0.792352
-0.791779
-0.790903
-0.790239
-0.789379
-0.788570
-0.787623
-0.786747
-0.785893
-0.784910
-0.783981
-0.783041
-0.782049
-0.780934
-0.780046
-0.779129
-0.778209
-0.777329
-0.776405
-0.775459
-0.774449
-0.773492
-0.772631
-0.771616
-0.770652
-0.769559
-0.768736
-0.767801
-0.766836
-0.765883
-0.765001
-0.763997
-0.762997
-0.761984
-0.760891
-0.759734
-0.758559
-0.757616
-0.756667
-0.755501
-0.754291
-0.753075
-0.751909
-0.750755
-0.749389
-0.748138
-0.746897
-0.745632
-0.744247
-0.742881
-0.741312
-0.739838
-0.738356
-0.736725
-0.734939
-0.733170
-0.731438
-0.729680
-0.727882
-0.725978
-0.723978
-0.721921
-0.719791
-0.717584
-0.715253
-0.712897
-0.710491
-0.708025
-0.705541
-0.703027
-0.700471
-0.697780
-0.695127
-0.692439
-0.689692
-0.686888
-0.684121
-0.681431
-0.678701
-0.675916
-0.673044
-0.670128
-0.667326
-0.664394
-0.661616
-0.658832
-0.656050
-0.653230
-0.650465
-0.647715
-0.644835
-0.642043
-0.639119
-0.636318
-0.633357
-0.630571
-0.627659
-0.624667
-0.621765
-0.618855
-0.615965
-0.612800
-0.609569
-0.606542
-0.603226
-0.600092
-0.596941
-0.593574
-0.590158
-0.586641
-0.583198
-0.579741
-0.576265
-0.572552
-0.568879
-0.565102
-0.561302
-0.557599
-0.553928
-0.550147
-0.546334
-0.542388
-0.538517
-0.534667
-0.530774
-0.526810
-0.522796
-0.518805
-0.514767
-0.510820
-0.506923
-0.502892
-0.499015
-0.494954
-0.490955
-0.486847
-0.482707
-0.478640
-0.474610
-0.470649
-0.466611
-0.462496
-0.458333
-0.454144
-0.449791
-0.445652
-0.441392
-0.437276
-0.433086
-0.428792
-0.424476
-0.420225
-0.415872
-0.411537
-0.407256
-0.402801
-0.398501
-0.394115
-0.389929
-0.385612
-0.381358
-0.377023
-0.372606
-0.368130
-0.363761
-0.359454
-0.355165
-0.350733
-0.346672
-0.342486
-0.338126
-0.333831
-0.329554
-0.325284
-0.321117
-0.316710
-0.312220
-0.307934
-0.303736
-0.299247
-0.294904
-0.290440
-0.285984
-0.281499
-0.276820
-0.272330
-0.267622
-0.262783
-0.258004
-0.253193
-0.248287
-0.243473
-0.238559
-0.233531
-0.228390
-0.223236
-0.217922
-0.212856
-0.207592
-0.202449
-0.197348
-0.192028
-0.186657
-0.181267
-0.175885
-0.170702
-0.165432
-0.160249
-0.155108
-0.149838
-0.144774
-0.139642
-0.134513
-0.129631
-0.124632
-0.119667
-0.114626
-0.109711
-0.104850
-0.099920
-0.095149
-0.090381
-0.085458
-0.080631
-0.075746
-0.071003
-0.066320
-0.061568
-0.056743
-0.051945
-0.047089
-0.042310
-0.037222
-0.032148
-0.027116
-0.022172
-0.017263
-0.012212
-0.007041
-0.002052
0.002900
0.008024
0.013265
0.018204
0.023413
0.028457
0.033590
0.038649
0.043650
0.048846
0.053802
0.058666
0.063536
0.068462
0.073281
0.078144
0.083010
0.087681
0.092391
0.096881
0.101493
0.106167
0.110705
0.115304
0.119956
0.124445
0.129012
0.133576
0.138106
0.142801
0.147310
0.151882
0.156400
0.161064
0.165819
0.170524
0.175211
0.180133
0.184887
0.189766
0.194448
0.199289
0.204166
0.209086
0.214098
0.218914
0.223931
0.228864
0.233707
0.238590
0.243534
0.248518
0.253383
0.258347
0.263220
0.268245
0.273191
0.277902
0.282780
0.287618
0.292407
0.297104
0.302013
0.306807
0.311719
0.316506
0.321280
0.325947
0.330596
0.335345
0.340036
0.344741
0.349436
0.353934
0.358593
0.363139
0.367673
0.372164
0.376757
0.381263
0.385489
0.389946
0.394178
0.398533
0.402844
0.407084
0.411232
0.415382
0.419432
0.423464
0.427471
0.431287
0.435143
0.438875
0.442630
0.446420
0.450227
0.453851
0.457562
0.461173
0.464826
0.468364
0.471943
0.475374
0.479008
0.482555
0.486076
0.489571
0.492978
0.496614
0.500021
0.503556
0.507181
0.510784
0.514451
0.518045
0.521732
0.525316
0.528982
0.532413
0.535917
0.539789
0.543406
0.547106
0.550891
0.554631
0.558230
0.561994
0.565566
0.569141
0.572805
0.576635
0.580300
0.584003
0.587624
0.591243
0.594790
0.598380
0.601931
0.605501
0.609062
0.612554
0.616006
0.619380
0.622851
0.626339
0.629719
0.633161
0.636338
0.639569
0.642826
0.646046
0.649247
0.652361
0.655372
0.658505
0.661453
0.664501
0.667425
0.670394
0.673216
0.675960
0.678736
0.681421
0.683993
0.686720
0.689213
0.691846
0.694311
0.696755
0.699170
0.701423
0.703853
0.706115
0.708435
0.710489
0.712634
0.714767
0.716917
0.718993
0.720981
0.723084
0.725099
0.727235
0.729137
0.730985
0.732885
0.734811
0.736735
0.738614
0.740427
0.742335
0.744232
0.746156
0.748000
0.749675
0.751486
0.753289
0.755136
0.756781
0.758619
0.760392
0.762033
0.763751
0.765425
0.767040
0.768635
0.770368
0.772101
0.773632
0.775244
0.776666
0.778295
0.779901
0.781339
0.782678
0.784157
0.785599
0.786974
0.788120
0.789460
0.790630
0.791899
0.792896
0.794049
0.795287
0.796160
0.797124
0.798084
0.798746
0.799581
0.800229
0.800773
0.801304
0.801805
0.802199
0.802500
0.802734
0.802868
0.803219
0.803262
0.803376
0.803209
0.803052
0.803013
0.802751
0.802388
0.802014
0.801770
0.801381
0.801049
0.800630
0.800057
0.799773
0.799334
0.798586
0.797996
0.797377
0.796679
0.796054
0.795534
0.794837
0.794112
0.793546
0.792747
0.792017
0.791284
0.790469
0.789781
0.789045
0.788158
0.787236
0.786368
0.785483
0.784596
0.783781
0.782791
0.781733
0.780778
0.779949
0.778926
0.777812
0.776789
0.775758
0.774768
0.773736
0.772639
0.771484
0.770236
0.769101
0.767907
0.766819
0.765577
0.764445
0.763248
0.762022
0.760840
0.759550
0.758135
0.756958
0.755633
0.754138
0.752690
0.751208
0.749836
0.748303
0.746850
0.745275
0.743651
0.742158
0.740637
0.738963
0.737203
0.735617
0.733876
0.732135
0.730444
0.728332
0.726544
0.724897
0.722994
0.721095
0.719162
0.717233
0.715085
0.712922
0.710843
0.708693
0.706513
0.704232
0.702092
0.699925
0.697550
0.695126
0.692818
0.690408
0.687947
0.685456
0.682966
0.680326
0.677636
0.674971
0.672418
0.669523
0.666640
0.663910
0.661028
0.658235
0.655180
0.652153
0.649180
0.646324
0.643436
0.640134
0.637252
0.634073
0.630978
0.627893
0.624644
0.621470
0.618167
0.614832
0.611634
0.608215
0.604901
0.601555
0.598322
0.594844
0.591436
0.588002
0.584518
0.581050
0.577445
0.573801
0.570239
0.566794
0.563290
0.559672
0.556165
0.552478
0.548807
0.545251
0.541538
0.537728
0.534101
0.530416
0.526762
0.523028
0.519531
0.515951
0.512265
0.508615
0.504871
0.501300
0.497477
0.493898
0.490288
0.486547
0.482842
0.479110
0.475385
0.471638
0.467828
0.464069
0.460228
0.456383
0.452473
0.448568
0.444570
0.440563
0.436459
0.432335
0.428193
0.424004
0.419933
0.415767
0.411324
0.407032
0.402466
0.398153
0.393806
0.389216
0.384640
0.380025
0.375554
0.371094
0.366389
0.361811
0.357167
0.352692
0.347948
0.343317
0.338552
0.333907
0.329280
0.324708
0.319942
0.315224
0.310651
0.305885
0.301208
0.296429
0.291550
0.286839
0.282109
0.277259
0.272496
0.267727
0.262876
0.257954
0.253139
0.248244
0.243188
0.238309
0.233372
0.228265
0.223334
0.218323
0.213396
0.208189
0.203140
0.198214
0.193128
0.188158
0.183041
0.177946
0.172798
0.167752
0.162728
0.157529
0.152357
0.147318
0.142267
0.137167
0.132287
0.127141
0.122116
0.117001
0.111717
0.106512
0.101429
0.096339
0.091314
0.086118
0.080965
0.075791
0.070747
0.065530
0.060346
0.055139
0.050051
0.044853
0.039635
0.034466
0.029318
0.024245
0.019237
0.014079
0.008864
0.003726
-0.001052
-0.006042
-0.011213
-0.016260
-0.021235
-0.026119
-0.030957
-0.035875
-0.040700
-0.045359
-0.050211
-0.054987
-0.059653
-0.064440
-0.069246
-0.073799
-0.078471
-0.083157
-0.087914
-0.092322
-0.096867
-0.101418
-0.106035
-0.110526
-0.115122
-0.119567
-0.124176
-0.128788
-0.133412
-0.137915
-0.142400
-0.147033
-0.151636
-0.156031
-0.160625
-0.165360
-0.170045
-0.174761
-0.179584
-0.184246
-0.188975
-0.193707
-0.198482
-0.203309
-0.208122
-0.213039
-0.217994
-0.222889
-0.227949
-0.233027
-0.238144
-0.243084
-0.248090
-0.253293
-0.258429
-0.263631
-0.268734
-0.273942
-0.278988
-0.284304
-0.289478
-0.294615
-0.299601
-0.304759
-0.309999
-0.315081
-0.320113
-0.325158
-0.330143
-0.335161
-0.340270
-0.345211
-0.350077
-0.355009
-0.359854
-0.364590
-0.369377
-0.373856
-0.378442
-0.383075
-0.387545
-0.392235
-0.396529
-0.401089
-0.405506
-0.409835
-0.414141
-0.418385
-0.422572
-0.426870
-0.430984
-0.435175
-0.439086
-0.443154
-0.447198
-0.451170
-0.455002
-0.459106
-0.463079
-0.466805
-0.470714
-0.474616
-0.478415
-0.482171
-0.486036
-0.489862
-0.493701
-0.497563
-0.501351
-0.505099
-0.508935
-0.512942
-0.516779
-0.520548
-0.524322
-0.528343
-0.532375
-0.536105
-0.540020
-0.543730
-0.547597
-0.551538
-0.555482
-0.559248
-0.563222
-0.567075
-0.570970
-0.574716
-0.578455
-0.582386
-0.586084
-0.589654
-0.593338
-0.596993
-0.600407
-0.603854
-0.607354
-0.610751
-0.614028
-0.617446
-0.620755
-0.623944
-0.627068
-0.630133
-0.633383
-0.636121
-0.639218
-0.642046
-0.644961
-0.647889
-0.650579
-0.653387
-0.656188
-0.659048
-0.661744
-0.664444
-0.667216
-0.669959
-0.672616
-0.675276
-0.678127
-0.680726
-0.683290
-0.686061
-0.688706
-0.691234
-0.693927
-0.696675
-0.699334
-0.701967
-0.704602
-0.707231
-0.709965
-0.712572
-0.714938
-0.717376
-0.719858
-0.722202
-0.724732
-0.727011
-0.729407
-0.731655
-0.733839
-0.736084
-0.738366
-0.740267
-0.742219
-0.744188
-0.745803
-0.747722
-0.749589
-0.751323
-0.752980
-0.754507
-0.756111
-0.757715
-0.759183
-0.760577
-0.762003
-0.763294
-0.764525
-0.765772
-0.766986
-0.768106
-0.769298
-0.770475
-0.771643
-0.772870
-0.773715
-0.774851
-0.775702
-0.776679
-0.777707
-0.778756
-0.779879
-0.780899
-0.781953
-0.782767
-0.783785
-0.784756
-0.785682
-0.786556
-0.787537
-0.788422
-0.789268
-0.790165
-0.791180
-0.792145
-0.792996
-0.793863
-0.794730
-0.795481
-0.796274
-0.796937
-0.797702
-0.798145
-0.798649
-0.799307
-0.800042
-0.800719
-0.801131
-0.801581
-0.801831
-0.801973
-0.802044
-0.802152
-0.802196
-0.802172
-0.801903
-0.801812
-0.801674
-0.801344
-0.801202
-0.800727
-0.800224
-0.799731
-0.799168
-0.798580
-0.797850
-0.797080
-0.796271
-0.795424
-0.794692
-0.794003
-0.793192
-0.792478
-0.791670
-0.790804
-0.789969
-0.789228
-0.788320
-0.787575
-0.786873
-0.786137
-0.785654
-0.785165
-0.784454
-0.783829
-0.783149
-0.782545
-0.781808
-0.781173
-0.780511
-0.779733
-0.779148
-0.778428
-0.777824
-0.777094
-0.776315
-0.775440
-0.774442
-0.773409
-0.772427
-0.771399
-0.770285
-0.769126
-0.767855
-0.766606
-0.765164
-0.763825
-0.762375
-0.760864
-0.759256
-0.757313
-0.755809
-0.754150
-0.752442
-0.750876
-0.749130
-0.747390
-0.745474
-0.743709
-0.741964
-0.740111
-0.738239
-0.736388
-0.734528
-0.732500
-0.730436
-0.728595
-0.726688
-0.724635
-0.722580
-0.720579
-0.718456
-0.716437
-0.714150
-0.711790
-0.709618
-0.707197
-0.704727
-0.702148
-0.699555
-0.696911
-0.694262
-0.691434
-0.688760
-0.685977
-0.683057
-0.679971
-0.676951
-0.673858
-0.670814
-0.667575
-0.664597
-0.661396
-0.658223
-0.654956
-0.651636
-0.648525
-0.645230
-0.641964
-0.638807
-0.635598
-0.632408
-0.629284
-0.625993
-0.622819
-0.619644
-0.616485
-0.613311
-0.610203
-0.606999
-0.604063
-0.600928
-0.597811
-0.594789
-0.591766
-0.588414
-0.585228
-0.582075
-0.578773
-0.575544
-0.572244
-0.569034
-0.565676
-0.562222
-0.558760
-0.555275
-0.551803
-0.548090
-0.544558
-0.540919
-0.537015
-0.533210
-0.529395
-0.525535
-0.521409
-0.517431
-0.513269
-0.509192
-0.504974
-0.500678
-0.496445
-0.492211
-0.488143
-0.483869
-0.479543
-0.475310
-0.470958
-0.466689
-0.462401
-0.458039
-0.453810
-0.449606
-0.445355
-0.441126
-0.437134
-0.432873
-0.428821
-0.424620
-0.420659
-0.416687
-0.412592
-0.408559
-0.404591
-0.400531
-0.396549
-0.392518
-0.388527
-0.384577
-0.380610
-0.376577
-0.372521
-0.368534
-0.364355
-0.360268
-0.355983
-0.351752
-0.347348
-0.342941
-0.338595
-0.334324
-0.329950
-0.325404
-0.320783
-0.316050
-0.311453
-0.306833
-0.301985
-0.297138
-0.292383
-0.287422
-0.282445
-0.277539
-0.272551
-0.267631
-0.262754
-0.257766
-0.252592
-0.247667
-0.242751
-0.237782
-0.232810
-0.227857
-0.222935
-0.218040
-0.213125
-0.208304
-0.203342
-0.198446
-0.193636
-0.188724
-0.183994
-0.179185
-0.174472
-0.169721
-0.164903
-0.160159
-0.155417
-0.150669
-0.145823
-0.141116
-0.136390
-0.131669
-0.126776
-0.121890
-0.117012
-0.112084
-0.107318
-0.102318
-0.097561
-0.092654
-0.087534
-0.082483
-0.077334
-0.072316
-0.067282
-0.062119
-0.057074
-0.052025
-0.046986
-0.041874
-0.036976
-0.031990
-0.026884
-0.021820
-0.016573
-0.011538
-0.006571
-0.001752
0.003296
0.008299
0.013032
0.017734
0.022574
0.027354
0.032017
0.036706
0.041404
0.046188
0.050921
0.055538
0.060102
0.064960
0.069530
0.074181
0.078860
0.083467
0.087892
0.092610
0.097259
0.102094
0.106720
0.111386
0.116018
0.120619
0.125385
0.130184
0.135115
0.139914
0.144625
0.149519
0.154242
0.159112
0.164028
0.169027
0.174026
0.178936
0.183826
0.188727
0.193505
0.198419
0.203422
0.208242
0.213337
0.218246
0.223118
0.228101
0.233041
0.238090
0.242999
0.247893
0.252919
0.257910
0.262788
0.267727
0.272830
0.277833
0.282668
0.287649
0.292504
0.297469
0.302283
0.307264
0.312008
0.316842
0.321874
0.326813
0.331674
0.336408
0.341385
0.346115
0.350737
0.355402
0.360090
0.364792
0.369501
0.373902
0.378400
0.382868
0.387208
0.391737
0.396150
0.400346
0.404662
0.408748
0.413003
0.417175
0.421487
0.425673
0.429664
0.433683
0.437612
0.441743
0.445714
0.449576
0.453615
0.457526
0.461248
0.465148
0.468901
0.472821
0.476655
0.480338
0.484328
0.488034
0.491762
0.495551
0.499258
0.502928
0.506702
0.510373
0.514015
0.517560
0.521308
0.524951
0.528395
0.531991
0.535567
0.538983
0.542445
0.545978
0.549407
0.552931
0.556274
0.559691
0.563161
0.566408
0.569733
0.573219
0.576429
0.579901
0.583198
0.586599
0.589809
0.593117
0.596608
0.599835
0.602995
0.606202
0.609411
0.612659
0.615969
0.619222
0.622404
0.625524
0.628830
0.632033
0.635173
0.638308
0.641464
0.644463
0.647483
0.650390
0.653411
0.656438
0.659338
0.662130
0.665087
0.668042
0.670934
0.673765
0.676708
0.679421
0.682228
0.684928
0.687522
0.690338
0.693063
0.695844
0.698612
0.701306
0.704141
0.706766
0.709403
0.711986
0.714547
0.717116
0.719652
0.722178
0.724717
0.727175
0.729624
0.732074
0.734448
0.736617
0.738928
0.740933
0.743015
0.744993
0.746946
0.748954
0.750896
0.752593
0.754394
0.755845
0.757449
0.759000
0.760428
0.761890
0.763204
0.764695
0.766019
0.767470
0.768669
0.769882
0.771023
0.772161
0.773336
0.774485
0.775552
0.776801
0.777985
0.779102
0.780154
0.781337
0.782419
0.783606
0.784547
0.785519
0.786585
0.787642
0.788666
0.789503
0.790412
0.791263
0.792126
0.793014
0.793766
0.794592
0.795296
0.795918
0.796450
0.796934
0.797352
0.797758
0.798109
0.798588
0.798844
0.799143
0.799346
0.799677
0.799746
0.799926
0.800099
0.799958
0.799969
0.799974
0.799975
0.800024
0.799942
0.799823
0.799760
0.799668
0.799638
0.799448
0.799229
0.799073
0.798785
0.798637
0.798373
0.797945
0.797694
0.797387
0.796951
0.796427
0.795958
0.795360
0.794711
0.794193
0.793564
0.792967
0.792221
0.791541
0.790714
0.789677
0.788622
0.787599
0.786547
0.785430
0.784085
0.782809
0.781705
0.780597
0.779332
0.777840
0.776313
0.775061
0.773614
0.772190
0.770698
0.769018
0.767455
0.765770
0.764289
0.762704
0.761063
0.759531
0.758094
0.756620
0.754933
0.753361
0.751774
0.750148
0.748627
0.746950
0.745391
0.743730
0.741980
0.740587
0.738993
0.737311
0.735660
0.733908
0.732218
0.730492
0.728640
0.726685
0.724767
0.722856
0.720769
0.718737
0.716655
0.714568
0.712423
0.710099
0.707844
0.705542
0.703101
0.700743
0.698346
0.695934
0.693487
0.690805
0.688275
0.685611
0.683015
0.680248
0.677533
0.674928
0.672369
0.669633
0.666948
0.664207
0.661555
0.658853
0.656055
0.653130
0.650284
0.647447
0.644667
0.641661
0.638793
0.635922
0.632973
0.630041
0.627071
0.624056
0.620922
0.617866
0.614688
0.611466
0.608254
0.604958
0.601682
0.598418
0.595151
0.591870
0.588517
0.585083
0.581621
0.578267
0.574895
0.571271
0.567758
0.564184
0.560567
0.557093
0.553383
0.549781
0.546232
0.542652
0.538860
0.535121
0.531541
0.527715
0.523988
0.520042
0.516137
0.512497
0.508483
0.504551
0.500668
0.496661
0.492699
0.488695
0.484657
0.480735
0.476548
0.472412
0.468276
0.464150
0.460035
0.455707
0.451341
0.447181
0.442828
0.438590
0.434234
0.429897
0.425521
0.421191
0.416736
0.412388
0.407996
0.403522
0.398957
0.394426
0.389921
0.385427
0.380825
0.376227
0.371686
0.367202
0.362531
0.358045
0.353410
0.348895
0.344364
0.339711
0.335166
0.330525
0.325864
0.321424
0.316971
0.312331
0.307777
0.303292
0.298888
0.294379
0.289912
0.285408
0.281025
0.276622
0.271994
0.267563
0.263081
0.258688
0.254030
0.249581
0.244896
0.240362
0.235837
0.231177
0.226580
0.221875
0.217144
0.212336
0.207554
0.202654
0.197717
0.192706
0.187688
0.182673
0.177635
0.172618
0.167510
0.162485
0.157362
0.152161
0.146966
0.141734
0.136575
0.131354
0.126321
0.121158
0.116082
0.110907
0.105835
0.100775
0.095705
0.090589
0.085619
0.080718
0.075938
0.071014
0.066102
0.061161
0.056456
0.051581
0.046739
0.041850
0.037078
0.032363
0.027409
0.022635
0.017856
0.012964
0.008156
0.003310
-0.001682
-0.006610
-0.011776
-0.016690
-0.021864
-0.026999
-0.032211
-0.037475
-0.042693
-0.048057
-0.053397
-0.058751
-0.063970
-0.069368
-0.074633
-0.079985
-0.085505
-0.091048
-0.096349
-0.101826
-0.107098
-0.112405
-0.117696
-0.122908
-0.128112
-0.133351
-0.138307
-0.143394
-0.148459
-0.153478
-0.158255
-0.163186
-0.167971
-0.172713
-0.177443
-0.182092
-0.186783
-0.191347
-0.196068
-0.200729
-0.205375
-0.209860
-0.214528
-0.219048
-0.223623
-0.228184
-0.232942
-0.237456
-0.242104
-0.246716
-0.251365
-0.256000
-0.260622
-0.265329
-0.270098
-0.274713
-0.279461
-0.284101
-0.288561
-0.293286
-0.297826
-0.302426
-0.307030
-0.311593
-0.315936
-0.320415
-0.324712
-0.329094
-0.333535
-0.337933
-0.342228
-0.346372
-0.350475
-0.354724
-0.358823
-0.363015
-0.367148
-0.371245
-0.375427
-0.379602
-0.383562
-0.387612
-0.391667
-0.395779
-0.399929
-0.404087
-0.408345
-0.412676
-0.416775
-0.420971
-0.425280
-0.429573
-0.433700
-0.437918
-0.442390
-0.446476
-0.450798
-0.455118
-0.459262
-0.463679
-0.467823
-0.472063
-0.476212
-0.480301
-0.484333
-0.488471
-0.492507
-0.496653
-0.500571
-0.504479
-0.508228
-0.512210
-0.516150
-0.519889
-0.523536
-0.527335
-0.530969
-0.534451
-0.537942
-0.541501
-0.544947
-0.548501
-0.552051
-0.555424
-0.558949
-0.562389
-0.565886
-0.569234
-0.572601
-0.575974
-0.579442
-0.582828
-0.586055
-0.589433
-0.592782
-0.596202
-0.599559
-0.602805
-0.606214
-0.609635
-0.612977
-0.616340
-0.619630
-0.622841
-0.626183
-0.629442
-0.632794
-0.635959
-0.639253
-0.642502
-0.645499
-0.648530
-0.651671
-0.654661
-0.657699
-0.660530
-0.663501
-0.666490
-0.669121
-0.672022
-0.674709
-0.677434
-0.680105
-0.682603
-0.685148
-0.687660
-0.690041
-0.692550
-0.695035
-0.697288
-0.699546
-0.701744
-0.703988
-0.706137
-0.708343
-0.710389
-0.712363
-0.714547
-0.716648
-0.718594
-0.720549
-0.722601
-0.724601
-0.726570
-0.728399
-0.730290
-0.732228
-0.734056
-0.735734
-0.737512
-0.739315
-0.741079
-0.742806
-0.744467
-0.746055
-0.747774
-0.749448
-0.751028
-0.752584
-0.754182
-0.755659
-0.757148
-0.758462
-0.759763
-0.761125
-0.762582
-0.763912
-0.765203
-0.766489
-0.767713
-0.768939
-0.770222
-0.771345
-0.772487
-0.773775
-0.774894
-0.775962
-0.777011
-0.777945
-0.779050
-0.780123
-0.781076
-0.782219
-0.783223
-0.784162
-0.785029
-0.785841
-0.786740
-0.787554
-0.788408
-0.789300
-0.789984
-0.790596
-0.791441
-0.792114
-0.792744
-0.793347
-0.793888
-0.794304
-0.795019
-0.795572
-0.795893
-0.796287
-0.796607
-0.797011
-0.797381
-0.797542
-0.797841
-0.798160
-0.798237
-0.798328
-0.798365
-0.798465
-0.798472
-0.798305
-0.798271
-0.798232
-0.798073
-0.798015
-0.797696
-0.797451
-0.797025
-0.796556
-0.796101
-0.795755
-0.795330
-0.794797
-0.794338
-0.793699
-0.792978
-0.792240
-0.791608
-0.790893
-0.790018
-0.789183
-0.788226
-0.787310
-0.786374
-0.785436
-0.784459
-0.783659
-0.782553
-0.781554
-0.780404
-0.779198
-0.778074
-0.776967
-0.775688
-0.774579
-0.773360
-0.772190
-0.770863
-0.769599
-0.768143
-0.766801
-0.765359
-0.763976
-0.762386
-0.760933
-0.759474
-0.757930
-0.756395
-0.754904
-0.753177
-0.751649
-0.749901
-0.748193
-0.746436
-0.744623
-0.742723
-0.740819
-0.738788
-0.736785
-0.735023
-0.733036
-0.731011
-0.728971
-0.726938
-0.724832
-0.722688
-0.720601
-0.718434
-0.716170
-0.713954
-0.711566
-0.709332
-0.707143
-0.704675
-0.702290
-0.699765
-0.697374
-0.694702
-0.692234
-0.689636
-0.686930
-0.684267
-0.681601
-0.678944
-0.676188
-0.673384
-0.670470
-0.667586
-0.664680
-0.661759
-0.658565
-0.655737
-0.652740
-0.649853
-0.646742
-0.643621
-0.640333
-0.637211
-0.633997
-0.630933
-0.627785
-0.624628
-0.621415
-0.618237
-0.614775
-0.611471
-0.608156
-0.604988
-0.601765
-0.598414
-0.594993
-0.591670
-0.588154
-0.584731
-0.581025
-0.577601
-0.574004
-0.570429
-0.566877
-0.563338
-0.559806
-0.556125
-0.552471
-0.548698
-0.544885
-0.541282
-0.537617
-0.533804
-0.530206
-0.526550
-0.522791
-0.519059
-0.515385
-0.511817
-0.508170
-0.504506
-0.500850
-0.497328
-0.493667
-0.490056
-0.486510
-0.483171
-0.479490
-0.476064
-0.472631
-0.469114
-0.465514
-0.462036
-0.458565
-0.455053
-0.451491
-0.447998
-0.444381
-0.440752
-0.437057
-0.433200
-0.429481
-0.425498
-0.421645
-0.417740
-0.413898
-0.409764
-0.405560
-0.401202
-0.396934
-0.392570
-0.388118
-0.383771
-0.379377
-0.374935
-0.370299
-0.365552
-0.360868
-0.355960
-0.351295
-0.346520
-0.341811
-0.337010
-0.332200
-0.327420
-0.322565
-0.317734
-0.312937
-0.308001
-0.303053
-0.298390
-0.293623
-0.288887
-0.284125
-0.279195
-0.274286
-0.269536
-0.264708
-0.260048
-0.255282
-0.250487
-0.245657
-0.240801
-0.235929
-0.231154
-0.226361
-0.221580
-0.216661
-0.211802
-0.206983
-0.202080
-0.197405
-0.192299
-0.187409
-0.182579
-0.177662
-0.172704
-0.167846
-0.162954
-0.158199
-0.153168
-0.148026
-0.143054
-0.138152
-0.133267
-0.128277
-0.123402
-0.118579
-0.113566
-0.108596
-0.103686
-0.098688
-0.093759
-0.088772
-0.083757
-0.078754
-0.073780
-0.068851
-0.063887
-0.059154
-0.054347
-0.049431
-0.044626
-0.039605
-0.034749
-0.029958
-0.025038
-0.020193
-0.015325
-0.010572
-0.005826
-0.001068
0.003632
0.008291
0.013178
0.017955
0.022788
0.027418
0.032090
0.036632
0.041226
0.046048
0.050894
0.055686
0.060414
0.065254
0.070053
0.074801
0.079687
0.084751
0.089719
0.094525
0.099380
0.104450
0.109633
0.114799
0.119755
0.125024
0.130310
0.135391
0.140500
0.145902
0.151193
0.156625
0.161944
0.167118
0.172456
0.177668
0.182959
0.188284
0.193629
0.199082
0.204318
0.209575
0.214697
0.219742
0.224957
0.230076
0.235022
0.240024
0.245104
0.250132
0.255074
0.260102
0.265116
0.270143
0.274938
0.279580
0.284501
0.289247
0.293988
0.298706
0.303444
0.308183
0.312826
0.317504
0.322120
0.326669
0.331226
0.335734
0.340285
0.344843
0.349409
0.354007
0.358579
0.363095
0.367615
0.372069
0.376493
0.380920
0.385360
0.389889
0.394406
0.398793
0.403251
0.407790
0.412331
0.416741
0.421099
0.425421
0.429946
0.434247
0.438611
0.443132
0.447832
0.452038
0.456271
0.460464
0.464709
0.468843
0.472851
0.476940
0.481094
0.485016
0.488876
0.492552
0.496405
0.500096
0.503722
0.507183
0.510639
0.514003
0.517437
0.520843
0.523952
0.527110
0.530201
0.533372
0.536320
0.539416
0.542345
0.545515
0.548506
0.551594
0.554665
0.557841
0.560960
0.564140
0.567436
0.570668
0.573965
0.577460
0.580781
0.584273
0.587825
0.591371
0.594976
0.598627
0.602297
0.605902
0.609589
0.613285
0.617116
0.620653
0.624264
0.627793
0.631353
0.634813
0.638260
0.641593
0.644796
0.648049
0.651302
0.654549
0.657505
0.660365
0.663242
0.665942
0.668351
0.671002
0.673760
0.676319
0.678754
0.681258
0.683698
0.685995
0.688127
0.690307
0.692559
0.694902
0.696984
0.699215
0.701456
0.703758
0.705844
0.708026
0.710254
0.712196
0.714465
0.716543
0.718766
0.720796
0.723021
0.724927
0.727161
0.729166
0.731045
0.733151
0.735087
0.736833
0.738781
0.740608
0.742407
0.744248
0.746114
0.747718
0.749451
0.751257
0.752862
0.754621
0.756152
0.757663
0.759221
0.760737
0.762237
0.763804
0.765092
0.766595
0.768152
0.769585
0.771006
0.772209
0.773503
0.774849
0.776143
0.777371
0.778576
0.779751
0.780898
0.781961
0.783043
0.784088
0.785218
0.786242
0.786922
0.787741
0.788507
0.789182
0.789877
0.790594
0.791230
0.791883
0.792318
0.792803
0.793157
0.793697
0.793989
0.794325
0.794659
0.794972
0.795155
0.795317
0.795295
0.795378
0.795377
0.795496
0.795393
0.795392
0.795274
0.795024
0.795003
0.794715
0.794403
0.794184
0.793803
0.793573
0.793160
0.792837
0.792451
0.792194
0.791702
0.791104
0.790567
0.790015
0.789565
0.789119
0.788557
0.788150
0.787609
0.787064
0.786573
0.786153
0.785623
0.785259
0.784644
0.784240
0.783818
0.783273
0.782819
0.782362
0.781833
0.781346
0.780905
0.780444
0.779955
0.779364
0.778655
0.777820
0.777275
0.776587
0.775826
0.774994
0.774076
0.773146
0.772155
0.771084
0.769981
0.768556
0.767368
0.765739
0.764238
0.762600
0.760997
0.759146
0.757308
0.755523
0.753764
0.751704
0.749635
0.747358
0.745113
0.742900
0.740590
0.738400
0.735937
0.733610
0.731186
0.728771
0.726372
0.723654
0.721246
0.718821
0.716335
0.713753
0.711380
0.708926
0.706519
0.704045
0.701594
0.699158
0.696980
0.694526
0.692248
0.689818
0.687506
0.685087
0.682826
0.680252
0.677908
0.675578
0.673244
0.670939
0.668542
0.666124
0.663703
0.661156
0.658525
0.656085
0.653460
0.650901
0.648352
0.645769
0.643052
0.640295
0.637581
0.634755
0.631891
0.629005
0.625986
0.622861
0.619886
0.616906
0.613753
0.610690
0.607554
0.604427
0.601062
0.597818
0.594427
0.591013
0.587443
0.583927
0.580348
0.576798
0.573170
0.569411
0.565605
0.561790
0.558016
0.554121
0.550144
0.546043
0.542113
0.538115
0.533976
0.529790
0.525554
0.521284
0.517058
0.512821
0.508758
0.504652
0.500401
0.496137
0.491777
0.487545
0.483241
0.479119
0.474931
0.470736
0.466446
0.462453
0.458360
0.454404
0.450205
0.446106
0.441958
0.437957
0.433807
0.429759
0.425814
0.421840
0.417766
0.413692
0.409628
0.405631
0.401492
0.397292
0.393008
0.388847
0.384620
0.380324
0.376177
0.371939
0.367520
0.363186
0.358815
0.354399
0.350034
0.345454
0.340997
0.336454
0.331916
0.327326
0.322939
0.318377
0.313844
0.309168
0.304576
0.300042
0.295429
0.290749
0.286048
0.281404
0.276743
0.272187
0.267341
0.262718
0.257893
0.253231
0.248451
0.243899
0.239070
0.234241
0.229321
0.224318
0.219455
0.214635
0.209746
0.204808
0.199928
0.194858
0.189849
0.185052
0.179982
0.174842
0.169849
0.164755
0.159709
0.154668
0.149725
0.144706
0.139786
0.134778
0.129582
0.124483
0.119607
0.114631
0.109537
0.104644
0.099684
0.094846
0.089972
0.085076
0.080314
0.075505
0.070744
0.065940
0.061151
0.056490
0.051752
0.047086
0.042403
0.037868
0.033283
0.028771
0.024198
0.019670
0.015087
0.010617
0.006222
0.001845
-0.002513
-0.007069
-0.011616
-0.016137
-0.020503
-0.025143
-0.029485
-0.033982
-0.038535
-0.043051
-0.047590
-0.052282
-0.056931
-0.061701
-0.066368
-0.071149
-0.075897
-0.080609
-0.085493
-0.090479
-0.095610
-0.100707
-0.105775
-0.110862
-0.116013
-0.121345
-0.126414
-0.131599
-0.137055
-0.142434
-0.147901
-0.153178
-0.158456
-0.163833
-0.169230
-0.174526
-0.179753
-0.185028
-0.190459
-0.195828
-0.200950
-0.206111
-0.211199
-0.216551
-0.221537
-0.226423
-0.231607
-0.236463
-0.241421
-0.246236
-0.250984
-0.255958
-0.260483
-0.265239
-0.269944
-0.274601
-0.279165
-0.283752
-0.288318
-0.292835
-0.297419
-0.301960
-0.306606
-0.311231
-0.315935
-0.320510
-0.325039
-0.329671
-0.334342
-0.338951
-0.343656
-0.348427
-0.353073
-0.357855
-0.362552
-0.367433
-0.372196
-0.377086
-0.381860
-0.386604
-0.391524
-0.396357
-0.401117
-0.405949
-0.410587
-0.415225
-0.419940
-0.424479
-0.429094
-0.433612
-0.438254
-0.442797
-0.447048
-0.451330
-0.455441
-0.459621
-0.463875
-0.468048
-0.471996
-0.476032
-0.479746
-0.483667
-0.487427
-0.490961
-0.494718
-0.498360
-0.501899
-0.505303
-0.508771
-0.512320
-0.515614
-0.519117
-0.522527
-0.525779
-0.529110
-0.532249
-0.535715
-0.538994
-0.542364
-0.545690
-0.549089
-0.552376
-0.555731
-0.559116
-0.562501
-0.565981
-0.569444
-0.572921
-0.576417
-0.580027
-0.583607
-0.586997
-0.590744
-0.594381
-0.598120
-0.601701
-0.605453
-0.609200
-0.612848
-0.616405
-0.620145
-0.623768
-0.627433
-0.631041
-0.634477
-0.637991
-0.641473
-0.644978
-0.648382
-0.651749
-0.655064
-0.658418
-0.661478
-0.664665
-0.667507
-0.670280
-0.673153
-0.675847
-0.678448
-0.681183
-0.683696
-0.686044
-0.688511
-0.690750
-0.693025
-0.695197
-0.697302
-0.699342
-0.701382
-0.703312
-0.705263
-0.707067
-0.708967
-0.710832
-0.712604
-0.714388
-0.716230
-0.717972
-0.719714
-0.721504
-0.723266
-0.725035
-0.726811
-0.728570
-0.730364
-0.732231
-0.734065
-0.735914
-0.737791
-0.739498
-0.741269
-0.743107
-0.744936
-0.746738
-0.748526
-0.750430
-0.752189
-0.753938
-0.755568
-0.757240
-0.758803
-0.760462
-0.762244
-0.763903
-0.765354
-0.766849
-0.768386
-0.769861
-0.771361
-0.772737
-0.774136
-0.775469
-0.776791
-0.778105
-0.779324
-0.780384
-0.781572
-0.782608
-0.783777
-0.785056
-0.786098
-0.787252
-0.788348
-0.789375
-0.790266
-0.791288
-0.792160
-0.793025
-0.793992
-0.794794
-0.795530
-0.796332
-0.797059
-0.797920
-0.798506
-0.799149
-0.799714
-0.800209
-0.800700
-0.801085
-0.801423
-0.801721
-0.801926
-0.802182
-0.802294
-0.802427
-0.802480
-0.802535
-0.802433
-0.802296
-0.801987
-0.801801
-0.801594
-0.801369
-0.801110
-0.800814
-0.800422
-0.799954
-0.799529
-0.799107
-0.798604
-0.797991
-0.797645
-0.797215
-0.796641
-0.796088
-0.795397
-0.794929
-0.794467
-0.793966
-0.793222
-0.792521
-0.791953
-0.791382
-0.790646
-0.789888
-0.789103
-0.788250
-0.787498
-0.786853
-0.786008
-0.785090
-0.784257
-0.783109
-0.782116
-0.781146
-0.780027
-0.778752
-0.777622
-0.776272
-0.774947
-0.773725
-0.772384
-0.770945
-0.769441
-0.767940
-0.766380
-0.764597
-0.763016
-0.761243
-0.759549
-0.757845
-0.756073
-0.754161
-0.752385
-0.750547
-0.748697
-0.746740
-0.744872
-0.742849
-0.740792
-0.738782
-0.736836
-0.734962
-0.733087
-0.730965
-0.728944
-0.727059
-0.725162
-0.723082
-0.721079
-0.719098
-0.717109
-0.715022
-0.713038
-0.711186
-0.709171
-0.707158
-0.705255
-0.703150
-0.701137
-0.699002
-0.696919
-0.694507
-0.692410
-0.690113
-0.687789
-0.685578
-0.683260
-0.680800
-0.678261
-0.675694
-0.672950
-0.670149
-0.667401
-0.664456
-0.661420
-0.658525
-0.655452
-0.652116
-0.648895
-0.645719
-0.642300
-0.638873
-0.635338
-0.631691
-0.628076
-0.624460
-0.620958
-0.617288
-0.613550
-0.609978
-0.606328
-0.602723
-0.599007
-0.595314
-0.591564
-0.588071
-0.584340
-0.580867
-0.577382
-0.573974
-0.570498
-0.567040
-0.563658
-0.560203
-0.556762
-0.553389
-0.549879
-0.546563
-0.543153
-0.539728
-0.536210
-0.532788
-0.529272
-0.525845
-0.522218
-0.518736
-0.515102
-0.511423
-0.507598
-0.503874
-0.500014
-0.496175
-0.492094
-0.487877
-0.483677
-0.479697
-0.475557
-0.471353
-0.467161
-0.462640
-0.458289
-0.453981
-0.449667
-0.445319
-0.440884
-0.436383
-0.431930
-0.427644
-0.423372
-0.418920
-0.414374
-0.410053
-0.405602
-0.401125
-0.396861
-0.392586
-0.388278
-0.383940
-0.379562
-0.375240
-0.370918
-0.366610
-0.362251
-0.357920
-0.353664
-0.349306
-0.345031
-0.340557
-0.336223
-0.331679
-0.327279
-0.322767
-0.318233
-0.313613
-0.309026
-0.304311
-0.299700
-0.294962
-0.290230
-0.285265
-0.280611
-0.275778
-0.270977
-0.266050
-0.261190
-0.256299
-0.251381
-0.246361
-0.241450
-0.236567
-0.231590
-0.226614
-0.221636
-0.216611
-0.211601
-0.206615
-0.201679
-0.196791
-0.191939
-0.187099
-0.182194
-0.177361
-0.172475
-0.167685
-0.162855
-0.157911
-0.153081
-0.148134
-0.143373
-0.138598
-0.133822
-0.128902
-0.124044
-0.119211
-0.114446
-0.109680
-0.104667
-0.099842
-0.094722
-0.089760
-0.084886
-0.080049
-0.075137
-0.070120
-0.065166
-0.060192
-0.055116
-0.049988
-0.044824
-0.039814
-0.034742
-0.029734
-0.024645
-0.019544
-0.014426
-0.009314
-0.004182
0.000923
0.005991
0.011039
0.016173
0.021209
0.026298
0.031198
0.036262
0.041237
0.046177
0.051247
0.056279
0.061361
0.066191
0.071207
0.076022
0.080993
0.085909
0.090729
0.095648
0.100521
0.105318
0.110053
0.114827
0.119521
0.124477
0.129398
0.134196
0.138950
0.143863
0.148702
0.153470
0.158435
0.163349
0.168191
0.173078
0.177874
0.182941
0.187895
0.193088
0.198130
0.203188
0.208519
0.213459
0.218761
0.223777
0.229081
0.234207
0.239381
0.244661
0.249986
0.255399
0.260721
0.265881
0.271045
0.276258
0.281426
0.286763
0.291862
0.296984
0.301918
0.307038
0.312122
0.317111
0.322013
0.326842
0.331626
0.336486
0.341188
0.345750
0.350560
0.355122
0.359791
0.364473
0.368916
0.373306
0.377648
0.382094
0.386395
0.390840
0.395236
0.399463
0.403857
0.408077
0.412454
0.416596
0.420980
0.425156
0.429358
0.433583
0.437779
0.442055
0.446388
0.450554
0.454584
0.458757
0.462705
0.466810
0.470828
0.474966
0.479152
0.483206
0.487127
0.491096
0.495024
0.499056
0.502951
0.506814
0.510579
0.514592
0.518197
0.522128
0.526005
0.529707
0.533397
0.537094
0.540793
0.544577
0.548141
0.551710
0.555341
0.558835
0.562512
0.566018
0.569521
0.572887
0.576145
0.579449
0.582835
0.586161
0.589335
0.592629
0.595860
0.599037
0.601956
0.605079
0.607950
0.610808
0.613831
0.616755
0.619589
0.622447
0.625136
0.627812
0.630484
0.633186
0.635902
0.638459
0.640996
0.643667
0.646285
0.648921
0.651504
0.653978
0.656485
0.659040
0.661406
0.663946
0.666540
0.669126
0.671793
0.674444
0.676958
0.679464
0.682131
0.684582
0.687228
0.689789
0.692555
0.695148
0.697558
0.700319
0.702849
0.705346
0.708049
0.710632
0.713340
0.715818
0.718315
0.720810
0.723308
0.725605
0.728014
0.730367
0.732708
0.735023
0.737130
0.739248
0.741370
0.743360
0.745428
0.747467
0.749290
0.751118
0.753006
0.754552
0.756181
0.757924
0.759539
0.760956
0.762326
0.763729
0.764980
0.766171
0.767325
0.768478
0.769658
0.770875
0.771885
0.772894
0.773753
0.774598
0.775407
0.776227
0.776936
0.777717
0.778510
0.779088
0.779665
0.780066
0.780678
0.781099
0.781600
0.781961
0.782274
0.782585
0.783061
0.783498
0.783758
0.783966
0.784156
0.784513
0.784658
0.784690
0.785042
0.785105
0.785513
0.785824
0.786077
0.786229
0.786493
0.786960
0.787219
0.787494
0.787819
0.788165
0.788521
0.788894
0.789308
0.789674
0.789941
0.790343
0.790609
0.791003
0.791294
0.791481
0.791776
0.791982
0.791967
0.792071
0.792131
0.791933
0.791676
0.791541
0.791561
0.791280
0.790817
0.790388
0.789906
0.789288
0.788684
0.787933
0.787095
0.786229
0.785447
0.784706
0.783715
0.782670
0.781583
0.780425
0.779283
0.778132
0.777090
0.775995
0.774881
0.773773
0.772578
0.771402
0.770214
0.768847
0.767495
0.766250
0.764995
0.763847
0.762606
0.761248
0.760013
0.758761
0.757503
0.756228
0.754761
0.753276
0.751799
0.750406
0.748889
0.747321
0.745855
0.744285
0.742484
0.740911
0.739250
0.737493
0.735697
0.733911
0.732098
0.730250
0.728388
0.726382
0.724339
0.722282
0.720233
0.718104
0.716020
0.713714
0.711319
0.709049
0.706841
0.704482
0.701834
0.699343
0.696914
0.694347
0.691853
0.689185
0.686364
0.683594
0.680876
0.678138
0.675223
0.672413
0.669475
0.666643
0.663798
0.660796
0.657807
0.655006
0.651881
0.648970
0.645861
0.642851
0.639892
0.637033
0.633960
0.631089
0.628151
0.625088
0.621999
0.618932
0.615977
0.612980
0.609901
0.607132
0.603943
0.600899
0.597933
0.594776
0.591603
0.588509
0.585268
0.582015
0.578626
0.575371
0.572036
0.568596
0.565090
0.561649
0.558042
0.554415
0.550795
0.547059
0.543219
0.539425
0.535675
0.531621
0.527539
0.523534
0.519403
0.515513
0.511442
0.507432
0.503187
0.499015
0.494868
0.490571
0.486304
0.482123
0.477856
0.473627
0.469532
0.465356
0.461201
0.457008
0.452830
0.448573
0.444424
0.440235
0.436063
0.431850
0.427745
0.423530
0.419558
0.415419
0.411338
0.407162
0.403125
0.398857
0.394826
0.390705
0.386639
0.382501
0.378448
0.374413
0.370427
0.366265
0.362142
0.357922
0.353856
0.349737
0.345459
0.341243
0.337075
0.332800
0.328575
0.324424
0.320182
0.315850
0.311509
0.307059
0.302701
0.298280
0.293902
0.289269
0.284734
0.280274
0.275788
0.271194
0.266361
0.261815
0.257037
0.252295
0.247607
0.242761
0.237913
0.232976
0.228076
0.223056
0.218205
0.213398
0.208502
0.203534
0.198417
0.193543
0.188526
0.183494
0.178481
0.173413
0.168452
0.163388
0.158427
0.153364
0.148263
0.143202
0.138175
0.133123
0.128000
0.122847
0.117714
0.112589
0.107299
0.102167
0.097015
0.091817
0.086657
0.081530
0.076245
0.070990
0.065614
0.060368
0.055178
0.049927
0.044724
0.039482
0.034263
0.029037
0.023931
0.018692
0.013547
0.008489
0.003496
-0.001673
-0.006645
-0.011563
-0.016548
-0.021477
-0.026390
-0.031241
-0.036094
-0.041053
-0.045883
-0.050768
-0.055533
-0.060292
-0.065017
-0.069808
-0.074571
-0.079413
-0.084130
-0.088983
-0.093595
-0.098276
-0.103134
-0.107931
-0.112820
-0.117625
-0.122274
-0.127038
-0.131928
-0.136751
-0.141660
-0.146565
-0.151384
-0.156156
-0.161049
-0.165768
-0.170632
-0.175346
-0.180239
-0.185136
-0.190154
-0.194915
-0.199747
-0.204619
-0.209454
-0.214251
-0.219150
-0.224019
-0.228910
-0.233780
-0.238644
-0.243481
-0.248297
-0.253242
-0.258153
-0.263106
-0.268062
-0.273039
-0.277978
-0.282808
-0.287811
-0.292616
-0.297501
-0.302634
-0.307608
-0.312564
-0.317480
-0.322366
-0.327261
-0.332077
-0.336983
-0.341853
-0.346527
-0.351275
-0.355984
-0.360439
-0.365141
-0.369730
-0.374234
-0.378620
-0.382976
-0.387273
-0.391570
-0.395838
-0.400148
-0.404214
-0.408184
-0.412057
-0.416061
-0.419998
-0.423874
-0.427645
-0.431377
-0.435047
-0.438666
-0.442064
-0.445744
-0.449426
-0.453006
-0.456623
-0.460118
-0.463682
-0.467157
-0.470721
-0.474035
-0.477681
-0.481256
-0.484630
-0.488148
-0.491766
-0.495244
-0.498810
-0.502328
-0.505994
-0.509621
-0.513216
-0.516857
-0.520419
-0.524074
-0.527795
-0.531435
-0.535161
-0.538707
-0.542431
-0.546170
-0.549910
-0.553646
-0.557260
-0.560991
-0.564461
-0.568149
-0.571697
-0.575160
-0.578742
-0.582273
-0.585680
-0.589185
-0.592527
-0.595881
-0.599344
-0.602492
-0.605692
-0.608885
-0.612086
-0.615156
-0.618242
-0.621395
-0.624269
-0.627217
-0.630188
-0.633085
-0.636024
-0.638839
-0.641543
-0.644526
-0.647408
-0.650098
-0.653022
-0.655665
-0.658505
-0.661375
-0.664190
-0.666940
-0.669622
-0.672427
-0.675254
-0.678192
-0.680981
-0.683938
-0.686620
-0.689366
-0.692336
-0.695192
-0.697956
-0.700802
-0.703660
-0.706559
-0.709305
-0.712012
-0.714704
-0.717308
-0.719933
-0.722529
-0.724992
-0.727588
-0.729907
-0.732421
-0.734664
-0.736903
-0.738927
-0.740998
-0.743035
-0.744934
-0.746798
-0.748453
-0.750157
-0.751752
-0.753307
-0.754712
-0.756005
-0.757341
-0.758670
-0.759824
-0.760948
-0.761979
-0.763041
-0.764012
-0.764937
-0.765869
-0.766943
-0.767770
-0.768557
-0.769374
-0.770233
-0.771075
-0.772081
-0.772904
-0.773837
-0.774604
-0.775513
-0.776461
-0.777366
-0.778602
-0.779691
-0.780768
-0.781809
-0.782994
-0.784264
-0.785425
-0.786594
-0.787767
-0.788908
-0.790150
-0.791382
-0.792680
-0.793813
-0.794972
-0.796190
-0.797296
-0.798242
-0.799251
-0.800239
-0.801097
-0.801964
-0.802861
-0.803617
-0.804245
-0.804797
-0.804970
-0.805317
-0.805434
-0.805629
-0.805584
-0.805612
-0.805516
-0.805325
-0.805070
-0.804786
-0.804353
-0.803884
-0.803284
-0.802616
-0.801948
-0.801324
-0.800484
-0.799743
-0.798960
-0.798107
-0.797353
-0.796441
-0.795538
-0.794736
-0.793996
-0.792938
-0.792052
-0.791441
-0.790741
-0.789865
-0.789140
-0.788318
-0.787523
-0.786793
-0.785946
-0.785145
-0.784421
-0.783677
-0.782746
-0.781799
-0.780848
-0.779926
-0.778916
-0.778023
-0.777010
-0.775884
-0.774920
-0.773873
-0.772571
-0.771371
-0.770031
-0.768687
-0.767350
-0.765859
-0.764321
-0.762903
-0.761289
-0.759658
-0.757979
-0.756243
-0.754401
-0.752526
-0.750708
-0.748818
-0.747041
-0.745142
-0.743213
-0.741097
-0.739090
-0.737004
-0.734810
-0.732441
-0.730202
-0.727890
-0.725664
-0.723383
-0.720877
-0.718432
-0.715801
-0.713237
-0.710701
-0.708080
-0.705585
-0.702846
-0.700083
-0.697474
-0.694765
-0.691864
-0.689056
-0.686228
-0.683409
-0.680513
-0.677432
-0.674714
-0.671770
-0.668711
-0.665758
-0.662728
-0.659685
-0.656763
-0.653722
-0.650606
-0.647585
-0.644442
-0.641346
-0.638119
-0.634968
-0.631716
-0.628492
-0.625241
-0.621851
-0.618373
-0.615013
-0.611623
-0.608141
-0.604704
-0.601075
-0.597635
-0.594089
-0.590390
-0.586735
-0.582929
-0.579301
-0.575570
-0.571933
-0.568255
-0.564514
-0.560786
-0.557164
-0.553450
-0.549820
-0.546310
-0.542508
-0.538924
-0.535351
-0.531777
-0.528149
-0.524616
-0.521037
-0.517336
-0.514085
-0.510638
-0.507254
-0.503816
-0.500357
-0.496884
-0.493259
-0.489923
-0.486394
-0.482830
-0.479352
-0.475907
-0.472335
-0.468734
-0.465047
-0.461323
-0.457727
-0.453820
-0.450128
-0.446486
-0.442533
-0.438651
-0.434662
-0.430507
-0.426380
-0.422302
-0.418108
-0.413972
-0.409626
-0.405451
-0.401068
-0.396628
-0.392247
-0.387705
-0.383208
-0.378769
-0.374196
-0.369544
-0.365006
-0.360243
-0.355626
-0.350892
-0.346204
-0.341549
-0.337015
-0.332559
-0.327862
-0.323331
-0.318812
-0.314186
-0.309616
-0.305203
-0.300575
-0.296159
-0.291729
-0.287236
-0.282920
-0.278442
-0.274034
-0.269772
-0.265425
-0.261094
-0.256704
-0.252505
-0.247974
-0.243566
-0.239228
-0.234679
-0.230194
-0.225592
-0.221052
-0.216515
-0.212027
-0.207386
-0.202556
-0.197868
-0.193032
-0.188239
-0.183369
-0.178378
-0.173350
-0.168364
-0.163320
-0.158248
-0.153172
-0.148080
-0.143000
-0.137847
-0.132728
-0.127569
-0.122466
-0.117351
-0.112265
-0.107012
-0.101918
-0.096784
-0.091625
-0.086570
-0.081386
-0.076364
-0.071332
-0.066462
-0.061463
-0.056598
-0.051687
-0.046679
-0.041846
-0.036777
-0.031725
-0.026649
-0.021686
-0.016920
-0.011922
-0.007015
-0.002042
0.003112
0.008056
0.013120
0.018249
0.023350
0.028409
0.033387
0.038396
0.043493
0.048601
0.053777
0.058954
0.064261
0.069314
0.074394
0.079621
0.084664
0.089881
0.095027
0.100285
0.105384
0.110616
0.115767
0.120772
0.126002
0.131055
0.136039
0.141121
0.146073
0.151049
0.156080
0.161166
0.166259
0.171145
0.176201
0.181204
0.186061
0.190909
0.195923
0.200879
0.205834
0.210720
0.215419
0.220235
0.225096
0.229954
0.234627
0.239381
0.244191
0.248835
0.253588
0.258497
0.263264
0.268070
0.272699
0.277564
0.282115
0.286717
0.291252
0.295812
0.300651
0.305389
0.309972
0.314443
0.318942
0.323450
0.327967
0.332429
0.336869
0.341339
0.345791
0.350348
0.354729
0.358941
0.363314
0.367621
0.371980
0.376435
0.380793
0.385204
0.389625
0.393892
0.398157
0.402300
0.406673
0.410998
0.415340
0.419740
0.424056
0.428355
0.432687
0.436981
0.441324
0.445749
0.450034
0.454392
0.458858
0.463205
0.467523
0.471722
0.475962
0.480349
0.484537
0.488774
0.492938
0.497076
0.501253
0.505426
0.509504
0.513479
0.517495
0.521302
0.525371
0.529446
0.533463
0.537232
0.540959
0.544698
0.548496
0.552197
0.555872
0.559628
0.563379
0.567137
0.570795
0.574386
0.578073
0.581758
0.585402
0.589133
0.592710
0.596334
0.599912
0.603442
0.607046
0.610633
0.614342
0.618103
0.621646
0.625260
0.628661
0.632060
0.635591
0.638986
0.642350
0.645584
0.648951
0.652214
0.655458
0.658519
0.661520
0.664388
0.667265
0.670316
0.673200
0.676111
0.678871
0.681467
0.684083
0.686650
0.689050
0.691502
0.693929
0.696459
0.698854
0.701117
0.703468
0.705588
0.707751
0.709845
0.711904
0.714053
0.716048
0.718080
0.720088
0.722216
0.724034
0.725869
0.727669
0.729394
0.731267
0.733037
0.734757
0.736401
0.738165
0.739808
0.741393
0.742933
0.744522
0.746186
0.747754
0.749448
0.750849
0.752300
0.753892
0.755448
0.757049
0.758644
0.760308
0.761903
0.763324
0.764932
0.766534
0.768095
0.769616
0.771151
0.772643
0.774054
0.775596
0.777159
0.778604
0.780031
0.781500
0.782863
0.784249
0.785761
0.786920
0.788147
0.789369
0.790292
0.791460
0.792541
0.793565
0.794489
0.795473
0.796347
0.797157
0.797711
0.798537
0.799228
0.799773
0.800482
0.800993
0.801639
0.802312
0.802754
0.803279
0.803599
0.803988
0.804344
0.804606
0.804931
0.805200
0.805443
0.805744
0.805871
0.805898
0.806034
0.806083
0.806043
0.805992
0.805987
0.805698
0.805275
0.804801
0.804343
0.803955
0.803450
0.802829
0.802083
0.801260
0.800514
0.799502
0.798477
0.797395
0.796292
0.795089
0.793973
0.792729
0.791386
0.790060
0.788760
0.787382
0.786028
0.784646
0.783207
0.781694
0.780384
0.779006
0.777520
0.776358
0.774801
0.773326
0.772156
0.770659
0.769244
0.767998
0.766705
0.765335
0.764205
0.762856
0.761676
0.760500
0.759122
0.757910
0.756713
0.755436
0.754185
0.752850
0.751579
0.750235
0.748974
0.747802
0.746372
0.745115
0.743649
0.742337
0.740984
0.739407
0.737976
0.736549
0.734879
0.733258
0.731595
0.729951
0.728118
0.726344
0.724667
0.722879
0.720836
0.718903
0.716823
0.714823
0.712786
0.710640
0.708418
0.706167
0.703728
0.701433
0.698883
0.696582
0.693919
0.691370
0.688860
0.686259
0.683668
0.680920
0.678016
0.675303
0.672679
0.669940
0.666946
0.663983
0.661108
0.658010
0.655088
0.652199
0.649184
0.646313
0.643442
0.640451
0.637376
0.634264
0.631120
0.628190
0.625087
0.621844
0.618738
0.615641
0.612486
0.609442
0.606255
0.603171
0.599892
0.596575
0.593459
0.590206
0.586996
0.583691
0.580410
0.577040
0.573804
0.570400
0.567033
0.563663
0.560296
0.556835
0.553416
0.549951
0.546376
0.542895
0.539251
0.535731
0.532225
0.528581
0.524945
0.521124
0.517163
0.513446
0.509527
0.505610
0.501733
0.497782
0.493922
0.489888
0.485947
0.481940
0.477857
0.473776
0.469638
0.465491
0.461499
0.457202
0.452887
0.448600
0.444562
0.440462
0.436222
0.432184
0.428028
0.423852
0.419650
0.415383
0.411077
0.406877
0.402697
0.398596
0.394449
0.390100
0.385850
0.381559
0.377365
0.372951
0.368685
0.364269
0.359960
0.355428
0.351022
0.346633
0.342028
0.337439
0.332852
0.328099
0.323527
0.318655
0.313715
0.308926
0.304038
0.299105
0.294221
0.289214
0.284120
0.279058
0.273965
0.268867
0.263689
0.258451
0.253363
0.248062
0.242822
0.237641
0.232592
0.227324
0.222203
0.216999
0.212012
0.206934
0.201816
0.196574
0.191404
0.186370
0.181245
0.176281
0.171236
0.166400
0.161576
0.156651
0.151796
0.146931
0.141920
0.137059
0.132157
0.127092
0.122255
0.117346
0.112404
0.107437
0.102578
0.097539
0.092536
0.087467
0.082411
0.077486
0.072319
0.067212
0.062077
0.056978
0.051777
0.046601
0.041291
0.036205
0.030971
0.025715
0.020661
0.015323
0.010132
0.005155
0.000010
-0.004989
-0.010086
-0.015008
-0.019971
-0.024835
-0.029802
-0.034562
-0.039344
-0.044078
-0.048745
-0.053439
-0.057952
-0.062447
-0.067035
-0.071445
-0.075823
-0.080230
-0.084715
-0.089128
-0.093528
-0.097778
-0.102199
-0.106668
-0.111101
-0.115298
-0.119602
-0.123962
-0.128224
-0.132568
-0.136863
-0.141343
-0.145911
-0.150379
-0.154907
-0.159464
-0.164030
-0.168570
-0.173100
-0.177654
-0.182352
-0.186906
-0.191597
-0.196035
-0.200774
-0.205462
-0.210104
-0.214750
-0.219521
-0.224329
-0.229077
-0.233816
-0.238460
-0.243165
-0.247941
-0.252743
-0.257371
-0.262150
-0.266721
-0.271398
-0.276239
-0.281019
-0.285739
-0.290497
-0.295362
-0.300052
-0.304689
-0.309564
-0.314324
-0.319043
-0.323774
-0.328655
-0.333449
-0.338219
-0.343037
-0.347798
-0.352667
-0.357434
-0.362378
-0.367130
-0.371917
-0.376738
-0.381531
-0.386191
-0.391073
-0.395881
-0.400605
-0.405252
-0.409863
-0.414560
-0.419213
-0.423832
-0.428445
-0.432983
-0.437488
-0.442091
-0.446583
-0.450942
-0.455279
-0.459373
-0.463466
-0.467781
-0.472023
-0.475951
-0.479915
-0.483897
-0.487817
-0.491883
-0.495629
-0.499440
-0.503217
-0.506990
-0.510554
-0.514203
-0.517720
-0.521299
-0.524986
-0.528475
-0.531922
-0.535299
-0.538859
-0.542182
-0.545733
-0.549232
-0.552715
-0.555962
-0.559301
-0.562838
-0.566138
-0.569442
-0.572757
-0.575923
-0.579228
-0.582624
-0.585902
-0.589018
-0.592148
-0.595447
-0.598700
-0.601851
-0.604893
-0.608179
-0.611261
-0.614409
-0.617468
-0.620405
-0.623301
-0.626328
-0.629296
-0.632102
-0.635019
-0.637843
-0.640698
-0.643575
-0.646382
-0.649122
-0.651884
-0.654662
-0.657347
-0.660031
-0.662659
-0.665312
-0.667977
-0.670733
-0.673357
-0.675861
-0.678290
-0.680720
-0.683159
-0.685715
-0.688169
-0.690516
-0.693090
-0.695527
-0.697956
-0.700250
-0.702682
-0.705009
-0.707307
-0.709660
-0.711937
-0.714325
-0.716555
-0.718737
-0.720872
-0.723268
-0.725456
-0.727649
-0.729765
-0.731981
-0.734140
-0.736202
-0.738319
-0.740471
-0.742652
-0.744727
-0.746915
-0.749056
-0.751003
-0.753114
-0.755218
-0.757169
-0.759011
-0.760908
-0.762881
-0.764621
-0.766330
-0.768118
-0.769925
-0.771635
-0.773283
-0.774848
-0.776120
-0.777581
-0.778928
-0.780210
-0.781523
-0.782609
-0.783741
-0.784780
-0.785688
-0.786691
-0.787668
-0.788299
-0.788919
-0.789479
-0.789906
-0.790337
-0.790805
-0.791237
-0.791434
-0.791902
-0.792309
-0.792648
-0.792760
-0.792898
-0.792890
-0.792928
-0.793008
-0.793103
-0.793085
-0.793024
-0.792949
-0.792827
-0.792722
-0.792571
-0.792592
-0.792576
-0.792497
-0.792212
-0.792060
-0.791742
-0.791591
-0.791311
-0.790992
-0.790602
-0.790237
-0.789897
-0.789586
-0.789261
-0.788788
-0.788199
-0.787755
-0.787302
-0.786643
-0.786027
-0.785495
-0.784838
-0.784246
-0.783709
-0.783090
-0.782342
-0.781632
-0.780960
-0.780207
-0.779529
-0.778953
-0.778342
-0.777790
-0.777174
-0.776386
-0.775841
-0.775196
-0.774601
-0.773919
-0.773192
-0.772439
-0.771827
-0.771216
-0.770563
-0.769908
-0.769226
-0.768492
-0.767639
-0.766972
-0.766151
-0.765100
-0.764111
-0.763211
-0.762170
-0.761077
-0.759915
-0.758656
-0.757310
-0.755918
-0.754599
-0.753082
-0.751550
-0.749994
-0.748298
-0.746504
-0.744698
-0.742816
-0.740950
-0.738885
-0.736955
-0.734764
-0.732730
-0.730562
-0.728373
-0.726212
-0.723989
-0.721500
-0.719125
-0.716635
-0.714299
-0.711899
-0.709429
-0.706997
-0.704503
-0.701804
-0.699319
-0.696721
-0.694061
-0.691409
-0.688699
-0.686002
-0.683254
-0.680733
-0.678043
-0.675213
-0.672307
-0.669465
-0.666611
-0.663973
-0.661217
-0.658289
-0.655398
-0.652486
-0.649540
-0.646803
-0.643979
-0.641064
-0.638205
-0.635322
-0.632419
-0.629449
-0.626518
-0.623532
-0.620458
-0.617604
-0.614509
-0.611335
-0.608240
-0.605086
-0.601986
-0.598715
-0.595509
-0.592297
-0.588902
-0.585571
-0.582223
-0.578595
-0.575182
-0.571693
-0.568087
-0.564435
-0.560915
-0.557473
-0.553629
-0.549962
-0.546202
-0.542394
-0.538512
-0.534627
-0.530710
-0.526916
-0.523083
-0.519294
-0.515356
-0.511483
-0.507528
-0.503584
-0.499671
-0.495891
-0.491942
-0.487983
-0.484003
-0.480033
-0.476145
-0.472218
-0.468184
-0.464059
-0.460103
-0.456131
-0.452237
-0.448172
-0.444140
-0.440046
-0.435768
-0.431710
-0.427717
-0.423760
-0.419737
-0.415441
-0.411126
-0.406948
-0.402694
-0.398532
-0.394254
-0.390121
-0.385816
-0.381429
-0.377202
-0.372775
-0.368421
-0.364065
-0.359728
-0.355412
-0.350781
-0.346431
-0.342114
-0.337703
-0.333358
-0.328993
-0.324414
-0.320166
-0.315670
-0.311213
-0.306932
-0.302466
-0.297794
-0.293182
-0.288871
-0.284323
-0.279764
-0.275364
-0.270894
-0.266537
-0.261985
-0.257375
-0.252797
-0.248091
-0.243471
-0.238744
-0.234111
-0.229445
-0.224608
-0.219753
-0.214905
-0.209983
-0.205004
-0.199981
-0.195005
-0.189939
-0.185103
-0.179872
-0.174566
-0.169363
-0.164193
